[33mCMake Warning at /usr/lib/x86_64-linux-gnu/cmake/CGAL/CGALConfig.cmake:92 (message):
  CGAL_DATA_DIR cannot be deduced, set the variable CGAL_DATA_DIR to set the
  default value of CGAL::data_file_path()
Call Stack (most recent call first):
  CMakeLists.txt:168 (find_package)

[0m
gmake[2]: *** [src/CMakeFiles/gz-waves1.dir/build.make:216: src/CMakeFiles/gz-waves1.dir/Utilities.cc.o] Interrupt
gmake[2]: *** [src/CMakeFiles/gz-waves1.dir/build.make:90: src/CMakeFiles/gz-waves1.dir/Convert.cc.o] Interrupt
gmake[2]: *** [src/CMakeFiles/gz-waves1.dir/build.make:258: src/CMakeFiles/gz-waves1.dir/WaveParameters.cc.o] Interrupt
gmake[2]: *** [src/CMakeFiles/gz-waves1.dir/build.make:244: src/CMakeFiles/gz-waves1.dir/WavefieldSampler.cc.o] Interrupt
gmake[2]: *** [src/CMakeFiles/gz-waves1.dir/build.make:202: src/CMakeFiles/gz-waves1.dir/TriangulatedGrid.cc.o] Interrupt
gmake[2]: *** [src/CMakeFiles/gz-waves1.dir/build.make:118: src/CMakeFiles/gz-waves1.dir/Grid.cc.o] Interrupt
gmake[2]: *** [src/CMakeFiles/gz-waves1.dir/build.make:104: src/CMakeFiles/gz-waves1.dir/Geometry.cc.o] Interrupt
gmake[2]: *** [src/CMakeFiles/gz-waves1.dir/build.make:174: src/CMakeFiles/gz-waves1.dir/Physics.cc.o] Interrupt
gmake[2]: *** [src/CMakeFiles/gz-waves1.dir/build.make:132: src/CMakeFiles/gz-waves1.dir/MeshTools.cc.o] Interrupt
gmake[2]: *** [src/CMakeFiles/gz-waves1.dir/build.make:146: src/CMakeFiles/gz-waves1.dir/OceanTile.cc.o] Interrupt
gmake[2]: *** [test/gtest_vendor/CMakeFiles/gtest.dir/build.make:76: test/gtest_vendor/CMakeFiles/gtest.dir/src/gtest-all.cc.o] Interrupt
gmake[1]: *** [CMakeFiles/Makefile2:1861: test/gtest_vendor/CMakeFiles/gtest.dir/all] Interrupt
gmake[2]: *** [src/CMakeFiles/gz-waves1.dir/build.make:230: src/CMakeFiles/gz-waves1.dir/Wavefield.cc.o] Interrupt
gmake[1]: *** [CMakeFiles/Makefile2:1287: src/CMakeFiles/gz-waves1.dir/all] Interrupt
gmake: *** [Makefile:166: all] Interrupt
