running develop
Removing /home/blueboat_sitl/gz_ws/install/lib/python3.10/site-packages/blueboat-autonomy.egg-link (link to .)
running egg_info
writing ../../build/blueboat_autonomy/blueboat_autonomy.egg-info/PKG-INFO
writing dependency_links to ../../build/blueboat_autonomy/blueboat_autonomy.egg-info/dependency_links.txt
writing entry points to ../../build/blueboat_autonomy/blueboat_autonomy.egg-info/entry_points.txt
writing requirements to ../../build/blueboat_autonomy/blueboat_autonomy.egg-info/requires.txt
writing top-level names to ../../build/blueboat_autonomy/blueboat_autonomy.egg-info/top_level.txt
reading manifest file '../../build/blueboat_autonomy/blueboat_autonomy.egg-info/SOURCES.txt'
writing manifest file '../../build/blueboat_autonomy/blueboat_autonomy.egg-info/SOURCES.txt'
running build
running build_py
creating /home/blueboat_sitl/gz_ws/build/blueboat_autonomy/build
creating /home/blueboat_sitl/gz_ws/build/blueboat_autonomy/build/lib
creating /home/blueboat_sitl/gz_ws/build/blueboat_autonomy/build/lib/blueboat_autonomy
copying blueboat_autonomy/main.py -> /home/blueboat_sitl/gz_ws/build/blueboat_autonomy/build/lib/blueboat_autonomy
copying blueboat_autonomy/__init__.py -> /home/blueboat_sitl/gz_ws/build/blueboat_autonomy/build/lib/blueboat_autonomy
creating /home/blueboat_sitl/gz_ws/build/blueboat_autonomy/build/lib/blueboat_autonomy/perception
copying blueboat_autonomy/perception/sensor_interface.py -> /home/blueboat_sitl/gz_ws/build/blueboat_autonomy/build/lib/blueboat_autonomy/perception
copying blueboat_autonomy/perception/__init__.py -> /home/blueboat_sitl/gz_ws/build/blueboat_autonomy/build/lib/blueboat_autonomy/perception
creating /home/blueboat_sitl/gz_ws/build/blueboat_autonomy/build/lib/blueboat_autonomy/mapping
copying blueboat_autonomy/mapping/__init__.py -> /home/blueboat_sitl/gz_ws/build/blueboat_autonomy/build/lib/blueboat_autonomy/mapping
copying blueboat_autonomy/mapping/local_mapper.py -> /home/blueboat_sitl/gz_ws/build/blueboat_autonomy/build/lib/blueboat_autonomy/mapping
creating /home/blueboat_sitl/gz_ws/build/blueboat_autonomy/build/lib/blueboat_autonomy/planning
copying blueboat_autonomy/planning/__init__.py -> /home/blueboat_sitl/gz_ws/build/blueboat_autonomy/build/lib/blueboat_autonomy/planning
copying blueboat_autonomy/planning/planners.py -> /home/blueboat_sitl/gz_ws/build/blueboat_autonomy/build/lib/blueboat_autonomy/planning
creating /home/blueboat_sitl/gz_ws/build/blueboat_autonomy/build/lib/blueboat_autonomy/control
copying blueboat_autonomy/control/__init__.py -> /home/blueboat_sitl/gz_ws/build/blueboat_autonomy/build/lib/blueboat_autonomy/control
copying blueboat_autonomy/control/vehicle_controller.py -> /home/blueboat_sitl/gz_ws/build/blueboat_autonomy/build/lib/blueboat_autonomy/control
creating /home/blueboat_sitl/gz_ws/build/blueboat_autonomy/build/lib/blueboat_autonomy/mission
copying blueboat_autonomy/mission/__init__.py -> /home/blueboat_sitl/gz_ws/build/blueboat_autonomy/build/lib/blueboat_autonomy/mission
copying blueboat_autonomy/mission/mission_controller.py -> /home/blueboat_sitl/gz_ws/build/blueboat_autonomy/build/lib/blueboat_autonomy/mission
running install
running install_lib
creating /home/blueboat_sitl/gz_ws/install/lib/python3.10/site-packages/blueboat_autonomy
copying /home/blueboat_sitl/gz_ws/build/blueboat_autonomy/build/lib/blueboat_autonomy/main.py -> /home/blueboat_sitl/gz_ws/install/lib/python3.10/site-packages/blueboat_autonomy
copying /home/blueboat_sitl/gz_ws/build/blueboat_autonomy/build/lib/blueboat_autonomy/__init__.py -> /home/blueboat_sitl/gz_ws/install/lib/python3.10/site-packages/blueboat_autonomy
creating /home/blueboat_sitl/gz_ws/install/lib/python3.10/site-packages/blueboat_autonomy/perception
copying /home/blueboat_sitl/gz_ws/build/blueboat_autonomy/build/lib/blueboat_autonomy/perception/sensor_interface.py -> /home/blueboat_sitl/gz_ws/install/lib/python3.10/site-packages/blueboat_autonomy/perception
copying /home/blueboat_sitl/gz_ws/build/blueboat_autonomy/build/lib/blueboat_autonomy/perception/__init__.py -> /home/blueboat_sitl/gz_ws/install/lib/python3.10/site-packages/blueboat_autonomy/perception
creating /home/blueboat_sitl/gz_ws/install/lib/python3.10/site-packages/blueboat_autonomy/mapping
copying /home/blueboat_sitl/gz_ws/build/blueboat_autonomy/build/lib/blueboat_autonomy/mapping/__init__.py -> /home/blueboat_sitl/gz_ws/install/lib/python3.10/site-packages/blueboat_autonomy/mapping
copying /home/blueboat_sitl/gz_ws/build/blueboat_autonomy/build/lib/blueboat_autonomy/mapping/local_mapper.py -> /home/blueboat_sitl/gz_ws/install/lib/python3.10/site-packages/blueboat_autonomy/mapping
creating /home/blueboat_sitl/gz_ws/install/lib/python3.10/site-packages/blueboat_autonomy/mission
copying /home/blueboat_sitl/gz_ws/build/blueboat_autonomy/build/lib/blueboat_autonomy/mission/__init__.py -> /home/blueboat_sitl/gz_ws/install/lib/python3.10/site-packages/blueboat_autonomy/mission
copying /home/blueboat_sitl/gz_ws/build/blueboat_autonomy/build/lib/blueboat_autonomy/mission/mission_controller.py -> /home/blueboat_sitl/gz_ws/install/lib/python3.10/site-packages/blueboat_autonomy/mission
creating /home/blueboat_sitl/gz_ws/install/lib/python3.10/site-packages/blueboat_autonomy/control
copying /home/blueboat_sitl/gz_ws/build/blueboat_autonomy/build/lib/blueboat_autonomy/control/__init__.py -> /home/blueboat_sitl/gz_ws/install/lib/python3.10/site-packages/blueboat_autonomy/control
copying /home/blueboat_sitl/gz_ws/build/blueboat_autonomy/build/lib/blueboat_autonomy/control/vehicle_controller.py -> /home/blueboat_sitl/gz_ws/install/lib/python3.10/site-packages/blueboat_autonomy/control
creating /home/blueboat_sitl/gz_ws/install/lib/python3.10/site-packages/blueboat_autonomy/planning
copying /home/blueboat_sitl/gz_ws/build/blueboat_autonomy/build/lib/blueboat_autonomy/planning/__init__.py -> /home/blueboat_sitl/gz_ws/install/lib/python3.10/site-packages/blueboat_autonomy/planning
copying /home/blueboat_sitl/gz_ws/build/blueboat_autonomy/build/lib/blueboat_autonomy/planning/planners.py -> /home/blueboat_sitl/gz_ws/install/lib/python3.10/site-packages/blueboat_autonomy/planning
byte-compiling /home/blueboat_sitl/gz_ws/install/lib/python3.10/site-packages/blueboat_autonomy/main.py to main.cpython-310.pyc
byte-compiling /home/blueboat_sitl/gz_ws/install/lib/python3.10/site-packages/blueboat_autonomy/__init__.py to __init__.cpython-310.pyc
byte-compiling /home/blueboat_sitl/gz_ws/install/lib/python3.10/site-packages/blueboat_autonomy/perception/sensor_interface.py to sensor_interface.cpython-310.pyc
byte-compiling /home/blueboat_sitl/gz_ws/install/lib/python3.10/site-packages/blueboat_autonomy/perception/__init__.py to __init__.cpython-310.pyc
byte-compiling /home/blueboat_sitl/gz_ws/install/lib/python3.10/site-packages/blueboat_autonomy/mapping/__init__.py to __init__.cpython-310.pyc
byte-compiling /home/blueboat_sitl/gz_ws/install/lib/python3.10/site-packages/blueboat_autonomy/mapping/local_mapper.py to local_mapper.cpython-310.pyc
byte-compiling /home/blueboat_sitl/gz_ws/install/lib/python3.10/site-packages/blueboat_autonomy/mission/__init__.py to __init__.cpython-310.pyc
byte-compiling /home/blueboat_sitl/gz_ws/install/lib/python3.10/site-packages/blueboat_autonomy/mission/mission_controller.py to mission_controller.cpython-310.pyc
byte-compiling /home/blueboat_sitl/gz_ws/install/lib/python3.10/site-packages/blueboat_autonomy/control/__init__.py to __init__.cpython-310.pyc
byte-compiling /home/blueboat_sitl/gz_ws/install/lib/python3.10/site-packages/blueboat_autonomy/control/vehicle_controller.py to vehicle_controller.cpython-310.pyc
byte-compiling /home/blueboat_sitl/gz_ws/install/lib/python3.10/site-packages/blueboat_autonomy/planning/__init__.py to __init__.cpython-310.pyc
byte-compiling /home/blueboat_sitl/gz_ws/install/lib/python3.10/site-packages/blueboat_autonomy/planning/planners.py to planners.cpython-310.pyc
running install_data
copying resource/blueboat_autonomy -> /home/blueboat_sitl/gz_ws/install/share/ament_index/resource_index/packages
copying package.xml -> /home/blueboat_sitl/gz_ws/install/share/blueboat_autonomy
copying launch/autonomy.launch.py -> /home/blueboat_sitl/gz_ws/install/share/blueboat_autonomy/launch
running install_egg_info
Copying ../../build/blueboat_autonomy/blueboat_autonomy.egg-info to /home/blueboat_sitl/gz_ws/install/lib/python3.10/site-packages/blueboat_autonomy-0.0.0-py3.10.egg-info
running install_scripts
Installing autonomy_node script to /home/blueboat_sitl/gz_ws/install/bin
writing list of installed files to '/home/blueboat_sitl/gz_ws/build/blueboat_autonomy/install.log'
