[0.418s] Invoking command in '/home/blueboat_sitl/gz_ws/build/blueboat_autonomy': PYTHONPATH=/home/blueboat_sitl/gz_ws/build/blueboat_autonomy/prefix_override:/usr/lib/python3/dist-packages/colcon_core/task/python/colcon_distutils_commands:/home/blueboat_sitl/gz_ws/install/lib/python3.10/site-packages:${PYTHONPATH} /usr/bin/python3 -W ignore:setup.py install is deprecated -W ignore:easy_install command is deprecated setup.py develop --uninstall --editable --build-directory /home/blueboat_sitl/gz_ws/build/blueboat_autonomy/build
[0.609s] running develop
[0.700s] Removing /home/blueboat_sitl/gz_ws/install/lib/python3.10/site-packages/blueboat-autonomy.egg-link (link to .)
[0.717s] Invoked command in '/home/blueboat_sitl/gz_ws/build/blueboat_autonomy' returned '0': PYTHONPATH=/home/blueboat_sitl/gz_ws/build/blueboat_autonomy/prefix_override:/usr/lib/python3/dist-packages/colcon_core/task/python/colcon_distutils_commands:/home/blueboat_sitl/gz_ws/install/lib/python3.10/site-packages:${PYTHONPATH} /usr/bin/python3 -W ignore:setup.py install is deprecated -W ignore:easy_install command is deprecated setup.py develop --uninstall --editable --build-directory /home/blueboat_sitl/gz_ws/build/blueboat_autonomy/build
[0.718s] Invoking command in '/home/blueboat_sitl/gz_ws/src/blueboat_autonomy': PYTHONPATH=/home/blueboat_sitl/gz_ws/build/blueboat_autonomy/prefix_override:/usr/lib/python3/dist-packages/colcon_core/task/python/colcon_distutils_commands:/home/blueboat_sitl/gz_ws/install/lib/python3.10/site-packages:${PYTHONPATH} /usr/bin/python3 -W ignore:setup.py install is deprecated -W ignore:easy_install command is deprecated setup.py egg_info --egg-base ../../build/blueboat_autonomy build --build-base /home/blueboat_sitl/gz_ws/build/blueboat_autonomy/build install --record /home/blueboat_sitl/gz_ws/build/blueboat_autonomy/install.log --single-version-externally-managed install_data --force
[0.873s] running egg_info
[0.873s] writing ../../build/blueboat_autonomy/blueboat_autonomy.egg-info/PKG-INFO
[0.874s] writing dependency_links to ../../build/blueboat_autonomy/blueboat_autonomy.egg-info/dependency_links.txt
[0.874s] writing entry points to ../../build/blueboat_autonomy/blueboat_autonomy.egg-info/entry_points.txt
[0.874s] writing requirements to ../../build/blueboat_autonomy/blueboat_autonomy.egg-info/requires.txt
[0.874s] writing top-level names to ../../build/blueboat_autonomy/blueboat_autonomy.egg-info/top_level.txt
[0.875s] reading manifest file '../../build/blueboat_autonomy/blueboat_autonomy.egg-info/SOURCES.txt'
[0.876s] writing manifest file '../../build/blueboat_autonomy/blueboat_autonomy.egg-info/SOURCES.txt'
[0.876s] running build
[0.876s] running build_py
[0.876s] creating /home/blueboat_sitl/gz_ws/build/blueboat_autonomy/build
[0.876s] creating /home/blueboat_sitl/gz_ws/build/blueboat_autonomy/build/lib
[0.876s] creating /home/blueboat_sitl/gz_ws/build/blueboat_autonomy/build/lib/blueboat_autonomy
[0.876s] copying blueboat_autonomy/main.py -> /home/blueboat_sitl/gz_ws/build/blueboat_autonomy/build/lib/blueboat_autonomy
[0.876s] copying blueboat_autonomy/__init__.py -> /home/blueboat_sitl/gz_ws/build/blueboat_autonomy/build/lib/blueboat_autonomy
[0.876s] creating /home/blueboat_sitl/gz_ws/build/blueboat_autonomy/build/lib/blueboat_autonomy/perception
[0.876s] copying blueboat_autonomy/perception/sensor_interface.py -> /home/blueboat_sitl/gz_ws/build/blueboat_autonomy/build/lib/blueboat_autonomy/perception
[0.876s] copying blueboat_autonomy/perception/__init__.py -> /home/blueboat_sitl/gz_ws/build/blueboat_autonomy/build/lib/blueboat_autonomy/perception
[0.876s] creating /home/blueboat_sitl/gz_ws/build/blueboat_autonomy/build/lib/blueboat_autonomy/mapping
[0.877s] copying blueboat_autonomy/mapping/__init__.py -> /home/blueboat_sitl/gz_ws/build/blueboat_autonomy/build/lib/blueboat_autonomy/mapping
[0.877s] copying blueboat_autonomy/mapping/local_mapper.py -> /home/blueboat_sitl/gz_ws/build/blueboat_autonomy/build/lib/blueboat_autonomy/mapping
[0.877s] creating /home/blueboat_sitl/gz_ws/build/blueboat_autonomy/build/lib/blueboat_autonomy/planning
[0.877s] copying blueboat_autonomy/planning/__init__.py -> /home/blueboat_sitl/gz_ws/build/blueboat_autonomy/build/lib/blueboat_autonomy/planning
[0.877s] copying blueboat_autonomy/planning/planners.py -> /home/blueboat_sitl/gz_ws/build/blueboat_autonomy/build/lib/blueboat_autonomy/planning
[0.877s] creating /home/blueboat_sitl/gz_ws/build/blueboat_autonomy/build/lib/blueboat_autonomy/control
[0.877s] copying blueboat_autonomy/control/__init__.py -> /home/blueboat_sitl/gz_ws/build/blueboat_autonomy/build/lib/blueboat_autonomy/control
[0.877s] copying blueboat_autonomy/control/vehicle_controller.py -> /home/blueboat_sitl/gz_ws/build/blueboat_autonomy/build/lib/blueboat_autonomy/control
[0.877s] creating /home/blueboat_sitl/gz_ws/build/blueboat_autonomy/build/lib/blueboat_autonomy/mission
[0.877s] copying blueboat_autonomy/mission/__init__.py -> /home/blueboat_sitl/gz_ws/build/blueboat_autonomy/build/lib/blueboat_autonomy/mission
[0.877s] copying blueboat_autonomy/mission/mission_controller.py -> /home/blueboat_sitl/gz_ws/build/blueboat_autonomy/build/lib/blueboat_autonomy/mission
[0.877s] running install
[0.877s] running install_lib
[0.878s] creating /home/blueboat_sitl/gz_ws/install/lib/python3.10/site-packages/blueboat_autonomy
[0.878s] copying /home/blueboat_sitl/gz_ws/build/blueboat_autonomy/build/lib/blueboat_autonomy/main.py -> /home/blueboat_sitl/gz_ws/install/lib/python3.10/site-packages/blueboat_autonomy
[0.878s] copying /home/blueboat_sitl/gz_ws/build/blueboat_autonomy/build/lib/blueboat_autonomy/__init__.py -> /home/blueboat_sitl/gz_ws/install/lib/python3.10/site-packages/blueboat_autonomy
[0.878s] creating /home/blueboat_sitl/gz_ws/install/lib/python3.10/site-packages/blueboat_autonomy/perception
[0.878s] copying /home/blueboat_sitl/gz_ws/build/blueboat_autonomy/build/lib/blueboat_autonomy/perception/sensor_interface.py -> /home/blueboat_sitl/gz_ws/install/lib/python3.10/site-packages/blueboat_autonomy/perception
[0.878s] copying /home/blueboat_sitl/gz_ws/build/blueboat_autonomy/build/lib/blueboat_autonomy/perception/__init__.py -> /home/blueboat_sitl/gz_ws/install/lib/python3.10/site-packages/blueboat_autonomy/perception
[0.878s] creating /home/blueboat_sitl/gz_ws/install/lib/python3.10/site-packages/blueboat_autonomy/mapping
[0.878s] copying /home/blueboat_sitl/gz_ws/build/blueboat_autonomy/build/lib/blueboat_autonomy/mapping/__init__.py -> /home/blueboat_sitl/gz_ws/install/lib/python3.10/site-packages/blueboat_autonomy/mapping
[0.878s] copying /home/blueboat_sitl/gz_ws/build/blueboat_autonomy/build/lib/blueboat_autonomy/mapping/local_mapper.py -> /home/blueboat_sitl/gz_ws/install/lib/python3.10/site-packages/blueboat_autonomy/mapping
[0.878s] creating /home/blueboat_sitl/gz_ws/install/lib/python3.10/site-packages/blueboat_autonomy/mission
[0.878s] copying /home/blueboat_sitl/gz_ws/build/blueboat_autonomy/build/lib/blueboat_autonomy/mission/__init__.py -> /home/blueboat_sitl/gz_ws/install/lib/python3.10/site-packages/blueboat_autonomy/mission
[0.878s] copying /home/blueboat_sitl/gz_ws/build/blueboat_autonomy/build/lib/blueboat_autonomy/mission/mission_controller.py -> /home/blueboat_sitl/gz_ws/install/lib/python3.10/site-packages/blueboat_autonomy/mission
[0.878s] creating /home/blueboat_sitl/gz_ws/install/lib/python3.10/site-packages/blueboat_autonomy/control
[0.879s] copying /home/blueboat_sitl/gz_ws/build/blueboat_autonomy/build/lib/blueboat_autonomy/control/__init__.py -> /home/blueboat_sitl/gz_ws/install/lib/python3.10/site-packages/blueboat_autonomy/control
[0.879s] copying /home/blueboat_sitl/gz_ws/build/blueboat_autonomy/build/lib/blueboat_autonomy/control/vehicle_controller.py -> /home/blueboat_sitl/gz_ws/install/lib/python3.10/site-packages/blueboat_autonomy/control
[0.879s] creating /home/blueboat_sitl/gz_ws/install/lib/python3.10/site-packages/blueboat_autonomy/planning
[0.879s] copying /home/blueboat_sitl/gz_ws/build/blueboat_autonomy/build/lib/blueboat_autonomy/planning/__init__.py -> /home/blueboat_sitl/gz_ws/install/lib/python3.10/site-packages/blueboat_autonomy/planning
[0.879s] copying /home/blueboat_sitl/gz_ws/build/blueboat_autonomy/build/lib/blueboat_autonomy/planning/planners.py -> /home/blueboat_sitl/gz_ws/install/lib/python3.10/site-packages/blueboat_autonomy/planning
[0.879s] byte-compiling /home/blueboat_sitl/gz_ws/install/lib/python3.10/site-packages/blueboat_autonomy/main.py to main.cpython-310.pyc
[0.880s] byte-compiling /home/blueboat_sitl/gz_ws/install/lib/python3.10/site-packages/blueboat_autonomy/__init__.py to __init__.cpython-310.pyc
[0.880s] byte-compiling /home/blueboat_sitl/gz_ws/install/lib/python3.10/site-packages/blueboat_autonomy/perception/sensor_interface.py to sensor_interface.cpython-310.pyc
[0.880s] byte-compiling /home/blueboat_sitl/gz_ws/install/lib/python3.10/site-packages/blueboat_autonomy/perception/__init__.py to __init__.cpython-310.pyc
[0.880s] byte-compiling /home/blueboat_sitl/gz_ws/install/lib/python3.10/site-packages/blueboat_autonomy/mapping/__init__.py to __init__.cpython-310.pyc
[0.880s] byte-compiling /home/blueboat_sitl/gz_ws/install/lib/python3.10/site-packages/blueboat_autonomy/mapping/local_mapper.py to local_mapper.cpython-310.pyc
[0.881s] byte-compiling /home/blueboat_sitl/gz_ws/install/lib/python3.10/site-packages/blueboat_autonomy/mission/__init__.py to __init__.cpython-310.pyc
[0.881s] byte-compiling /home/blueboat_sitl/gz_ws/install/lib/python3.10/site-packages/blueboat_autonomy/mission/mission_controller.py to mission_controller.cpython-310.pyc
[0.881s] byte-compiling /home/blueboat_sitl/gz_ws/install/lib/python3.10/site-packages/blueboat_autonomy/control/__init__.py to __init__.cpython-310.pyc
[0.881s] byte-compiling /home/blueboat_sitl/gz_ws/install/lib/python3.10/site-packages/blueboat_autonomy/control/vehicle_controller.py to vehicle_controller.cpython-310.pyc
[0.881s] byte-compiling /home/blueboat_sitl/gz_ws/install/lib/python3.10/site-packages/blueboat_autonomy/planning/__init__.py to __init__.cpython-310.pyc
[0.881s] byte-compiling /home/blueboat_sitl/gz_ws/install/lib/python3.10/site-packages/blueboat_autonomy/planning/planners.py to planners.cpython-310.pyc
[0.882s] running install_data
[0.882s] copying resource/blueboat_autonomy -> /home/blueboat_sitl/gz_ws/install/share/ament_index/resource_index/packages
[0.882s] copying package.xml -> /home/blueboat_sitl/gz_ws/install/share/blueboat_autonomy
[0.882s] copying launch/autonomy.launch.py -> /home/blueboat_sitl/gz_ws/install/share/blueboat_autonomy/launch
[0.882s] running install_egg_info
[0.883s] Copying ../../build/blueboat_autonomy/blueboat_autonomy.egg-info to /home/blueboat_sitl/gz_ws/install/lib/python3.10/site-packages/blueboat_autonomy-0.0.0-py3.10.egg-info
[0.884s] running install_scripts
[0.897s] Installing autonomy_node script to /home/blueboat_sitl/gz_ws/install/bin
[0.897s] writing list of installed files to '/home/blueboat_sitl/gz_ws/build/blueboat_autonomy/install.log'
[0.913s] Invoked command in '/home/blueboat_sitl/gz_ws/src/blueboat_autonomy' returned '0': PYTHONPATH=/home/blueboat_sitl/gz_ws/build/blueboat_autonomy/prefix_override:/usr/lib/python3/dist-packages/colcon_core/task/python/colcon_distutils_commands:/home/blueboat_sitl/gz_ws/install/lib/python3.10/site-packages:${PYTHONPATH} /usr/bin/python3 -W ignore:setup.py install is deprecated -W ignore:easy_install command is deprecated setup.py egg_info --egg-base ../../build/blueboat_autonomy build --build-base /home/blueboat_sitl/gz_ws/build/blueboat_autonomy/build install --record /home/blueboat_sitl/gz_ws/build/blueboat_autonomy/install.log --single-version-externally-managed install_data --force
