[35m[1mConsolidate compiler generated dependencies of target gz-waves1[0m
[  1%] [32mBuilding CXX object test/gtest_vendor/CMakeFiles/gtest.dir/src/gtest-all.cc.o[0m
[  3%] [32mBuilding CXX object src/CMakeFiles/gz-waves1.dir/Convert.cc.o[0m
[  3%] [32mBuilding CXX object src/CMakeFiles/gz-waves1.dir/Grid.cc.o[0m
[  4%] [32mBuilding CXX object src/CMakeFiles/gz-waves1.dir/Geometry.cc.o[0m
[  4%] [32mBuilding CXX object src/CMakeFiles/gz-waves1.dir/MeshTools.cc.o[0m
[  5%] [32mBuilding CXX object src/CMakeFiles/gz-waves1.dir/Physics.cc.o[0m
[  6%] [32mBuilding CXX object src/CMakeFiles/gz-waves1.dir/TriangulatedGrid.cc.o[0m
[  7%] [32mBuilding CXX object src/CMakeFiles/gz-waves1.dir/Utilities.cc.o[0m
[  8%] [32mBuilding CXX object src/CMakeFiles/gz-waves1.dir/Wavefield.cc.o[0m
[ 10%] [32mBuilding CXX object src/CMakeFiles/gz-waves1.dir/OceanTile.cc.o[0m
[ 10%] [32mBuilding CXX object src/CMakeFiles/gz-waves1.dir/WavefieldSampler.cc.o[0m
[ 11%] [32mBuilding CXX object src/CMakeFiles/gz-waves1.dir/WaveParameters.cc.o[0m
[ 12%] [32mBuilding CXX object src/CMakeFiles/gz-waves1.dir/WaveSimulation.cc.o[0m
[ 12%] [32mBuilding CXX object src/CMakeFiles/gz-waves1.dir/LinearRandomFFTWaveSimulation.cc.o[0m
[ 13%] [32mBuilding CXX object src/CMakeFiles/gz-waves1.dir/LinearRandomFFTWaveSimulationRef.cc.o[0m
[ 15%] [32mBuilding CXX object src/CMakeFiles/gz-waves1.dir/LinearRandomWaveSimulation.cc.o[0m
[ 16%] [32mBuilding CXX object src/CMakeFiles/gz-waves1.dir/LinearRegularWaveSimulation.cc.o[0m
[ 17%] [32mBuilding CXX object src/CMakeFiles/gz-waves1.dir/TrochoidIrregularWaveSimulation.cc.o[0m
[ 18%] [32mBuilding CXX object src/CMakeFiles/gz-waves1.dir/WaveSpectrum.cc.o[0m
[ 19%] [32mBuilding CXX object src/CMakeFiles/gz-waves1.dir/WaveSpreadingFunction.cc.o[0m
[ 20%] [32m[1mLinking CXX static library ../../lib/libgtest.a[0m
[ 20%] Built target gtest
[ 21%] [32mBuilding CXX object test/gtest_vendor/CMakeFiles/gtest_main.dir/src/gtest_main.cc.o[0m
[ 22%] [32m[1mLinking CXX static library ../../lib/libgtest_main.a[0m
[ 22%] Built target gtest_main
[ 23%] [32m[1mLinking CXX shared library ../lib/libgz-waves1.so[0m
[ 26%] Built target gz-waves1
[ 31%] [32mBuilding CXX object src/CMakeFiles/UNIT_Algorithm_TEST.dir/Algorithm_TEST.cc.o[0m
[ 31%] [32mBuilding CXX object src/CMakeFiles/UNIT_CGAL_TEST.dir/CGAL_TEST.cc.o[0m
[ 34%] [32mBuilding CXX object src/CMakeFiles/UNIT_MeshTools_TEST.dir/MeshTools_TEST.cc.o[0m
[ 34%] [32mBuilding CXX object src/CMakeFiles/UNIT_TriangulatedGrid_TEST.dir/TriangulatedGrid_TEST.cc.o[0m
[ 34%] [32mBuilding CXX object src/CMakeFiles/UNIT_EigenFFTW_TEST.dir/EigenFFTW_TEST.cc.o[0m
[ 31%] [32mBuilding CXX object src/CMakeFiles/UNIT_LinearRegularWaveSimulation_TEST.dir/LinearRegularWaveSimulation_TEST.cc.o[0m
[ 34%] [32mBuilding CXX object src/CMakeFiles/UNIT_Grid_TEST.dir/Grid_TEST.cc.o[0m
[ 34%] [32mBuilding CXX object src/CMakeFiles/UNIT_Geometry_TEST.dir/Geometry_TEST.cc.o[0m
[ 36%] [32mBuilding CXX object src/CMakeFiles/UNIT_Wavefield_TEST.dir/Wavefield_TEST.cc.o[0m
[ 37%] [32mBuilding CXX object src/CMakeFiles/UNIT_WaveSpectrum_TEST.dir/WaveSpectrum_TEST.cc.o[0m
[ 38%] [32mBuilding CXX object src/CMakeFiles/UNIT_LinearRandomFFTWaveSimulation_TEST.dir/LinearRandomFFTWaveSimulation_TEST.cc.o[0m
[ 38%] [32mBuilding CXX object src/CMakeFiles/UNIT_Physics_TEST.dir/Physics_TEST.cc.o[0m
[ 38%] [32m[1mLinking CXX executable ../bin/UNIT_Algorithm_TEST[0m
[ 38%] Built target UNIT_Algorithm_TEST
[ 39%] [32mBuilding CXX object src/CMakeFiles/UNIT_WaveSpreadingFunction_TEST.dir/WaveSpreadingFunction_TEST.cc.o[0m
[ 40%] [32m[1mLinking CXX executable ../bin/UNIT_EigenFFTW_TEST[0m
[ 40%] Built target UNIT_EigenFFTW_TEST
[ 41%] [32mBuilding CXX object src/systems/dynamic/CMakeFiles/gz-waves1-dynamic-geometry-system.dir/DynamicGeometry.cc.o[0m
[ 43%] [32m[1mLinking CXX executable ../bin/UNIT_WaveSpectrum_TEST[0m
[ 43%] Built target UNIT_WaveSpectrum_TEST
[ 44%] [32mBuilding CXX object src/systems/hydrodynamics/CMakeFiles/gz-waves1-hydrodynamics-system.dir/Collision.cc.o[0m
[ 45%] [32m[1mLinking CXX executable ../bin/UNIT_LinearRandomFFTWaveSimulation_TEST[0m
[ 45%] Built target UNIT_LinearRandomFFTWaveSimulation_TEST
[ 45%] [32mBuilding CXX object src/systems/hydrodynamics/CMakeFiles/gz-waves1-hydrodynamics-system.dir/Hydrodynamics.cc.o[0m
[ 45%] [32m[1mLinking CXX executable ../bin/UNIT_WaveSpreadingFunction_TEST[0m
[ 45%] Built target UNIT_WaveSpreadingFunction_TEST
[ 46%] [32mBuilding CXX object src/systems/waves/CMakeFiles/gz-waves1-rendering.dir/BaseRenderEngineExtension.cc.o[0m
[ 47%] [32m[1mLinking CXX executable ../bin/UNIT_TriangulatedGrid_TEST[0m
[ 47%] Built target UNIT_TriangulatedGrid_TEST
[ 48%] [32mBuilding CXX object src/systems/waves/CMakeFiles/gz-waves1-rendering.dir/DisplacementMap.cc.o[0m
[ 49%] [32m[1mLinking CXX executable ../bin/UNIT_Grid_TEST[0m
[ 49%] Built target UNIT_Grid_TEST
[ 50%] [32mBuilding CXX object src/systems/waves/CMakeFiles/gz-waves1-rendering.dir/OceanGeometry.cc.o[0m
[ 51%] [32mBuilding CXX object src/systems/waves/CMakeFiles/gz-waves1-waves-model-system.dir/WavesModel.cc.o[0m
[ 52%] [32m[1mLinking CXX executable ../bin/UNIT_Wavefield_TEST[0m
[ 53%] [32mBuilding CXX object test/performance/CMakeFiles/PERFORMANCE_EigenReturnByValue.dir/EigenReturnByValue.cc.o[0m
[ 53%] Built target UNIT_Wavefield_TEST
[ 54%] [32mBuilding CXX object src/systems/waves/CMakeFiles/gz-waves1-rendering.dir/OceanVisual.cc.o[0m
[ 55%] [32m[1mLinking CXX executable ../bin/UNIT_Geometry_TEST[0m
[ 56%] [32m[1mLinking CXX executable ../../bin/PERFORMANCE_EigenReturnByValue[0m
[ 58%] [32mBuilding CXX object src/systems/waves/CMakeFiles/gz-waves1-rendering.dir/RenderEngineExtension.cc.o[0m
[ 58%] Built target PERFORMANCE_EigenReturnByValue
[ 59%] [32mBuilding CXX object src/systems/waves/CMakeFiles/gz-waves1-rendering.dir/RenderEngineExtensionManager.cc.o[0m
[ 59%] Built target UNIT_Geometry_TEST
[ 60%] [32mBuilding CXX object src/systems/waves/CMakeFiles/gz-waves1-rendering.dir/RenderEngineExtensionPlugin.cc.o[0m
[ 61%] [32mBuilding CXX object test/performance/CMakeFiles/PERFORMANCE_LinearRandomFFTWaveSimBaseAmplitudes.dir/LinearRandomFFTWaveSimBaseAmplitudes.cc.o[0m
[ 61%] [32m[1mLinking CXX executable ../../bin/PERFORMANCE_LinearRandomFFTWaveSimBaseAmplitudes[0m
[ 62%] [32m[1mLinking CXX executable ../bin/UNIT_LinearRegularWaveSimulation_TEST[0m
[ 62%] Built target PERFORMANCE_LinearRandomFFTWaveSimBaseAmplitudes
[ 63%] [32mBuilding CXX object test/performance/CMakeFiles/PERFORMANCE_LinearRandomFFTWaveSimCurrentAmplitudes.dir/LinearRandomFFTWaveSimCurrentAmplitudes.cc.o[0m
[ 63%] Built target UNIT_LinearRegularWaveSimulation_TEST
[ 64%] [32mBuilding CXX object src/systems/waves/CMakeFiles/gz-waves1-rendering.dir/SceneNodeFactory.cc.o[0m
[ 65%] [32m[1mLinking CXX executable ../bin/UNIT_MeshTools_TEST[0m
[ 65%] Built target UNIT_MeshTools_TEST
[ 66%] [32mBuilding CXX object test/performance/CMakeFiles/PERFORMANCE_LinearRandomFFTWaveSimDisplacements.dir/LinearRandomFFTWaveSimDisplacements.cc.o[0m
[ 67%] [32m[1mLinking CXX executable ../bin/UNIT_Physics_TEST[0m
[ 67%] Built target UNIT_Physics_TEST
[ 68%] [32mBuilding CXX object test/performance/CMakeFiles/PERFORMANCE_LinearRandomFFTWaveSimElevationAt.dir/LinearRandomFFTWaveSimElevationAt.cc.o[0m
[ 69%] [32m[1mLinking CXX executable ../../bin/PERFORMANCE_LinearRandomFFTWaveSimCurrentAmplitudes[0m
[ 69%] Built target PERFORMANCE_LinearRandomFFTWaveSimCurrentAmplitudes
[ 70%] [32mBuilding CXX object test/performance/CMakeFiles/PERFORMANCE_LinearRegularWaveSimDisplacements.dir/LinearRegularWaveSimDisplacements.cc.o[0m
[ 72%] [32m[1mLinking CXX executable ../../bin/PERFORMANCE_LinearRandomFFTWaveSimDisplacements[0m
[ 72%] Built target PERFORMANCE_LinearRandomFFTWaveSimDisplacements
[ 73%] [32mBuilding CXX object test/performance/CMakeFiles/PERFORMANCE_WaveSpectrumECKV.dir/WaveSpectrumECKV.cc.o[0m
[ 74%] [32m[1mLinking CXX executable ../../bin/PERFORMANCE_LinearRandomFFTWaveSimElevationAt[0m
[ 74%] Built target PERFORMANCE_LinearRandomFFTWaveSimElevationAt
[ 74%] [32mBuilding CXX object test/plots/CMakeFiles/PLOT_GnuPlotExample.dir/PLOT_GnuPlotExample.cc.o[0m
[ 75%] [32m[1mLinking CXX executable ../../bin/PERFORMANCE_LinearRegularWaveSimDisplacements[0m
[ 76%] [32mBuilding CXX object test/plots/CMakeFiles/PLOT_LinearRandomFFTWaves.dir/PLOT_LinearRandomFFTWaves.cc.o[0m
[ 76%] Built target PERFORMANCE_LinearRegularWaveSimDisplacements
[ 77%] [32mBuilding CXX object test/plots/CMakeFiles/PLOT_LinearRandomWaves.dir/PLOT_LinearRandomWaves.cc.o[0m
[ 78%] [32m[1mLinking CXX shared library ../../../lib/libgz-waves1-waves-model-system.so[0m
[ 79%] [32mBuilding CXX object test/plots/CMakeFiles/PLOT_LinearRegularWaves.dir/PLOT_LinearRegularWaves.cc.o[0m
[ 79%] Built target gz-waves1-waves-model-system
[ 80%] [32mBuilding CXX object test/plots/CMakeFiles/PLOT_WaveSpectrum.dir/PLOT_WaveSpectrum.cc.o[0m
[ 81%] [32m[1mLinking CXX executable ../../bin/PERFORMANCE_WaveSpectrumECKV[0m
[ 82%] [32m[1mLinking CXX executable ../../bin/PLOT_GnuPlotExample[0m
[ 82%] Built target PERFORMANCE_WaveSpectrumECKV
[ 82%] Built target PLOT_GnuPlotExample
[ 83%] [32m[1mLinking CXX executable ../../bin/PLOT_LinearRandomFFTWaves[0m
[ 84%] [32m[1mLinking CXX executable ../../bin/PLOT_LinearRandomWaves[0m
[ 84%] Built target PLOT_LinearRandomFFTWaves
[ 84%] Built target PLOT_LinearRandomWaves
[ 86%] [32m[1mLinking CXX executable ../../bin/PLOT_LinearRegularWaves[0m
[ 87%] [32m[1mLinking CXX executable ../../bin/PLOT_WaveSpectrum[0m
[ 87%] Built target PLOT_LinearRegularWaves
[ 87%] Built target PLOT_WaveSpectrum
[ 88%] [32m[1mLinking CXX shared library ../../../lib/libgz-waves1-rendering.so[0m
[ 88%] Built target gz-waves1-rendering
[ 89%] [32mBuilding CXX object src/systems/waves/CMakeFiles/gz-waves1-rendering-ogre2.dir/Ogre2DisplacementMap.cc.o[0m
[ 91%] [32mBuilding CXX object src/systems/waves/CMakeFiles/gz-waves1-rendering-ogre2.dir/Ogre2OceanGeometry.cc.o[0m
[ 91%] [32mBuilding CXX object src/systems/waves/CMakeFiles/gz-waves1-waves-visual-system.dir/WavesVisual.cc.o[0m
[ 91%] [32mBuilding CXX object src/systems/waves/CMakeFiles/gz-waves1-rendering-ogre2.dir/Ogre2DynamicMesh.cc.o[0m
[ 93%] [32mBuilding CXX object src/systems/waves/CMakeFiles/gz-waves1-rendering-ogre2.dir/Ogre2OceanVisual.cc.o[0m
[ 93%] [32mBuilding CXX object src/systems/waves/CMakeFiles/gz-waves1-rendering-ogre2.dir/Ogre2RenderEngineExtension.cc.o[0m
[ 94%] [32mBuilding CXX object src/systems/waves/CMakeFiles/gz-waves1-rendering-ogre2.dir/Ogre2SceneNodeFactory.cc.o[0m
[ 95%] [32m[1mLinking CXX shared library ../../../lib/libgz-waves1-dynamic-geometry-system.so[0m
[ 95%] Built target gz-waves1-dynamic-geometry-system
[ 96%] [32m[1mLinking CXX shared library ../../../lib/libgz-waves1-hydrodynamics-system.so[0m
[ 96%] Built target gz-waves1-hydrodynamics-system
[ 97%] [32m[1mLinking CXX executable ../bin/UNIT_CGAL_TEST[0m
[ 97%] Built target UNIT_CGAL_TEST
[ 98%] [32m[1mLinking CXX shared library ../../../lib/libgz-waves1-waves-visual-system.so[0m
[ 98%] Built target gz-waves1-waves-visual-system
[100%] [32m[1mLinking CXX shared library ../../../lib/libgz-waves1-rendering-ogre2.so[0m
[100%] Built target gz-waves1-rendering-ogre2
-- Install configuration: "RelWithDebInfo"
-- Installing: /home/blueboat_sitl/gz_ws/install/lib/cmake/gz-waves1-all/gz-waves1-all-config.cmake
-- Installing: /home/blueboat_sitl/gz_ws/install/lib/cmake/gz-waves1-all/gz-waves1-all-config-version.cmake
-- Installing: /home/blueboat_sitl/gz_ws/install/lib/cmake/gz-waves1-all/gz-waves1-all-targets.cmake
-- Installing: /home/blueboat_sitl/gz_ws/install/include/gz/waves1/gz/waves/detail/Export.hh
-- Installing: /home/blueboat_sitl/gz_ws/install/include/gz/waves1/gz/waves/Export.hh
-- Installing: /home/blueboat_sitl/gz_ws/install/lib/libgz-waves1.so.1.0.0
-- Installing: /home/blueboat_sitl/gz_ws/install/lib/libgz-waves1.so.1
-- Installing: /home/blueboat_sitl/gz_ws/install/lib/libgz-waves1.so
-- Installing: /home/blueboat_sitl/gz_ws/install/lib/cmake/gz-waves1/gz-waves1-config.cmake
-- Installing: /home/blueboat_sitl/gz_ws/install/lib/cmake/gz-waves1/gz-waves1-config-version.cmake
-- Installing: /home/blueboat_sitl/gz_ws/install/lib/cmake/gz-waves1/gz-waves1-targets.cmake
-- Installing: /home/blueboat_sitl/gz_ws/install/lib/cmake/gz-waves1/gz-waves1-targets-relwithdebinfo.cmake
-- Installing: /home/blueboat_sitl/gz_ws/install/lib/pkgconfig/gz-waves1.pc
-- Installing: /home/blueboat_sitl/gz_ws/install/include/gz/waves1/gz/waves/dynamic-geometry-system/detail/Export.hh
-- Installing: /home/blueboat_sitl/gz_ws/install/include/gz/waves1/gz/waves/dynamic-geometry-system/Export.hh
-- Installing: /home/blueboat_sitl/gz_ws/install/lib/libgz-waves1-dynamic-geometry-system.so.1.0.0
-- Installing: /home/blueboat_sitl/gz_ws/install/lib/libgz-waves1-dynamic-geometry-system.so.1
-- Set runtime path of "/home/blueboat_sitl/gz_ws/install/lib/libgz-waves1-dynamic-geometry-system.so.1.0.0" to ""
-- Installing: /home/blueboat_sitl/gz_ws/install/lib/libgz-waves1-dynamic-geometry-system.so
-- Installing: /home/blueboat_sitl/gz_ws/install/lib/cmake/gz-waves1-dynamic-geometry-system/gz-waves1-dynamic-geometry-system-config.cmake
-- Installing: /home/blueboat_sitl/gz_ws/install/lib/cmake/gz-waves1-dynamic-geometry-system/gz-waves1-dynamic-geometry-system-config-version.cmake
-- Installing: /home/blueboat_sitl/gz_ws/install/lib/cmake/gz-waves1-dynamic-geometry-system/gz-waves1-dynamic-geometry-system-targets.cmake
-- Installing: /home/blueboat_sitl/gz_ws/install/lib/cmake/gz-waves1-dynamic-geometry-system/gz-waves1-dynamic-geometry-system-targets-relwithdebinfo.cmake
-- Installing: /home/blueboat_sitl/gz_ws/install/lib/pkgconfig/gz-waves1-dynamic-geometry-system.pc
-- Installing: /home/blueboat_sitl/gz_ws/install/include/gz/waves1/gz/waves/hydrodynamics-system/detail/Export.hh
-- Installing: /home/blueboat_sitl/gz_ws/install/include/gz/waves1/gz/waves/hydrodynamics-system/Export.hh
-- Installing: /home/blueboat_sitl/gz_ws/install/lib/libgz-waves1-hydrodynamics-system.so.1.0.0
-- Installing: /home/blueboat_sitl/gz_ws/install/lib/libgz-waves1-hydrodynamics-system.so.1
-- Set runtime path of "/home/blueboat_sitl/gz_ws/install/lib/libgz-waves1-hydrodynamics-system.so.1.0.0" to ""
-- Installing: /home/blueboat_sitl/gz_ws/install/lib/libgz-waves1-hydrodynamics-system.so
-- Installing: /home/blueboat_sitl/gz_ws/install/lib/cmake/gz-waves1-hydrodynamics-system/gz-waves1-hydrodynamics-system-config.cmake
-- Installing: /home/blueboat_sitl/gz_ws/install/lib/cmake/gz-waves1-hydrodynamics-system/gz-waves1-hydrodynamics-system-config-version.cmake
-- Installing: /home/blueboat_sitl/gz_ws/install/lib/cmake/gz-waves1-hydrodynamics-system/gz-waves1-hydrodynamics-system-targets.cmake
-- Installing: /home/blueboat_sitl/gz_ws/install/lib/cmake/gz-waves1-hydrodynamics-system/gz-waves1-hydrodynamics-system-targets-relwithdebinfo.cmake
-- Installing: /home/blueboat_sitl/gz_ws/install/lib/pkgconfig/gz-waves1-hydrodynamics-system.pc
-- Installing: /home/blueboat_sitl/gz_ws/install/include/gz/waves1/gz/waves/rendering/detail/Export.hh
-- Installing: /home/blueboat_sitl/gz_ws/install/include/gz/waves1/gz/waves/rendering/Export.hh
-- Installing: /home/blueboat_sitl/gz_ws/install/lib/libgz-waves1-rendering.so.1.0.0
-- Installing: /home/blueboat_sitl/gz_ws/install/lib/libgz-waves1-rendering.so.1
-- Set runtime path of "/home/blueboat_sitl/gz_ws/install/lib/libgz-waves1-rendering.so.1.0.0" to ""
-- Installing: /home/blueboat_sitl/gz_ws/install/lib/libgz-waves1-rendering.so
-- Installing: /home/blueboat_sitl/gz_ws/install/lib/cmake/gz-waves1-rendering/gz-waves1-rendering-config.cmake
-- Installing: /home/blueboat_sitl/gz_ws/install/lib/cmake/gz-waves1-rendering/gz-waves1-rendering-config-version.cmake
-- Installing: /home/blueboat_sitl/gz_ws/install/lib/cmake/gz-waves1-rendering/gz-waves1-rendering-targets.cmake
-- Installing: /home/blueboat_sitl/gz_ws/install/lib/cmake/gz-waves1-rendering/gz-waves1-rendering-targets-relwithdebinfo.cmake
-- Installing: /home/blueboat_sitl/gz_ws/install/lib/pkgconfig/gz-waves1-rendering.pc
-- Installing: /home/blueboat_sitl/gz_ws/install/include/gz/waves1/gz/waves/rendering-ogre2/detail/Export.hh
-- Installing: /home/blueboat_sitl/gz_ws/install/include/gz/waves1/gz/waves/rendering-ogre2/Export.hh
-- Installing: /home/blueboat_sitl/gz_ws/install/lib/libgz-waves1-rendering-ogre2.so.1.0.0
-- Installing: /home/blueboat_sitl/gz_ws/install/lib/libgz-waves1-rendering-ogre2.so.1
-- Set runtime path of "/home/blueboat_sitl/gz_ws/install/lib/libgz-waves1-rendering-ogre2.so.1.0.0" to ""
-- Installing: /home/blueboat_sitl/gz_ws/install/lib/libgz-waves1-rendering-ogre2.so
-- Installing: /home/blueboat_sitl/gz_ws/install/lib/cmake/gz-waves1-rendering-ogre2/gz-waves1-rendering-ogre2-config.cmake
-- Installing: /home/blueboat_sitl/gz_ws/install/lib/cmake/gz-waves1-rendering-ogre2/gz-waves1-rendering-ogre2-config-version.cmake
-- Installing: /home/blueboat_sitl/gz_ws/install/lib/cmake/gz-waves1-rendering-ogre2/gz-waves1-rendering-ogre2-targets.cmake
-- Installing: /home/blueboat_sitl/gz_ws/install/lib/cmake/gz-waves1-rendering-ogre2/gz-waves1-rendering-ogre2-targets-relwithdebinfo.cmake
-- Installing: /home/blueboat_sitl/gz_ws/install/lib/pkgconfig/gz-waves1-rendering-ogre2.pc
-- Installing: /home/blueboat_sitl/gz_ws/install/include/gz/waves1/gz/waves/waves-visual-system/detail/Export.hh
-- Installing: /home/blueboat_sitl/gz_ws/install/include/gz/waves1/gz/waves/waves-visual-system/Export.hh
-- Installing: /home/blueboat_sitl/gz_ws/install/lib/libgz-waves1-waves-visual-system.so.1.0.0
-- Installing: /home/blueboat_sitl/gz_ws/install/lib/libgz-waves1-waves-visual-system.so.1
-- Set runtime path of "/home/blueboat_sitl/gz_ws/install/lib/libgz-waves1-waves-visual-system.so.1.0.0" to ""
-- Installing: /home/blueboat_sitl/gz_ws/install/lib/libgz-waves1-waves-visual-system.so
-- Installing: /home/blueboat_sitl/gz_ws/install/lib/cmake/gz-waves1-waves-visual-system/gz-waves1-waves-visual-system-config.cmake
-- Installing: /home/blueboat_sitl/gz_ws/install/lib/cmake/gz-waves1-waves-visual-system/gz-waves1-waves-visual-system-config-version.cmake
-- Installing: /home/blueboat_sitl/gz_ws/install/lib/cmake/gz-waves1-waves-visual-system/gz-waves1-waves-visual-system-targets.cmake
-- Installing: /home/blueboat_sitl/gz_ws/install/lib/cmake/gz-waves1-waves-visual-system/gz-waves1-waves-visual-system-targets-relwithdebinfo.cmake
-- Installing: /home/blueboat_sitl/gz_ws/install/lib/pkgconfig/gz-waves1-waves-visual-system.pc
-- Installing: /home/blueboat_sitl/gz_ws/install/include/gz/waves1/gz/waves/waves-model-system/detail/Export.hh
-- Installing: /home/blueboat_sitl/gz_ws/install/include/gz/waves1/gz/waves/waves-model-system/Export.hh
-- Installing: /home/blueboat_sitl/gz_ws/install/lib/libgz-waves1-waves-model-system.so.1.0.0
-- Installing: /home/blueboat_sitl/gz_ws/install/lib/libgz-waves1-waves-model-system.so.1
-- Set runtime path of "/home/blueboat_sitl/gz_ws/install/lib/libgz-waves1-waves-model-system.so.1.0.0" to ""
-- Installing: /home/blueboat_sitl/gz_ws/install/lib/libgz-waves1-waves-model-system.so
-- Installing: /home/blueboat_sitl/gz_ws/install/lib/cmake/gz-waves1-waves-model-system/gz-waves1-waves-model-system-config.cmake
-- Installing: /home/blueboat_sitl/gz_ws/install/lib/cmake/gz-waves1-waves-model-system/gz-waves1-waves-model-system-config-version.cmake
-- Installing: /home/blueboat_sitl/gz_ws/install/lib/cmake/gz-waves1-waves-model-system/gz-waves1-waves-model-system-targets.cmake
-- Installing: /home/blueboat_sitl/gz_ws/install/lib/cmake/gz-waves1-waves-model-system/gz-waves1-waves-model-system-targets-relwithdebinfo.cmake
-- Installing: /home/blueboat_sitl/gz_ws/install/lib/pkgconfig/gz-waves1-waves-model-system.pc
-- Installing: /home/blueboat_sitl/gz_ws/install/include/gz/waves1/gz/waves/components/Wavefield.hh
-- Installing: /home/blueboat_sitl/gz_ws/install/include/gz/waves1/gz/waves/Algorithm.hh
-- Installing: /home/blueboat_sitl/gz_ws/install/include/gz/waves1/gz/waves/CGALTypes.hh
-- Installing: /home/blueboat_sitl/gz_ws/install/include/gz/waves1/gz/waves/Convert.hh
-- Installing: /home/blueboat_sitl/gz_ws/install/include/gz/waves1/gz/waves/Geometry.hh
-- Installing: /home/blueboat_sitl/gz_ws/install/include/gz/waves1/gz/waves/Grid.hh
-- Installing: /home/blueboat_sitl/gz_ws/install/include/gz/waves1/gz/waves/LinearRandomFFTWaveSimulation.hh
-- Installing: /home/blueboat_sitl/gz_ws/install/include/gz/waves1/gz/waves/LinearRandomWaveSimulation.hh
-- Installing: /home/blueboat_sitl/gz_ws/install/include/gz/waves1/gz/waves/LinearRegularWaveSimulation.hh
-- Installing: /home/blueboat_sitl/gz_ws/install/include/gz/waves1/gz/waves/MeshTools.hh
-- Installing: /home/blueboat_sitl/gz_ws/install/include/gz/waves1/gz/waves/OceanTile.hh
-- Installing: /home/blueboat_sitl/gz_ws/install/include/gz/waves1/gz/waves/PhysicalConstants.hh
-- Installing: /home/blueboat_sitl/gz_ws/install/include/gz/waves1/gz/waves/Physics.hh
-- Installing: /home/blueboat_sitl/gz_ws/install/include/gz/waves1/gz/waves/TriangulatedGrid.hh
-- Installing: /home/blueboat_sitl/gz_ws/install/include/gz/waves1/gz/waves/TrochoidIrregularWaveSimulation.hh
-- Installing: /home/blueboat_sitl/gz_ws/install/include/gz/waves1/gz/waves/Types.hh
-- Installing: /home/blueboat_sitl/gz_ws/install/include/gz/waves1/gz/waves/Utilities.hh
-- Installing: /home/blueboat_sitl/gz_ws/install/include/gz/waves1/gz/waves/WaveParameters.hh
-- Installing: /home/blueboat_sitl/gz_ws/install/include/gz/waves1/gz/waves/WaveSimulation.hh
-- Installing: /home/blueboat_sitl/gz_ws/install/include/gz/waves1/gz/waves/WaveSpectrum.hh
-- Installing: /home/blueboat_sitl/gz_ws/install/include/gz/waves1/gz/waves/WaveSpreadingFunction.hh
-- Installing: /home/blueboat_sitl/gz_ws/install/include/gz/waves1/gz/waves/Wavefield.hh
-- Installing: /home/blueboat_sitl/gz_ws/install/include/gz/waves1/gz/waves/WavefieldSampler.hh
-- Installing: /home/blueboat_sitl/gz_ws/install/include/gz/waves1/gz/waves.hh
-- Installing: /home/blueboat_sitl/gz_ws/install/include/gz/waves1/gz/waves/config.hh
-- Installing: /home/blueboat_sitl/gz_ws/install/include/gz/waves1/gz/waves/components.hh
-- Installing: /home/blueboat_sitl/gz_ws/install/bin/PLOT_GnuPlotExample
-- Set runtime path of "/home/blueboat_sitl/gz_ws/install/bin/PLOT_GnuPlotExample" to ""
-- Installing: /home/blueboat_sitl/gz_ws/install/bin/PLOT_LinearRandomFFTWaves
-- Set runtime path of "/home/blueboat_sitl/gz_ws/install/bin/PLOT_LinearRandomFFTWaves" to ""
-- Installing: /home/blueboat_sitl/gz_ws/install/bin/PLOT_LinearRandomWaves
-- Set runtime path of "/home/blueboat_sitl/gz_ws/install/bin/PLOT_LinearRandomWaves" to ""
-- Installing: /home/blueboat_sitl/gz_ws/install/bin/PLOT_LinearRegularWaves
-- Set runtime path of "/home/blueboat_sitl/gz_ws/install/bin/PLOT_LinearRegularWaves" to ""
-- Installing: /home/blueboat_sitl/gz_ws/install/bin/PLOT_WaveSpectrum
-- Set runtime path of "/home/blueboat_sitl/gz_ws/install/bin/PLOT_WaveSpectrum" to ""
