[0.012s] Invoking command in '/home/blueboat_sitl/gz_ws/build/gz-waves1': /usr/bin/cmake --build /home/blueboat_sitl/gz_ws/build/gz-waves1 -- -j12 -l12
[0.043s] [35m[1mConsolidate compiler generated dependencies of target gz-waves1[0m
[0.052s] [  1%] [32mBuilding CXX object test/gtest_vendor/CMakeFiles/gtest.dir/src/gtest-all.cc.o[0m
[0.056s] [  3%] [32mBuilding CXX object src/CMakeFiles/gz-waves1.dir/Convert.cc.o[0m
[0.056s] [  3%] [32mBuilding CXX object src/CMakeFiles/gz-waves1.dir/Grid.cc.o[0m
[0.056s] [  4%] [32mBuilding CXX object src/CMakeFiles/gz-waves1.dir/Geometry.cc.o[0m
[0.056s] [  4%] [32mBuilding CXX object src/CMakeFiles/gz-waves1.dir/MeshTools.cc.o[0m
[0.056s] [  5%] [32mBuilding CXX object src/CMakeFiles/gz-waves1.dir/Physics.cc.o[0m
[0.057s] [  6%] [32mBuilding CXX object src/CMakeFiles/gz-waves1.dir/TriangulatedGrid.cc.o[0m
[0.057s] [  7%] [32mBuilding CXX object src/CMakeFiles/gz-waves1.dir/Utilities.cc.o[0m
[0.057s] [  8%] [32mBuilding CXX object src/CMakeFiles/gz-waves1.dir/Wavefield.cc.o[0m
[0.058s] [ 10%] [32mBuilding CXX object src/CMakeFiles/gz-waves1.dir/OceanTile.cc.o[0m
[0.058s] [ 10%] [32mBuilding CXX object src/CMakeFiles/gz-waves1.dir/WavefieldSampler.cc.o[0m
[0.062s] [ 11%] [32mBuilding CXX object src/CMakeFiles/gz-waves1.dir/WaveParameters.cc.o[0m
[4.828s] In file included from [01m[K/usr/include/gz/common5/gz/common.hh:35[m[K,
[4.828s]                  from [01m[K/home/blueboat_sitl/gz_ws/src/asv_wave_sim/gz-waves/include/gz/waves/OceanTile.hh:24[m[K,
[4.828s]                  from [01m[K/home/blueboat_sitl/gz_ws/src/asv_wave_sim/gz-waves/src/OceanTile.cc:16[m[K:
[4.828s] [01m[K/usr/include/gz/common5/gz/common/SuppressWarning.hh:23:72:[m[K [01;36m[Knote: [m[K‘[01m[K#pragma message: gz-common SuppressWarning is deprecated, use gz-utils[m[K’
[4.828s]    23 | #pragma message("gz-common SuppressWarning is deprecated, use gz-utils"[01;36m[K)[m[K
[4.828s]       |                                                                        [01;36m[K^[m[K
[6.589s] In file included from [01m[K/usr/include/gz/common5/gz/common.hh:35[m[K,
[6.589s]                  from [01m[K/home/blueboat_sitl/gz_ws/src/asv_wave_sim/gz-waves/src/Grid.cc:28[m[K:
[6.589s] [01m[K/usr/include/gz/common5/gz/common/SuppressWarning.hh:23:72:[m[K [01;36m[Knote: [m[K‘[01m[K#pragma message: gz-common SuppressWarning is deprecated, use gz-utils[m[K’
[6.589s]    23 | #pragma message("gz-common SuppressWarning is deprecated, use gz-utils"[01;36m[K)[m[K
[6.589s]       |                                                                        [01;36m[K^[m[K
[6.790s] In file included from [01m[K/usr/include/gz/common5/gz/common.hh:35[m[K,
[6.791s]                  from [01m[K/home/blueboat_sitl/gz_ws/src/asv_wave_sim/gz-waves/include/gz/waves/MeshTools.hh:28[m[K,
[6.791s]                  from [01m[K/home/blueboat_sitl/gz_ws/src/asv_wave_sim/gz-waves/src/MeshTools.cc:16[m[K:
[6.791s] [01m[K/usr/include/gz/common5/gz/common/SuppressWarning.hh:23:72:[m[K [01;36m[Knote: [m[K‘[01m[K#pragma message: gz-common SuppressWarning is deprecated, use gz-utils[m[K’
[6.791s]    23 | #pragma message("gz-common SuppressWarning is deprecated, use gz-utils"[01;36m[K)[m[K
[6.791s]       |                                                                        [01;36m[K^[m[K
[7.696s] [ 12%] [32mBuilding CXX object src/CMakeFiles/gz-waves1.dir/WaveSimulation.cc.o[0m
[7.987s] In file included from [01m[K/usr/include/gz/common5/gz/common.hh:35[m[K,
[7.987s]                  from [01m[K/home/blueboat_sitl/gz_ws/src/asv_wave_sim/gz-waves/src/Utilities.cc:22[m[K:
[7.987s] [01m[K/usr/include/gz/common5/gz/common/SuppressWarning.hh:23:72:[m[K [01;36m[Knote: [m[K‘[01m[K#pragma message: gz-common SuppressWarning is deprecated, use gz-utils[m[K’
[7.987s]    23 | #pragma message("gz-common SuppressWarning is deprecated, use gz-utils"[01;36m[K)[m[K
[7.987s]       |                                                                        [01;36m[K^[m[K
[8.220s] In file included from [01m[K/usr/include/gz/common5/gz/common.hh:35[m[K,
[8.221s]                  from [01m[K/home/blueboat_sitl/gz_ws/src/asv_wave_sim/gz-waves/src/WavefieldSampler.cc:25[m[K:
[8.221s] [01m[K/usr/include/gz/common5/gz/common/SuppressWarning.hh:23:72:[m[K [01;36m[Knote: [m[K‘[01m[K#pragma message: gz-common SuppressWarning is deprecated, use gz-utils[m[K’
[8.221s]    23 | #pragma message("gz-common SuppressWarning is deprecated, use gz-utils"[01;36m[K)[m[K
[8.221s]       |                                                                        [01;36m[K^[m[K
[8.375s] In file included from [01m[K/usr/include/gz/common5/gz/common.hh:35[m[K,
[8.375s]                  from [01m[K/home/blueboat_sitl/gz_ws/src/asv_wave_sim/gz-waves/src/WaveParameters.cc:23[m[K:
[8.375s] [01m[K/usr/include/gz/common5/gz/common/SuppressWarning.hh:23:72:[m[K [01;36m[Knote: [m[K‘[01m[K#pragma message: gz-common SuppressWarning is deprecated, use gz-utils[m[K’
[8.375s]    23 | #pragma message("gz-common SuppressWarning is deprecated, use gz-utils"[01;36m[K)[m[K
[8.375s]       |                                                                        [01;36m[K^[m[K
[9.372s] [ 12%] [32mBuilding CXX object src/CMakeFiles/gz-waves1.dir/LinearRandomFFTWaveSimulation.cc.o[0m
[9.965s] [ 13%] [32mBuilding CXX object src/CMakeFiles/gz-waves1.dir/LinearRandomFFTWaveSimulationRef.cc.o[0m
[11.274s] In file included from [01m[K/usr/include/gz/common5/gz/common.hh:35[m[K,
[11.274s]                  from [01m[K/home/blueboat_sitl/gz_ws/src/asv_wave_sim/gz-waves/src/Physics.cc:31[m[K:
[11.274s] [01m[K/usr/include/gz/common5/gz/common/SuppressWarning.hh:23:72:[m[K [01;36m[Knote: [m[K‘[01m[K#pragma message: gz-common SuppressWarning is deprecated, use gz-utils[m[K’
[11.274s]    23 | #pragma message("gz-common SuppressWarning is deprecated, use gz-utils"[01;36m[K)[m[K
[11.274s]       |                                                                        [01;36m[K^[m[K
[11.275s] In file included from [01m[K/usr/include/gz/common5/gz/common.hh:35[m[K,
[11.275s]                  from [01m[K/home/blueboat_sitl/gz_ws/src/asv_wave_sim/gz-waves/include/gz/waves/OceanTile.hh:24[m[K,
[11.276s]                  from [01m[K/home/blueboat_sitl/gz_ws/src/asv_wave_sim/gz-waves/src/Wavefield.cc:27[m[K:
[11.276s] [01m[K/usr/include/gz/common5/gz/common/SuppressWarning.hh:23:72:[m[K [01;36m[Knote: [m[K‘[01m[K#pragma message: gz-common SuppressWarning is deprecated, use gz-utils[m[K’
[11.276s]    23 | #pragma message("gz-common SuppressWarning is deprecated, use gz-utils"[01;36m[K)[m[K
[11.276s]       |                                                                        [01;36m[K^[m[K
[11.285s] In file included from [01m[K/usr/include/gz/common5/gz/common.hh:35[m[K,
[11.285s]                  from [01m[K/home/blueboat_sitl/gz_ws/src/asv_wave_sim/gz-waves/src/LinearRandomFFTWaveSimulation.cc:28[m[K:
[11.285s] [01m[K/usr/include/gz/common5/gz/common/SuppressWarning.hh:23:72:[m[K [01;36m[Knote: [m[K‘[01m[K#pragma message: gz-common SuppressWarning is deprecated, use gz-utils[m[K’
[11.285s]    23 | pragma message("gz-common SuppressWarning is deprecated, use gz-utils"[01;36m[K)[m[K
[11.285s]       |                                                                       [01;36m[K^[m[K
[11.286s] 
[11.450s] [ 15%] [32mBuilding CXX object src/CMakeFiles/gz-waves1.dir/LinearRandomWaveSimulation.cc.o[0m
[11.873s] In file included from [01m[K/usr/include/gz/common5/gz/common.hh:35[m[K,
[11.873s]                  from [01m[K/home/blueboat_sitl/gz_ws/src/asv_wave_sim/gz-waves/src/LinearRandomFFTWaveSimulationRef.cc:40[m[K:
[11.873s] [01m[K/usr/include/gz/common5/gz/common/SuppressWarning.hh:23:72:[m[K [01;36m[Knote: [m[K‘[01m[K#pragma message: gz-common SuppressWarning is deprecated, use gz-utils[m[K’
[11.873s]    23 | #pragma message("gz-common SuppressWarning is deprecated, use gz-utils"[01;36m[K)[m[K
[11.873s]       |                                                                        [01;36m[K^[m[K
[12.049s] [ 16%] [32mBuilding CXX object src/CMakeFiles/gz-waves1.dir/LinearRegularWaveSimulation.cc.o[0m
[13.444s] In file included from [01m[K/usr/include/gz/common5/gz/common.hh:35[m[K,
[13.444s]                  from [01m[K/home/blueboat_sitl/gz_ws/src/asv_wave_sim/gz-waves/src/LinearRandomWaveSimulation.cc:24[m[K:
[13.444s] [01m[K/usr/include/gz/common5/gz/common/SuppressWarning.hh:23:72:[m[K [01;36m[Knote: [m[K‘[01m[K#pragma message: gz-common SuppressWarning is deprecated, use gz-utils[m[K’
[13.444s]    23 | #pragma message("gz-common SuppressWarning is deprecated, use gz-utils"[01;36m[K)[m[K
[13.444s]       |                                                                        [01;36m[K^[m[K
[13.650s] [01m[K/home/blueboat_sitl/gz_ws/src/asv_wave_sim/gz-waves/src/LinearRandomWaveSimulation.cc:[m[K In member function ‘[01m[Kvirtual void gz::waves::LinearRandomWaveSimulation::SetSteepness(double)[m[K’:
[13.651s] [01m[K/home/blueboat_sitl/gz_ws/src/asv_wave_sim/gz-waves/src/LinearRandomWaveSimulation.cc:494:54:[m[K [01;35m[Kwarning: [m[Kunused parameter ‘[01m[Kvalue[m[K’ [[01;35m[K-Wunused-parameter[m[K]
[13.651s]   494 | void LinearRandomWaveSimulation::SetSteepness([01;35m[Kdouble value[m[K)
[13.651s]       |                                               [01;35m[K~~~~~~~^~~~~[m[K
[14.514s] [ 17%] [32mBuilding CXX object src/CMakeFiles/gz-waves1.dir/TrochoidIrregularWaveSimulation.cc.o[0m
[14.920s] [ 18%] [32mBuilding CXX object src/CMakeFiles/gz-waves1.dir/WaveSpectrum.cc.o[0m
[15.413s] [ 19%] [32mBuilding CXX object src/CMakeFiles/gz-waves1.dir/WaveSpreadingFunction.cc.o[0m
[16.234s] [ 20%] [32m[1mLinking CXX static library ../../lib/libgtest.a[0m
[16.333s] [ 20%] Built target gtest
[16.351s] [ 21%] [32mBuilding CXX object test/gtest_vendor/CMakeFiles/gtest_main.dir/src/gtest_main.cc.o[0m
[16.494s] [01m[K/home/blueboat_sitl/gz_ws/src/asv_wave_sim/gz-waves/src/TrochoidIrregularWaveSimulation.cc:[m[K In member function ‘[01m[Kvoid gz::waves::TrochoidIrregularWaveSimulation::Impl::Pressure(double, double, double, double&)[m[K’:
[16.494s] [01m[K/home/blueboat_sitl/gz_ws/src/asv_wave_sim/gz-waves/src/TrochoidIrregularWaveSimulation.cc:187:12:[m[K [01;35m[Kwarning: [m[Kunused parameter ‘[01m[Kx[m[K’ [[01;35m[K-Wunused-parameter[m[K]
[16.494s]   187 |     [01;35m[Kdouble x[m[K, double y, double z,
[16.494s]       |     [01;35m[K~~~~~~~^[m[K
[16.495s] [01m[K/home/blueboat_sitl/gz_ws/src/asv_wave_sim/gz-waves/src/TrochoidIrregularWaveSimulation.cc:187:22:[m[K [01;35m[Kwarning: [m[Kunused parameter ‘[01m[Ky[m[K’ [[01;35m[K-Wunused-parameter[m[K]
[16.495s]   187 |     double x, [01;35m[Kdouble y[m[K, double z,
[16.495s]       |               [01;35m[K~~~~~~~^[m[K
[16.495s] [01m[K/home/blueboat_sitl/gz_ws/src/asv_wave_sim/gz-waves/src/TrochoidIrregularWaveSimulation.cc:187:32:[m[K [01;35m[Kwarning: [m[Kunused parameter ‘[01m[Kz[m[K’ [[01;35m[K-Wunused-parameter[m[K]
[16.495s]   187 |     double x, double y, [01;35m[Kdouble z[m[K,
[16.495s]       |                         [01;35m[K~~~~~~~^[m[K
[16.495s] [01m[K/home/blueboat_sitl/gz_ws/src/asv_wave_sim/gz-waves/src/TrochoidIrregularWaveSimulation.cc:188:13:[m[K [01;35m[Kwarning: [m[Kunused parameter ‘[01m[Kpressure[m[K’ [[01;35m[K-Wunused-parameter[m[K]
[16.495s]   188 |     [01;35m[Kdouble &pressure[m[K)
[16.495s]       |     [01;35m[K~~~~~~~~^~~~~~~~[m[K
[16.495s] [01m[K/home/blueboat_sitl/gz_ws/src/asv_wave_sim/gz-waves/src/TrochoidIrregularWaveSimulation.cc:[m[K In member function ‘[01m[Kvoid gz::waves::TrochoidIrregularWaveSimulation::Impl::Pressure(const Eigen::Ref<const Eigen::Array<double, -1, 1> >&, const Eigen::Ref<const Eigen::Array<double, -1, 1> >&, const Eigen::Ref<const Eigen::Array<double, -1, 1> >&, Eigen::Ref<Eigen::Array<double, -1, 1> >)[m[K’:
[16.496s] [01m[K/home/blueboat_sitl/gz_ws/src/asv_wave_sim/gz-waves/src/TrochoidIrregularWaveSimulation.cc:196:45:[m[K [01;35m[Kwarning: [m[Kunused parameter ‘[01m[Kx[m[K’ [[01;35m[K-Wunused-parameter[m[K]
[16.496s]   196 |     [01;35m[Kconst Eigen::Ref<const Eigen::ArrayXd>& x[m[K,
[16.496s]       |     [01;35m[K~~~~~~~~~~~~~~~~~~~~~~~~~~~~~~~~~~~~~~~~^[m[K
[16.496s] [01m[K/home/blueboat_sitl/gz_ws/src/asv_wave_sim/gz-waves/src/TrochoidIrregularWaveSimulation.cc:197:45:[m[K [01;35m[Kwarning: [m[Kunused parameter ‘[01m[Ky[m[K’ [[01;35m[K-Wunused-parameter[m[K]
[16.496s]   197 |     [01;35m[Kconst Eigen::Ref<const Eigen::ArrayXd>& y[m[K,
[16.497s]       |     [01;35m[K~~~~~~~~~~~~~~~~~~~~~~~~~~~~~~~~~~~~~~~~^[m[K
[16.497s] [01m[K/home/blueboat_sitl/gz_ws/src/asv_wave_sim/gz-waves/src/TrochoidIrregularWaveSimulation.cc:198:45:[m[K [01;35m[Kwarning: [m[Kunused parameter ‘[01m[Kz[m[K’ [[01;35m[K-Wunused-parameter[m[K]
[16.497s]   198 |     [01;35m[Kconst Eigen::Ref<const Eigen::ArrayXd>& z[m[K,
[16.497s]       |     [01;35m[K~~~~~~~~~~~~~~~~~~~~~~~~~~~~~~~~~~~~~~~~^[m[K
[16.497s] [01m[K/home/blueboat_sitl/gz_ws/src/asv_wave_sim/gz-waves/src/TrochoidIrregularWaveSimulation.cc:199:32:[m[K [01;35m[Kwarning: [m[Kunused parameter ‘[01m[Kpressure[m[K’ [[01;35m[K-Wunused-parameter[m[K]
[16.497s]   199 |     [01;35m[KEigen::Ref<Eigen::ArrayXd> pressure[m[K)
[16.497s]       |     [01;35m[K~~~~~~~~~~~~~~~~~~~~~~~~~~~^~~~~~~~[m[K
[16.535s] [01m[K/home/blueboat_sitl/gz_ws/src/asv_wave_sim/gz-waves/src/TrochoidIrregularWaveSimulation.cc:[m[K In member function ‘[01m[Kvoid gz::waves::TrochoidIrregularWaveSimulation::Impl::ElevationAt(gz::waves::Index, gz::waves::Index, double&)[m[K’:
[16.536s] [01m[K/home/blueboat_sitl/gz_ws/src/asv_wave_sim/gz-waves/src/TrochoidIrregularWaveSimulation.cc:377:11:[m[K [01;35m[Kwarning: [m[Kunused parameter ‘[01m[Kix[m[K’ [[01;35m[K-Wunused-parameter[m[K]
[16.536s]   377 |     [01;35m[KIndex ix[m[K, Index iy,
[16.536s]       |     [01;35m[K~~~~~~^~[m[K
[16.536s] [01m[K/home/blueboat_sitl/gz_ws/src/asv_wave_sim/gz-waves/src/TrochoidIrregularWaveSimulation.cc:377:21:[m[K [01;35m[Kwarning: [m[Kunused parameter ‘[01m[Kiy[m[K’ [[01;35m[K-Wunused-parameter[m[K]
[16.536s]   377 |     Index ix, [01;35m[KIndex iy[m[K,
[16.536s]       |               [01;35m[K~~~~~~^~[m[K
[16.536s] [01m[K/home/blueboat_sitl/gz_ws/src/asv_wave_sim/gz-waves/src/TrochoidIrregularWaveSimulation.cc:378:13:[m[K [01;35m[Kwarning: [m[Kunused parameter ‘[01m[Kh[m[K’ [[01;35m[K-Wunused-parameter[m[K]
[16.536s]   378 |     [01;35m[Kdouble &h[m[K)
[16.536s]       |     [01;35m[K~~~~~~~~^[m[K
[16.536s] [01m[K/home/blueboat_sitl/gz_ws/src/asv_wave_sim/gz-waves/src/TrochoidIrregularWaveSimulation.cc:[m[K In member function ‘[01m[Kvoid gz::waves::TrochoidIrregularWaveSimulation::Impl::DisplacementAt(gz::waves::Index, gz::waves::Index, double&, double&)[m[K’:
[16.536s] [01m[K/home/blueboat_sitl/gz_ws/src/asv_wave_sim/gz-waves/src/TrochoidIrregularWaveSimulation.cc:386:11:[m[K [01;35m[Kwarning: [m[Kunused parameter ‘[01m[Kix[m[K’ [[01;35m[K-Wunused-parameter[m[K]
[16.536s]   386 |     [01;35m[KIndex ix[m[K, Index iy,
[16.537s]       |     [01;35m[K~~~~~~^~[m[K
[16.537s] [01m[K/home/blueboat_sitl/gz_ws/src/asv_wave_sim/gz-waves/src/TrochoidIrregularWaveSimulation.cc:386:21:[m[K [01;35m[Kwarning: [m[Kunused parameter ‘[01m[Kiy[m[K’ [[01;35m[K-Wunused-parameter[m[K]
[16.537s]   386 |     Index ix, [01;35m[KIndex iy[m[K,
[16.537s]       |               [01;35m[K~~~~~~^~[m[K
[16.537s] [01m[K/home/blueboat_sitl/gz_ws/src/asv_wave_sim/gz-waves/src/TrochoidIrregularWaveSimulation.cc:387:13:[m[K [01;35m[Kwarning: [m[Kunused parameter ‘[01m[Ksx[m[K’ [[01;35m[K-Wunused-parameter[m[K]
[16.537s]   387 |     [01;35m[Kdouble& sx[m[K, double& sy)
[16.537s]       |     [01;35m[K~~~~~~~~^~[m[K
[16.537s] [01m[K/home/blueboat_sitl/gz_ws/src/asv_wave_sim/gz-waves/src/TrochoidIrregularWaveSimulation.cc:387:25:[m[K [01;35m[Kwarning: [m[Kunused parameter ‘[01m[Ksy[m[K’ [[01;35m[K-Wunused-parameter[m[K]
[16.537s]   387 |     double& sx, [01;35m[Kdouble& sy[m[K)
[16.537s]       |                 [01;35m[K~~~~~~~~^~[m[K
[16.537s] [01m[K/home/blueboat_sitl/gz_ws/src/asv_wave_sim/gz-waves/src/TrochoidIrregularWaveSimulation.cc:[m[K In member function ‘[01m[Kvoid gz::waves::TrochoidIrregularWaveSimulation::Impl::PressureAt(gz::waves::Index, gz::waves::Index, gz::waves::Index, double&)[m[K’:
[16.537s] [01m[K/home/blueboat_sitl/gz_ws/src/asv_wave_sim/gz-waves/src/TrochoidIrregularWaveSimulation.cc:395:11:[m[K [01;35m[Kwarning: [m[Kunused parameter ‘[01m[Kix[m[K’ [[01;35m[K-Wunused-parameter[m[K]
[16.537s]   395 |     [01;35m[KIndex ix[m[K, Index iy, Index iz,
[16.537s]       |     [01;35m[K~~~~~~^~[m[K
[16.538s] [01m[K/home/blueboat_sitl/gz_ws/src/asv_wave_sim/gz-waves/src/TrochoidIrregularWaveSimulation.cc:395:21:[m[K [01;35m[Kwarning: [m[Kunused parameter ‘[01m[Kiy[m[K’ [[01;35m[K-Wunused-parameter[m[K]
[16.538s]   395 |     Index ix, [01;35m[KIndex iy[m[K, Index iz,
[16.538s]       |               [01;35m[K~~~~~~^~[m[K
[16.538s] [01m[K/home/blueboat_sitl/gz_ws/src/asv_wave_sim/gz-waves/src/TrochoidIrregularWaveSimulation.cc:395:31:[m[K [01;35m[Kwarning: [m[Kunused parameter ‘[01m[Kiz[m[K’ [[01;35m[K-Wunused-parameter[m[K]
[16.538s]   395 |     Index ix, Index iy, [01;35m[KIndex iz[m[K,
[16.538s]       |                         [01;35m[K~~~~~~^~[m[K
[16.538s] [01m[K/home/blueboat_sitl/gz_ws/src/asv_wave_sim/gz-waves/src/TrochoidIrregularWaveSimulation.cc:396:13:[m[K [01;35m[Kwarning: [m[Kunused parameter ‘[01m[Kpressure[m[K’ [[01;35m[K-Wunused-parameter[m[K]
[16.538s]   396 |     [01;35m[Kdouble &pressure[m[K)
[16.538s]       |     [01;35m[K~~~~~~~~^~~~~~~~[m[K
[16.539s] [01m[K/home/blueboat_sitl/gz_ws/src/asv_wave_sim/gz-waves/src/TrochoidIrregularWaveSimulation.cc:[m[K In member function ‘[01m[Kvoid gz::waves::TrochoidIrregularWaveSimulation::Impl::PressureAt(gz::waves::Index, Eigen::Ref<Eigen::Array<double, -1, -1> >)[m[K’:
[16.539s] [01m[K/home/blueboat_sitl/gz_ws/src/asv_wave_sim/gz-waves/src/TrochoidIrregularWaveSimulation.cc:404:11:[m[K [01;35m[Kwarning: [m[Kunused parameter ‘[01m[Kiz[m[K’ [[01;35m[K-Wunused-parameter[m[K]
[16.539s]   404 |     [01;35m[KIndex iz[m[K,
[16.539s]       |     [01;35m[K~~~~~~^~[m[K
[16.539s] [01m[K/home/blueboat_sitl/gz_ws/src/asv_wave_sim/gz-waves/src/TrochoidIrregularWaveSimulation.cc:405:33:[m[K [01;35m[Kwarning: [m[Kunused parameter ‘[01m[Kpressure[m[K’ [[01;35m[K-Wunused-parameter[m[K]
[16.539s]   405 |     [01;35m[KEigen::Ref<Eigen::ArrayXXd> pressure[m[K)
[16.539s]       |     [01;35m[K~~~~~~~~~~~~~~~~~~~~~~~~~~~~^~~~~~~~[m[K
[17.328s] [ 22%] [32m[1mLinking CXX static library ../../lib/libgtest_main.a[0m
[17.357s] [ 22%] Built target gtest_main
[20.045s] [01m[K/home/blueboat_sitl/gz_ws/src/asv_wave_sim/gz-waves/src/LinearRegularWaveSimulation.cc:[m[K In member function ‘[01m[Kvirtual void gz::waves::LinearRegularWaveSimulation::SetSteepness(double)[m[K’:
[20.045s] [01m[K/home/blueboat_sitl/gz_ws/src/asv_wave_sim/gz-waves/src/LinearRegularWaveSimulation.cc:581:55:[m[K [01;35m[Kwarning: [m[Kunused parameter ‘[01m[Kvalue[m[K’ [[01;35m[K-Wunused-parameter[m[K]
[20.045s]   581 | void LinearRegularWaveSimulation::SetSteepness([01;35m[Kdouble value[m[K)
[20.045s]       |                                                [01;35m[K~~~~~~~^~~~~[m[K
[21.822s] [ 23%] [32m[1mLinking CXX shared library ../lib/libgz-waves1.so[0m
[22.160s] [ 26%] Built target gz-waves1
[22.183s] [ 31%] [32mBuilding CXX object src/CMakeFiles/UNIT_Algorithm_TEST.dir/Algorithm_TEST.cc.o[0m
[22.183s] [ 31%] [32mBuilding CXX object src/CMakeFiles/UNIT_CGAL_TEST.dir/CGAL_TEST.cc.o[0m
[22.183s] [ 34%] [32mBuilding CXX object src/CMakeFiles/UNIT_MeshTools_TEST.dir/MeshTools_TEST.cc.o[0m
[22.183s] [ 34%] [32mBuilding CXX object src/CMakeFiles/UNIT_TriangulatedGrid_TEST.dir/TriangulatedGrid_TEST.cc.o[0m
[22.183s] [ 34%] [32mBuilding CXX object src/CMakeFiles/UNIT_EigenFFTW_TEST.dir/EigenFFTW_TEST.cc.o[0m
[22.184s] [ 31%] [32mBuilding CXX object src/CMakeFiles/UNIT_LinearRegularWaveSimulation_TEST.dir/LinearRegularWaveSimulation_TEST.cc.o[0m
[22.184s] [ 34%] [32mBuilding CXX object src/CMakeFiles/UNIT_Grid_TEST.dir/Grid_TEST.cc.o[0m
[22.184s] [ 34%] [32mBuilding CXX object src/CMakeFiles/UNIT_Geometry_TEST.dir/Geometry_TEST.cc.o[0m
[22.184s] [ 36%] [32mBuilding CXX object src/CMakeFiles/UNIT_Wavefield_TEST.dir/Wavefield_TEST.cc.o[0m
[22.185s] [ 37%] [32mBuilding CXX object src/CMakeFiles/UNIT_WaveSpectrum_TEST.dir/WaveSpectrum_TEST.cc.o[0m
[22.185s] [ 38%] [32mBuilding CXX object src/CMakeFiles/UNIT_LinearRandomFFTWaveSimulation_TEST.dir/LinearRandomFFTWaveSimulation_TEST.cc.o[0m
[22.186s] [ 38%] [32mBuilding CXX object src/CMakeFiles/UNIT_Physics_TEST.dir/Physics_TEST.cc.o[0m
[24.601s] [ 38%] [32m[1mLinking CXX executable ../bin/UNIT_Algorithm_TEST[0m
[24.944s] [ 38%] Built target UNIT_Algorithm_TEST
[24.977s] [ 39%] [32mBuilding CXX object src/CMakeFiles/UNIT_WaveSpreadingFunction_TEST.dir/WaveSpreadingFunction_TEST.cc.o[0m
[25.540s] [ 40%] [32m[1mLinking CXX executable ../bin/UNIT_EigenFFTW_TEST[0m
[25.900s] [ 40%] Built target UNIT_EigenFFTW_TEST
[25.931s] [ 41%] [32mBuilding CXX object src/systems/dynamic/CMakeFiles/gz-waves1-dynamic-geometry-system.dir/DynamicGeometry.cc.o[0m
[26.932s] [ 43%] [32m[1mLinking CXX executable ../bin/UNIT_WaveSpectrum_TEST[0m
[27.127s] In file included from [01m[K/usr/include/gz/common5/gz/common.hh:35[m[K,
[27.133s]                  from [01m[K/home/blueboat_sitl/gz_ws/src/asv_wave_sim/gz-waves/src/Physics_TEST.cc:23[m[K:
[27.133s] [01m[K/usr/include/gz/common5/gz/common/SuppressWarning.hh:23:72:[m[K [01;36m[Knote: [m[K‘[01m[K#pragma message: gz-common SuppressWarning is deprecated, use gz-utils[m[K’
[27.133s]    23 | #pragma message("gz-common SuppressWarning is deprecated, use gz-utils"[01;36m[K)[m[K
[27.133s]       |                                                                        [01;36m[K^[m[K
[27.289s] In file included from [01m[K/usr/include/gz/common5/gz/common.hh:35[m[K,
[27.289s]                  from [01m[K/home/blueboat_sitl/gz_ws/src/asv_wave_sim/gz-waves/src/MeshTools_TEST.cc:21[m[K:
[27.289s] [01m[K/usr/include/gz/common5/gz/common/SuppressWarning.hh:23:72:[m[K [01;36m[Knote: [m[K‘[01m[K#pragma message: gz-common SuppressWarning is deprecated, use gz-utils[m[K’
[27.289s]    23 | #pragma message("gz-common SuppressWarning is deprecated, use gz-utils"[01;36m[K)[m[K
[27.289s]       |                                                                        [01;36m[K^[m[K
[27.322s] [ 43%] Built target UNIT_WaveSpectrum_TEST
[27.352s] [ 44%] [32mBuilding CXX object src/systems/hydrodynamics/CMakeFiles/gz-waves1-hydrodynamics-system.dir/Collision.cc.o[0m
[28.005s] In file included from [01m[K/usr/include/gz/common5/gz/common.hh:35[m[K,
[28.005s]                  from [01m[K/home/blueboat_sitl/gz_ws/src/asv_wave_sim/gz-waves/include/gz/waves/OceanTile.hh:24[m[K,
[28.006s]                  from [01m[K/home/blueboat_sitl/gz_ws/src/asv_wave_sim/gz-waves/src/LinearRegularWaveSimulation_TEST.cc:24[m[K:
[28.006s] [01m[K/usr/include/gz/common5/gz/common/SuppressWarning.hh:23:72:[m[K [01;36m[Knote: [m[K‘[01m[K#pragma message: gz-common SuppressWarning is deprecated, use gz-utils[m[K’
[28.006s]    23 | #pragma message("gz-common SuppressWarning is deprecated, use gz-utils"[01;36m[K)[m[K
[28.006s]       |                                                                        [01;36m[K^[m[K
[29.237s] [ 45%] [32m[1mLinking CXX executable ../bin/UNIT_LinearRandomFFTWaveSimulation_TEST[0m
[29.567s] In file included from [01m[K/usr/include/gz/common5/gz/common.hh:35[m[K,
[29.567s]                  from [01m[K/home/blueboat_sitl/gz_ws/src/asv_wave_sim/gz-waves/include/gz/waves/MeshTools.hh:28[m[K,
[29.567s]                  from [01m[K/home/blueboat_sitl/gz_ws/src/asv_wave_sim/gz-waves/src/Geometry_TEST.cc:25[m[K:
[29.567s] [01m[K/usr/include/gz/common5/gz/common/SuppressWarning.hh:23:72:[m[K [01;36m[Knote: [m[K‘[01m[K#pragma message: gz-common SuppressWarning is deprecated, use gz-utils[m[K’
[29.567s]    23 | #pragma message("gz-common SuppressWarning is deprecated, use gz-utils"[01;36m[K)[m[K
[29.567s]       |                                                                        [01;36m[K^[m[K
[29.683s] [ 45%] Built target UNIT_LinearRandomFFTWaveSimulation_TEST
[29.697s] [ 45%] [32mBuilding CXX object src/systems/hydrodynamics/CMakeFiles/gz-waves1-hydrodynamics-system.dir/Hydrodynamics.cc.o[0m
[29.924s] In file included from [01m[K/usr/include/OGRE-2.3/OgrePrerequisites.h:30[m[K,
[29.924s]                  from [01m[K/usr/include/OGRE-2.3/OgreItem.h:31[m[K,
[29.924s]                  from [01m[K/home/blueboat_sitl/gz_ws/src/asv_wave_sim/gz-waves/src/systems/dynamic/DynamicGeometry.cc:43[m[K:
[29.925s] [01m[K/usr/include/OGRE-2.3/OgrePlatform.h:360:102:[m[K [01;36m[Knote: [m[K‘[01m[K#pragma message: Ogre can't tell whether this is a debug build. If it is, please add _DEBUG to the preprocessor definitions. Otherwise, you can set OGRE_IGNORE_UNKNOWN_DEBUG to suppress this warning. Ogre will assume this is not a debug build by default. To add _DEBUG with g++, invoke g++ with the argument -D_DEBUG. To add it in CMake, include set( CMAKE_CXX_FLAGS_DEBUG "${CMAKE_CXX_FLAGS_DEBUG} -DDEBUG=1 -D_DEBUG=1" ) at the top of your CMakeLists.txt file. IDEs usually provide the possibility to add preprocessor definitions in the build settings. You can also manually set OGRE_DEBUG_MODE to either 1 or 0 instead of adding _DEBUG.[m[K’
[29.925s]   360 |     "settings. You can also manually set OGRE_DEBUG_MODE to either 1 or 0 instead of adding _DEBUG." [01;36m[K)[m[K
[29.925s]       |                                                                                                      [01;36m[K^[m[K
[32.096s] [ 45%] [32m[1mLinking CXX executable ../bin/UNIT_WaveSpreadingFunction_TEST[0m
[32.539s] [ 45%] Built target UNIT_WaveSpreadingFunction_TEST
[32.567s] [ 46%] [32mBuilding CXX object src/systems/waves/CMakeFiles/gz-waves1-rendering.dir/BaseRenderEngineExtension.cc.o[0m
[32.860s] [ 47%] [32m[1mLinking CXX executable ../bin/UNIT_TriangulatedGrid_TEST[0m
[33.244s] [ 47%] Built target UNIT_TriangulatedGrid_TEST
[33.256s] [ 48%] [32mBuilding CXX object src/systems/waves/CMakeFiles/gz-waves1-rendering.dir/DisplacementMap.cc.o[0m
[33.578s] [ 49%] [32m[1mLinking CXX executable ../bin/UNIT_Grid_TEST[0m
[34.028s] [ 49%] Built target UNIT_Grid_TEST
[34.043s] [ 50%] [32mBuilding CXX object src/systems/waves/CMakeFiles/gz-waves1-rendering.dir/OceanGeometry.cc.o[0m
[34.466s] [ 51%] [32mBuilding CXX object src/systems/waves/CMakeFiles/gz-waves1-waves-model-system.dir/WavesModel.cc.o[0m
[34.525s] In file included from [01m[K/usr/include/gz/common5/gz/common.hh:35[m[K,
[34.525s]                  from [01m[K/home/blueboat_sitl/gz_ws/src/asv_wave_sim/gz-waves/include/gz/waves/MeshTools.hh:28[m[K,
[34.525s]                  from [01m[K/home/blueboat_sitl/gz_ws/src/asv_wave_sim/gz-waves/src/CGAL_TEST.cc:48[m[K:
[34.525s] [01m[K/usr/include/gz/common5/gz/common/SuppressWarning.hh:23:72:[m[K [01;36m[Knote: [m[K‘[01m[K#pragma message: gz-common SuppressWarning is deprecated, use gz-utils[m[K’
[34.525s]    23 | #pragma message("gz-common SuppressWarning is deprecated, use gz-utils"[01;36m[K)[m[K
[34.525s]       |                                                                        [01;36m[K^[m[K
[35.103s] [ 52%] [32m[1mLinking CXX executable ../bin/UNIT_Wavefield_TEST[0m
[35.237s] [ 53%] [32mBuilding CXX object test/performance/CMakeFiles/PERFORMANCE_EigenReturnByValue.dir/EigenReturnByValue.cc.o[0m
[35.390s] [ 53%] Built target UNIT_Wavefield_TEST
[35.401s] [ 54%] [32mBuilding CXX object src/systems/waves/CMakeFiles/gz-waves1-rendering.dir/OceanVisual.cc.o[0m
[36.811s] [ 55%] [32m[1mLinking CXX executable ../bin/UNIT_Geometry_TEST[0m
[36.993s] [ 56%] [32m[1mLinking CXX executable ../../bin/PERFORMANCE_EigenReturnByValue[0m
[37.243s] [ 58%] [32mBuilding CXX object src/systems/waves/CMakeFiles/gz-waves1-rendering.dir/RenderEngineExtension.cc.o[0m
[37.255s] [ 58%] Built target PERFORMANCE_EigenReturnByValue
[37.277s] [ 59%] [32mBuilding CXX object src/systems/waves/CMakeFiles/gz-waves1-rendering.dir/RenderEngineExtensionManager.cc.o[0m
[37.287s] [ 59%] Built target UNIT_Geometry_TEST
[37.303s] [ 60%] [32mBuilding CXX object src/systems/waves/CMakeFiles/gz-waves1-rendering.dir/RenderEngineExtensionPlugin.cc.o[0m
[37.798s] [ 61%] [32mBuilding CXX object test/performance/CMakeFiles/PERFORMANCE_LinearRandomFFTWaveSimBaseAmplitudes.dir/LinearRandomFFTWaveSimBaseAmplitudes.cc.o[0m
[38.843s] In file included from [01m[K/usr/include/gz/common5/gz/common.hh:35[m[K,
[38.843s]                  from [01m[K/home/blueboat_sitl/gz_ws/src/asv_wave_sim/gz-waves/include/gz/waves/OceanTile.hh:24[m[K,
[38.843s]                  from [01m[K/home/blueboat_sitl/gz_ws/src/asv_wave_sim/gz-waves/src/systems/waves/OceanVisual.hh:29[m[K,
[38.843s]                  from [01m[K/home/blueboat_sitl/gz_ws/src/asv_wave_sim/gz-waves/src/systems/waves/SceneNodeFactory.hh:27[m[K,
[38.843s]                  from [01m[K/home/blueboat_sitl/gz_ws/src/asv_wave_sim/gz-waves/src/systems/waves/RenderEngineExtension.hh:45[m[K,
[38.843s]                  from [01m[K/home/blueboat_sitl/gz_ws/src/asv_wave_sim/gz-waves/src/systems/waves/BaseRenderEngineExtension.hh:27[m[K,
[38.843s]                  from [01m[K/home/blueboat_sitl/gz_ws/src/asv_wave_sim/gz-waves/src/systems/waves/BaseRenderEngineExtension.cc:16[m[K:
[38.843s] [01m[K/usr/include/gz/common5/gz/common/SuppressWarning.hh:23:72:[m[K [01;36m[Knote: [m[K‘[01m[K#pragma message: gz-common SuppressWarning is deprecated, use gz-utils[m[K’
[38.843s]    23 | pragma message("gz-common SuppressWarning is deprecated, use gz-utils"[01;36m[K)[m[K
[38.844s]       |                                                                       [01;36m[K^[m[K
[38.844s] 
[40.607s] [ 61%] [32m[1mLinking CXX executable ../../bin/PERFORMANCE_LinearRandomFFTWaveSimBaseAmplitudes[0m
[40.615s] In file included from [01m[K/usr/include/gz/common5/gz/common.hh:35[m[K,
[40.615s]                  from [01m[K/home/blueboat_sitl/gz_ws/src/asv_wave_sim/gz-waves/include/gz/waves/OceanTile.hh:24[m[K,
[40.615s]                  from [01m[K/home/blueboat_sitl/gz_ws/src/asv_wave_sim/gz-waves/src/systems/waves/OceanVisual.hh:29[m[K,
[40.615s]                  from [01m[K/home/blueboat_sitl/gz_ws/src/asv_wave_sim/gz-waves/src/systems/waves/OceanVisual.cc:16[m[K:
[40.615s] [01m[K/usr/include/gz/common5/gz/common/SuppressWarning.hh:23:72:[m[K [01;36m[Knote: [m[K‘[01m[K#pragma message: gz-common SuppressWarning is deprecated, use gz-utils[m[K’
[40.615s]    23 | #pragma message("gz-common SuppressWarning is deprecated, use gz-utils"[01;36m[K)[m[K
[40.615s]       |                                                                        [01;36m[K^[m[K
[40.730s] [01m[K/home/blueboat_sitl/gz_ws/src/asv_wave_sim/gz-waves/src/systems/waves/RenderEngineExtensionManager.cc:463:13:[m[K [01;35m[Kwarning: [m[K'GZ_RENDERING_ENGINE_INSTALL_DIR' macro is deprecated, use gz::rendering::getEngineInstallDir() function instead. 
[40.730s]   463 |   systemPath[01;35m[Ks.AddPluginPaths({GZ_RENDERING_ENGINE_INSTALL_DIR});[m[K
[40.730s]       |             [01;35m[K^~~~~~~~~~~~~~~~~~~~~~~~~~~~~~~~~~~~~~~~~~~~~~~~~~~~[m[K                                                                
[40.886s] [ 62%] [32m[1mLinking CXX executable ../bin/UNIT_LinearRegularWaveSimulation_TEST[0m
[41.025s] [ 62%] Built target PERFORMANCE_LinearRandomFFTWaveSimBaseAmplitudes
[41.067s] [ 63%] [32mBuilding CXX object test/performance/CMakeFiles/PERFORMANCE_LinearRandomFFTWaveSimCurrentAmplitudes.dir/LinearRandomFFTWaveSimCurrentAmplitudes.cc.o[0m
[41.302s] [ 63%] Built target UNIT_LinearRegularWaveSimulation_TEST
[41.314s] [ 64%] [32mBuilding CXX object src/systems/waves/CMakeFiles/gz-waves1-rendering.dir/SceneNodeFactory.cc.o[0m
[41.475s] [ 65%] [32m[1mLinking CXX executable ../bin/UNIT_MeshTools_TEST[0m
[41.922s] [ 65%] Built target UNIT_MeshTools_TEST
[41.954s] [ 66%] [32mBuilding CXX object test/performance/CMakeFiles/PERFORMANCE_LinearRandomFFTWaveSimDisplacements.dir/LinearRandomFFTWaveSimDisplacements.cc.o[0m
[42.994s] In file included from [01m[K/usr/include/gz/common5/gz/common.hh:35[m[K,
[42.994s]                  from [01m[K/home/blueboat_sitl/gz_ws/src/asv_wave_sim/gz-waves/include/gz/waves/MeshTools.hh:28[m[K,
[42.994s]                  from [01m[K/home/blueboat_sitl/gz_ws/src/asv_wave_sim/gz-waves/src/systems/hydrodynamics/Hydrodynamics.cc:54[m[K:
[42.994s] [01m[K/usr/include/gz/common5/gz/common/SuppressWarning.hh:23:72:[m[K [01;36m[Knote: [m[K‘[01m[K#pragma message: gz-common SuppressWarning is deprecated, use gz-utils[m[K’
[42.994s]    23 | #pragma message("gz-common SuppressWarning is deprecated, use gz-utils"[01;36m[K)[m[K
[42.994s]       |                                                                        [01;36m[K^[m[K
[43.245s] [ 67%] [32m[1mLinking CXX executable ../bin/UNIT_Physics_TEST[0m
[43.405s] In file included from [01m[K/usr/include/gz/common5/gz/common.hh:35[m[K,
[43.405s]                  from [01m[K/home/blueboat_sitl/gz_ws/src/asv_wave_sim/gz-waves/include/gz/waves/OceanTile.hh:24[m[K,
[43.405s]                  from [01m[K/home/blueboat_sitl/gz_ws/src/asv_wave_sim/gz-waves/src/systems/waves/OceanVisual.hh:29[m[K,
[43.405s]                  from [01m[K/home/blueboat_sitl/gz_ws/src/asv_wave_sim/gz-waves/src/systems/waves/SceneNodeFactory.hh:27[m[K,
[43.405s]                  from [01m[K/home/blueboat_sitl/gz_ws/src/asv_wave_sim/gz-waves/src/systems/waves/RenderEngineExtension.hh:45[m[K,
[43.405s]                  from [01m[K/home/blueboat_sitl/gz_ws/src/asv_wave_sim/gz-waves/src/systems/waves/RenderEngineExtensionManager.cc:44[m[K:
[43.405s] [01m[K/usr/include/gz/common5/gz/common/SuppressWarning.hh:23:72:[m[K [01;36m[Knote: [m[K‘[01m[K#pragma message: gz-common SuppressWarning is deprecated, use gz-utils[m[K’
[43.405s]    23 | #pragma message("gz-common SuppressWarning is deprecated, use gz-utils"[01;36m[K)[m[K
[43.406s]       |                                                                        [01;36m[K^[m[K
[43.437s] In file included from [01m[K/usr/include/gz/common5/gz/common.hh:35[m[K,
[43.437s]                  from [01m[K/home/blueboat_sitl/gz_ws/src/asv_wave_sim/gz-waves/include/gz/waves/OceanTile.hh:24[m[K,
[43.437s]                  from [01m[K/home/blueboat_sitl/gz_ws/src/asv_wave_sim/gz-waves/src/systems/waves/OceanVisual.hh:29[m[K,
[43.437s]                  from [01m[K/home/blueboat_sitl/gz_ws/src/asv_wave_sim/gz-waves/src/systems/waves/SceneNodeFactory.hh:27[m[K,
[43.437s]                  from [01m[K/home/blueboat_sitl/gz_ws/src/asv_wave_sim/gz-waves/src/systems/waves/RenderEngineExtension.hh:45[m[K,
[43.437s]                  from [01m[K/home/blueboat_sitl/gz_ws/src/asv_wave_sim/gz-waves/src/systems/waves/RenderEngineExtension.cc:16[m[K:
[43.437s] [01m[K/usr/include/gz/common5/gz/common/SuppressWarning.hh:23:72:[m[K [01;36m[Knote: [m[K‘[01m[K#pragma message: gz-common SuppressWarning is deprecated, use gz-utils[m[K’
[43.437s]    23 | #pragma message("gz-common SuppressWarning is deprecated, use gz-utils"[01;36m[K)[m[K
[43.437s]       |                                                                        [01;36m[K^[m[K
[43.661s] [ 67%] Built target UNIT_Physics_TEST
[43.690s] [ 68%] [32mBuilding CXX object test/performance/CMakeFiles/PERFORMANCE_LinearRandomFFTWaveSimElevationAt.dir/LinearRandomFFTWaveSimElevationAt.cc.o[0m
[43.920s] [ 69%] [32m[1mLinking CXX executable ../../bin/PERFORMANCE_LinearRandomFFTWaveSimCurrentAmplitudes[0m
[44.288s] [ 69%] Built target PERFORMANCE_LinearRandomFFTWaveSimCurrentAmplitudes
[44.317s] [ 70%] [32mBuilding CXX object test/performance/CMakeFiles/PERFORMANCE_LinearRegularWaveSimDisplacements.dir/LinearRegularWaveSimDisplacements.cc.o[0m
[45.112s] [ 72%] [32m[1mLinking CXX executable ../../bin/PERFORMANCE_LinearRandomFFTWaveSimDisplacements[0m
[45.474s] [ 72%] Built target PERFORMANCE_LinearRandomFFTWaveSimDisplacements
[45.504s] [ 73%] [32mBuilding CXX object test/performance/CMakeFiles/PERFORMANCE_WaveSpectrumECKV.dir/WaveSpectrumECKV.cc.o[0m
[46.413s] [ 74%] [32m[1mLinking CXX executable ../../bin/PERFORMANCE_LinearRandomFFTWaveSimElevationAt[0m
[46.813s] [ 74%] Built target PERFORMANCE_LinearRandomFFTWaveSimElevationAt
[46.853s] [ 74%] [32mBuilding CXX object test/plots/CMakeFiles/PLOT_GnuPlotExample.dir/PLOT_GnuPlotExample.cc.o[0m
[47.078s] In file included from [01m[K/usr/include/gz/common5/gz/common.hh:35[m[K,
[47.078s]                  from [01m[K/home/blueboat_sitl/gz_ws/src/asv_wave_sim/gz-waves/include/gz/waves/OceanTile.hh:24[m[K,
[47.078s]                  from [01m[K/home/blueboat_sitl/gz_ws/src/asv_wave_sim/gz-waves/src/systems/waves/OceanVisual.hh:29[m[K,
[47.078s]                  from [01m[K/home/blueboat_sitl/gz_ws/src/asv_wave_sim/gz-waves/src/systems/waves/SceneNodeFactory.hh:27[m[K,
[47.078s]                  from [01m[K/home/blueboat_sitl/gz_ws/src/asv_wave_sim/gz-waves/src/systems/waves/SceneNodeFactory.cc:16[m[K:
[47.078s] [01m[K/usr/include/gz/common5/gz/common/SuppressWarning.hh:23:72:[m[K [01;36m[Knote: [m[K‘[01m[K#pragma message: gz-common SuppressWarning is deprecated, use gz-utils[m[K’
[47.078s]    23 | #pragma message("gz-common SuppressWarning is deprecated, use gz-utils"[01;36m[K)[m[K
[47.078s]       |                                                                        [01;36m[K^[m[K
[47.432s] [ 75%] [32m[1mLinking CXX executable ../../bin/PERFORMANCE_LinearRegularWaveSimDisplacements[0m
[47.633s] [ 76%] [32mBuilding CXX object test/plots/CMakeFiles/PLOT_LinearRandomFFTWaves.dir/PLOT_LinearRandomFFTWaves.cc.o[0m
[47.976s] [ 76%] Built target PERFORMANCE_LinearRegularWaveSimDisplacements
[48.019s] [ 77%] [32mBuilding CXX object test/plots/CMakeFiles/PLOT_LinearRandomWaves.dir/PLOT_LinearRandomWaves.cc.o[0m
[49.244s] [01m[K/home/blueboat_sitl/gz_ws/src/asv_wave_sim/gz-waves/test/plots/PLOT_GnuPlotExample.cc:[m[K In function ‘[01m[Kint main(int, const char**)[m[K’:
[49.244s] [01m[K/home/blueboat_sitl/gz_ws/src/asv_wave_sim/gz-waves/test/plots/PLOT_GnuPlotExample.cc:30:18:[m[K [01;35m[Kwarning: [m[Kignoring return value of ‘[01m[Kint system(const char*)[m[K’ declared with attribute ‘[01m[Kwarn_unused_result[m[K’ [[01;35m[K-Wunused-result[m[K]
[49.244s]    30 |       [01;35m[Kstd::system(s.c_str())[m[K;
[49.245s]       |       [01;35m[K~~~~~~~~~~~^~~~~~~~~~~[m[K
[49.693s] [ 78%] [32m[1mLinking CXX shared library ../../../lib/libgz-waves1-waves-model-system.so[0m
[50.077s] [ 79%] [32mBuilding CXX object test/plots/CMakeFiles/PLOT_LinearRegularWaves.dir/PLOT_LinearRegularWaves.cc.o[0m
[50.216s] [ 79%] Built target gz-waves1-waves-model-system
[50.274s] [ 80%] [32mBuilding CXX object test/plots/CMakeFiles/PLOT_WaveSpectrum.dir/PLOT_WaveSpectrum.cc.o[0m
[50.343s] [ 81%] [32m[1mLinking CXX executable ../../bin/PERFORMANCE_WaveSpectrumECKV[0m
[50.714s] [ 82%] [32m[1mLinking CXX executable ../../bin/PLOT_GnuPlotExample[0m
[50.755s] [ 82%] Built target PERFORMANCE_WaveSpectrumECKV
[50.891s] [ 82%] Built target PLOT_GnuPlotExample
[51.118s] [01m[K/home/blueboat_sitl/gz_ws/src/asv_wave_sim/gz-waves/test/plots/PLOT_LinearRandomFFTWaves.cc:[m[K In function ‘[01m[Kint main(int, const char**)[m[K’:
[51.118s] [01m[K/home/blueboat_sitl/gz_ws/src/asv_wave_sim/gz-waves/test/plots/PLOT_LinearRandomFFTWaves.cc:39:18:[m[K [01;35m[Kwarning: [m[Kignoring return value of ‘[01m[Kint system(const char*)[m[K’ declared with attribute ‘[01m[Kwarn_unused_result[m[K’ [[01;35m[K-Wunused-result[m[K]
[51.118s]    39 |       [01;35m[Kstd::system(s.c_str())[m[K;
[51.118s]       |       [01;35m[K~~~~~~~~~~~^~~~~~~~~~~[m[K
[51.690s] [01m[K/home/blueboat_sitl/gz_ws/src/asv_wave_sim/gz-waves/test/plots/PLOT_LinearRandomWaves.cc:[m[K In function ‘[01m[Kint main(int, const char**)[m[K’:
[51.690s] [01m[K/home/blueboat_sitl/gz_ws/src/asv_wave_sim/gz-waves/test/plots/PLOT_LinearRandomWaves.cc:39:18:[m[K [01;35m[Kwarning: [m[Kignoring return value of ‘[01m[Kint system(const char*)[m[K’ declared with attribute ‘[01m[Kwarn_unused_result[m[K’ [[01;35m[K-Wunused-result[m[K]
[51.690s]    39 |       [01;35m[Kstd::system(s.c_str())[m[K;
[51.690s]       |       [01;35m[K~~~~~~~~~~~^~~~~~~~~~~[m[K
[52.814s] [ 83%] [32m[1mLinking CXX executable ../../bin/PLOT_LinearRandomFFTWaves[0m
[52.984s] [ 84%] [32m[1mLinking CXX executable ../../bin/PLOT_LinearRandomWaves[0m
[53.096s] [ 84%] Built target PLOT_LinearRandomFFTWaves
[53.239s] [ 84%] Built target PLOT_LinearRandomWaves
[53.380s] [01m[K/home/blueboat_sitl/gz_ws/src/asv_wave_sim/gz-waves/test/plots/PLOT_LinearRegularWaves.cc:[m[K In function ‘[01m[Kint main(int, const char**)[m[K’:
[53.380s] [01m[K/home/blueboat_sitl/gz_ws/src/asv_wave_sim/gz-waves/test/plots/PLOT_LinearRegularWaves.cc:39:18:[m[K [01;35m[Kwarning: [m[Kignoring return value of ‘[01m[Kint system(const char*)[m[K’ declared with attribute ‘[01m[Kwarn_unused_result[m[K’ [[01;35m[K-Wunused-result[m[K]
[53.380s]    39 |       [01;35m[Kstd::system(s.c_str())[m[K;
[53.380s]       |       [01;35m[K~~~~~~~~~~~^~~~~~~~~~~[m[K
[53.396s] [01m[K/home/blueboat_sitl/gz_ws/src/asv_wave_sim/gz-waves/test/plots/PLOT_WaveSpectrum.cc:[m[K In function ‘[01m[Kint main(int, const char**)[m[K’:
[53.396s] [01m[K/home/blueboat_sitl/gz_ws/src/asv_wave_sim/gz-waves/test/plots/PLOT_WaveSpectrum.cc:50:18:[m[K [01;35m[Kwarning: [m[Kignoring return value of ‘[01m[Kint system(const char*)[m[K’ declared with attribute ‘[01m[Kwarn_unused_result[m[K’ [[01;35m[K-Wunused-result[m[K]
[53.396s]    50 |       [01;35m[Kstd::system(s.c_str())[m[K;
[53.396s]       |       [01;35m[K~~~~~~~~~~~^~~~~~~~~~~[m[K
[54.912s] [ 86%] [32m[1mLinking CXX executable ../../bin/PLOT_LinearRegularWaves[0m
[54.914s] [ 87%] [32m[1mLinking CXX executable ../../bin/PLOT_WaveSpectrum[0m
[55.090s] [ 87%] Built target PLOT_LinearRegularWaves
[55.100s] [ 87%] Built target PLOT_WaveSpectrum
[55.159s] [ 88%] [32m[1mLinking CXX shared library ../../../lib/libgz-waves1-rendering.so[0m
[55.267s] [ 88%] Built target gz-waves1-rendering
[55.286s] [ 89%] [32mBuilding CXX object src/systems/waves/CMakeFiles/gz-waves1-rendering-ogre2.dir/Ogre2DisplacementMap.cc.o[0m
[55.286s] [ 91%] [32mBuilding CXX object src/systems/waves/CMakeFiles/gz-waves1-rendering-ogre2.dir/Ogre2OceanGeometry.cc.o[0m
[55.286s] [ 91%] [32mBuilding CXX object src/systems/waves/CMakeFiles/gz-waves1-waves-visual-system.dir/WavesVisual.cc.o[0m
[55.286s] [ 91%] [32mBuilding CXX object src/systems/waves/CMakeFiles/gz-waves1-rendering-ogre2.dir/Ogre2DynamicMesh.cc.o[0m
[55.286s] [ 93%] [32mBuilding CXX object src/systems/waves/CMakeFiles/gz-waves1-rendering-ogre2.dir/Ogre2OceanVisual.cc.o[0m
[55.286s] [ 93%] [32mBuilding CXX object src/systems/waves/CMakeFiles/gz-waves1-rendering-ogre2.dir/Ogre2RenderEngineExtension.cc.o[0m
[55.286s] [ 94%] [32mBuilding CXX object src/systems/waves/CMakeFiles/gz-waves1-rendering-ogre2.dir/Ogre2SceneNodeFactory.cc.o[0m
[56.747s] In file included from [01m[K/usr/include/gz/common5/gz/common.hh:35[m[K,
[56.747s]                  from [01m[K/home/blueboat_sitl/gz_ws/src/asv_wave_sim/gz-waves/src/systems/waves/Ogre2OceanGeometry.cc:18[m[K:
[56.747s] [01m[K/usr/include/gz/common5/gz/common/SuppressWarning.hh:23:72:[m[K [01;36m[Knote: [m[K‘[01m[K#pragma message: gz-common SuppressWarning is deprecated, use gz-utils[m[K’
[56.748s]    23 | #pragma message("gz-common SuppressWarning is deprecated, use gz-utils"[01;36m[K)[m[K
[56.748s]       |                                                                        [01;36m[K^[m[K
[56.794s] In file included from [01m[K/usr/include/OGRE-2.3/OgrePrerequisites.h:30[m[K,
[56.794s]                  from [01m[K/usr/include/OGRE-2.3/Hlms/Pbs/OgreHlmsPbsPrerequisites.h:31[m[K,
[56.794s]                  from [01m[K/usr/include/gz/rendering7/gz/rendering/ogre2/Ogre2Material.hh:29[m[K,
[56.794s]                  from [01m[K/home/blueboat_sitl/gz_ws/src/asv_wave_sim/gz-waves/src/systems/waves/Ogre2OceanGeometry.cc:19[m[K:
[56.794s] [01m[K/usr/include/OGRE-2.3/OgrePlatform.h:360:102:[m[K [01;36m[Knote: [m[K‘[01m[K#pragma message: Ogre can't tell whether this is a debug build. If it is, please add _DEBUG to the preprocessor definitions. Otherwise, you can set OGRE_IGNORE_UNKNOWN_DEBUG to suppress this warning. Ogre will assume this is not a debug build by default. To add _DEBUG with g++, invoke g++ with the argument -D_DEBUG. To add it in CMake, include set( CMAKE_CXX_FLAGS_DEBUG "${CMAKE_CXX_FLAGS_DEBUG} -DDEBUG=1 -D_DEBUG=1" ) at the top of your CMakeLists.txt file. IDEs usually provide the possibility to add preprocessor definitions in the build settings. You can also manually set OGRE_DEBUG_MODE to either 1 or 0 instead of adding _DEBUG.[m[K’
[56.794s]   360 |     "settings. You can also manually set OGRE_DEBUG_MODE to either 1 or 0 instead of adding _DEBUG." [01;36m[K)[m[K
[56.794s]       |                                                                                                      [01;36m[K^[m[K
[56.942s] [ 95%] [32m[1mLinking CXX shared library ../../../lib/libgz-waves1-dynamic-geometry-system.so[0m
[57.101s] In file included from [01m[K/usr/include/OGRE-2.3/OgrePrerequisites.h:30[m[K,
[57.102s]                  from [01m[K/usr/include/OGRE-2.3/OgrePixelFormatGpu.h:31[m[K,
[57.102s]                  from [01m[K/usr/include/OGRE-2.3/OgreHlmsPso.h:31[m[K,
[57.102s]                  from [01m[K/home/blueboat_sitl/gz_ws/src/asv_wave_sim/gz-waves/src/systems/waves/Ogre2DynamicMesh.hh:52[m[K,
[57.102s]                  from [01m[K/home/blueboat_sitl/gz_ws/src/asv_wave_sim/gz-waves/src/systems/waves/Ogre2DynamicMesh.cc:35[m[K:
[57.102s] [01m[K/usr/include/OGRE-2.3/OgrePlatform.h:360:102:[m[K [01;36m[Knote: [m[K‘[01m[K#pragma message: Ogre can't tell whether this is a debug build. If it is, please add _DEBUG to the preprocessor definitions. Otherwise, you can set OGRE_IGNORE_UNKNOWN_DEBUG to suppress this warning. Ogre will assume this is not a debug build by default. To add _DEBUG with g++, invoke g++ with the argument -D_DEBUG. To add it in CMake, include set( CMAKE_CXX_FLAGS_DEBUG "${CMAKE_CXX_FLAGS_DEBUG} -DDEBUG=1 -D_DEBUG=1" ) at the top of your CMakeLists.txt file. IDEs usually provide the possibility to add preprocessor definitions in the build settings. You can also manually set OGRE_DEBUG_MODE to either 1 or 0 instead of adding _DEBUG.[m[K’
[57.102s]   360 |     "settings. You can also manually set OGRE_DEBUG_MODE to either 1 or 0 instead of adding _DEBUG." [01;36m[K)[m[K
[57.102s]       |                                                                                                      [01;36m[K^[m[K
[57.563s] [ 95%] Built target gz-waves1-dynamic-geometry-system
[58.053s] In file included from [01m[K/usr/include/OGRE-2.3/OgrePrerequisites.h:30[m[K,
[58.053s]                  from [01m[K/usr/include/OGRE-2.3/Ogre.h:31[m[K,
[58.053s]                  from [01m[K/usr/include/gz/rendering7/gz/rendering/ogre2/Ogre2Includes.hh:32[m[K,
[58.053s]                  from [01m[K/usr/include/gz/rendering7/gz/rendering/ogre2/Ogre2BoundingBoxCamera.hh:32[m[K,
[58.053s]                  from [01m[K/usr/include/gz/rendering7/gz/rendering/ogre2.hh:25[m[K,
[58.053s]                  from [01m[K/home/blueboat_sitl/gz_ws/src/asv_wave_sim/gz-waves/src/systems/waves/Ogre2DisplacementMap.hh:28[m[K,
[58.053s]                  from [01m[K/home/blueboat_sitl/gz_ws/src/asv_wave_sim/gz-waves/src/systems/waves/Ogre2DisplacementMap.cc:16[m[K:
[58.053s] [01m[K/usr/include/OGRE-2.3/OgrePlatform.h:360:102:[m[K [01;36m[Knote: [m[K‘[01m[K#pragma message: Ogre can't tell whether this is a debug build. If it is, please add _DEBUG to the preprocessor definitions. Otherwise, you can set OGRE_IGNORE_UNKNOWN_DEBUG to suppress this warning. Ogre will assume this is not a debug build by default. To add _DEBUG with g++, invoke g++ with the argument -D_DEBUG. To add it in CMake, include set( CMAKE_CXX_FLAGS_DEBUG "${CMAKE_CXX_FLAGS_DEBUG} -DDEBUG=1 -D_DEBUG=1" ) at the top of your CMakeLists.txt file. IDEs usually provide the possibility to add preprocessor definitions in the build settings. You can also manually set OGRE_DEBUG_MODE to either 1 or 0 instead of adding _DEBUG.[m[K’
[58.053s]   360 | ually set OGRE_DEBUG_MODE to either 1 or 0 instead of adding _DEBUG." [01;36m[K)[m[K
[58.053s]       |                                                                       [01;36m[K^[m[K
[58.054s] 
[59.944s] In file included from [01m[K/usr/include/gz/common5/gz/common.hh:35[m[K,
[59.944s]                  from [01m[K/home/blueboat_sitl/gz_ws/src/asv_wave_sim/gz-waves/include/gz/waves/OceanTile.hh:24[m[K,
[59.945s]                  from [01m[K/home/blueboat_sitl/gz_ws/src/asv_wave_sim/gz-waves/src/systems/waves/Ogre2OceanVisual.hh:24[m[K,
[59.945s]                  from [01m[K/home/blueboat_sitl/gz_ws/src/asv_wave_sim/gz-waves/src/systems/waves/Ogre2OceanVisual.cc:16[m[K:
[59.945s] [01m[K/usr/include/gz/common5/gz/common/SuppressWarning.hh:23:72:[m[K [01;36m[Knote: [m[K‘[01m[K#pragma message: gz-common SuppressWarning is deprecated, use gz-utils[m[K’
[59.945s]    23 | #pragma message("gz-common SuppressWarning is deprecated, use gz-utils"[01;36m[K)[m[K
[59.945s]       |                                                                        [01;36m[K^[m[K
[60.921s] In file included from [01m[K/usr/include/gz/common5/gz/common.hh:35[m[K,
[60.921s]                  from [01m[K/home/blueboat_sitl/gz_ws/src/asv_wave_sim/gz-waves/include/gz/waves/OceanTile.hh:24[m[K,
[60.921s]                  from [01m[K/home/blueboat_sitl/gz_ws/src/asv_wave_sim/gz-waves/src/systems/waves/OceanVisual.hh:29[m[K,
[60.921s]                  from [01m[K/home/blueboat_sitl/gz_ws/src/asv_wave_sim/gz-waves/src/systems/waves/SceneNodeFactory.hh:27[m[K,
[60.921s]                  from [01m[K/home/blueboat_sitl/gz_ws/src/asv_wave_sim/gz-waves/src/systems/waves/RenderEngineExtension.hh:45[m[K,
[60.921s]                  from [01m[K/home/blueboat_sitl/gz_ws/src/asv_wave_sim/gz-waves/src/systems/waves/BaseRenderEngineExtension.hh:27[m[K,
[60.921s]                  from [01m[K/home/blueboat_sitl/gz_ws/src/asv_wave_sim/gz-waves/src/systems/waves/Ogre2RenderEngineExtension.hh:31[m[K,
[60.921s]                  from [01m[K/home/blueboat_sitl/gz_ws/src/asv_wave_sim/gz-waves/src/systems/waves/Ogre2RenderEngineExtension.cc:16[m[K:
[60.921s] [01m[K/usr/include/gz/common5/gz/common/SuppressWarning.hh:23:72:[m[K [01;36m[Knote: [m[K‘[01m[K#pragma message: gz-common SuppressWarning is deprecated, use gz-utils[m[K’
[60.921s]    23 | #pragma message("gz-common SuppressWarning is deprecated, use gz-utils"[01;36m[K)[m[K
[60.921s]       |                                                                        [01;36m[K^[m[K
[61.130s] In file included from [01m[K/usr/include/gz/common5/gz/common.hh:35[m[K,
[61.131s]                  from [01m[K/home/blueboat_sitl/gz_ws/src/asv_wave_sim/gz-waves/include/gz/waves/OceanTile.hh:24[m[K,
[61.131s]                  from [01m[K/home/blueboat_sitl/gz_ws/src/asv_wave_sim/gz-waves/src/systems/waves/OceanVisual.hh:29[m[K,
[61.131s]                  from [01m[K/home/blueboat_sitl/gz_ws/src/asv_wave_sim/gz-waves/src/systems/waves/SceneNodeFactory.hh:27[m[K,
[61.131s]                  from [01m[K/home/blueboat_sitl/gz_ws/src/asv_wave_sim/gz-waves/src/systems/waves/Ogre2SceneNodeFactory.hh:25[m[K,
[61.131s]                  from [01m[K/home/blueboat_sitl/gz_ws/src/asv_wave_sim/gz-waves/src/systems/waves/Ogre2SceneNodeFactory.cc:16[m[K:
[61.131s] [01m[K/usr/include/gz/common5/gz/common/SuppressWarning.hh:23:72:[m[K [01;36m[Knote: [m[K‘[01m[K#pragma message: gz-common SuppressWarning is deprecated, use gz-utils[m[K’
[61.131s]    23 | #pragma message("gz-common SuppressWarning is deprecated, use gz-utils"[01;36m[K)[m[K
[61.131s]       |                                                                        [01;36m[K^[m[K
[62.270s] [ 96%] [32m[1mLinking CXX shared library ../../../lib/libgz-waves1-hydrodynamics-system.so[0m
[62.647s] In file included from [01m[K/usr/include/gz/common5/gz/common.hh:35[m[K,
[62.648s]                  from [01m[K/home/blueboat_sitl/gz_ws/src/asv_wave_sim/gz-waves/include/gz/waves/OceanTile.hh:24[m[K,
[62.648s]                  from [01m[K/home/blueboat_sitl/gz_ws/src/asv_wave_sim/gz-waves/src/systems/waves/WavesVisual.cc:74[m[K:
[62.648s] [01m[K/usr/include/gz/common5/gz/common/SuppressWarning.hh:23:72:[m[K [01;36m[Knote: [m[K‘[01m[K#pragma message: gz-common SuppressWarning is deprecated, use gz-utils[m[K’
[62.648s]    23 | #pragma message("gz-common SuppressWarning is deprecated, use gz-utils"[01;36m[K)[m[K
[62.648s]       |                                                                        [01;36m[K^[m[K
[62.693s] [ 96%] Built target gz-waves1-hydrodynamics-system
[64.297s] In file included from [01m[K/usr/include/OGRE-2.3/OgrePrerequisites.h:30[m[K,
[64.297s]                  from [01m[K/usr/include/OGRE-2.3/Hlms/Pbs/OgreHlmsPbsPrerequisites.h:31[m[K,
[64.297s]                  from [01m[K/usr/include/gz/rendering7/gz/rendering/ogre2/Ogre2Material.hh:29[m[K,
[64.297s]                  from [01m[K/home/blueboat_sitl/gz_ws/src/asv_wave_sim/gz-waves/src/systems/waves/Ogre2OceanVisual.cc:20[m[K:
[64.298s] [01m[K/usr/include/OGRE-2.3/OgrePlatform.h:360:102:[m[K [01;36m[Knote: [m[K‘[01m[K#pragma message: Ogre can't tell whether this is a debug build. If it is, please add _DEBUG to the preprocessor definitions. Otherwise, you can set OGRE_IGNORE_UNKNOWN_DEBUG to suppress this warning. Ogre will assume this is not a debug build by default. To add _DEBUG with g++, invoke g++ with the argument -D_DEBUG. To add it in CMake, include set( CMAKE_CXX_FLAGS_DEBUG "${CMAKE_CXX_FLAGS_DEBUG} -DDEBUG=1 -D_DEBUG=1" ) at the top of your CMakeLists.txt file. IDEs usually provide the possibility to add preprocessor definitions in the build settings. You can also manually set OGRE_DEBUG_MODE to either 1 or 0 instead of adding _DEBUG.[m[K’
[64.298s]   360 |     "settings. You can also manually set OGRE_DEBUG_MODE to either 1 or 0 instead of adding _DEBUG." [01;36m[K)[m[K
[64.298s]       |                                                                                                      [01;36m[K^[m[K
[65.761s] In file included from [01m[K/usr/include/OGRE-2.3/OgrePrerequisites.h:30[m[K,
[65.761s]                  from [01m[K/usr/include/OGRE-2.3/Ogre.h:31[m[K,
[65.761s]                  from [01m[K/usr/include/gz/rendering7/gz/rendering/ogre2/Ogre2Includes.hh:32[m[K,
[65.761s]                  from [01m[K/usr/include/gz/rendering7/gz/rendering/ogre2/Ogre2BoundingBoxCamera.hh:32[m[K,
[65.761s]                  from [01m[K/usr/include/gz/rendering7/gz/rendering/ogre2.hh:25[m[K,
[65.762s]                  from [01m[K/home/blueboat_sitl/gz_ws/src/asv_wave_sim/gz-waves/src/systems/waves/Ogre2DisplacementMap.hh:28[m[K,
[65.762s]                  from [01m[K/home/blueboat_sitl/gz_ws/src/asv_wave_sim/gz-waves/src/systems/waves/Ogre2SceneNodeFactory.cc:25[m[K:
[65.762s] [01m[K/usr/include/OGRE-2.3/OgrePlatform.h:360:102:[m[K [01;36m[Knote: [m[K‘[01m[K#pragma message: Ogre can't tell whether this is a debug build. If it is, please add _DEBUG to the preprocessor definitions. Otherwise, you can set OGRE_IGNORE_UNKNOWN_DEBUG to suppress this warning. Ogre will assume this is not a debug build by default. To add _DEBUG with g++, invoke g++ with the argument -D_DEBUG. To add it in CMake, include set( CMAKE_CXX_FLAGS_DEBUG "${CMAKE_CXX_FLAGS_DEBUG} -DDEBUG=1 -D_DEBUG=1" ) at the top of your CMakeLists.txt file. IDEs usually provide the possibility to add preprocessor definitions in the build settings. You can also manually set OGRE_DEBUG_MODE to either 1 or 0 instead of adding _DEBUG.[m[K’
[65.762s]   360 |     "settings. You can also manually set OGRE_DEBUG_MODE to either 1 or 0 instead of adding _DEBUG." [01;36m[K)[m[K
[65.762s]       |                                                                                                      [01;36m[K^[m[K
[66.272s] [ 97%] [32m[1mLinking CXX executable ../bin/UNIT_CGAL_TEST[0m
[66.691s] [ 97%] Built target UNIT_CGAL_TEST
[72.393s] [ 98%] [32m[1mLinking CXX shared library ../../../lib/libgz-waves1-waves-visual-system.so[0m
[72.615s] [ 98%] Built target gz-waves1-waves-visual-system
[74.471s] [100%] [32m[1mLinking CXX shared library ../../../lib/libgz-waves1-rendering-ogre2.so[0m
[74.680s] [100%] Built target gz-waves1-rendering-ogre2
[74.689s] Invoked command in '/home/blueboat_sitl/gz_ws/build/gz-waves1' returned '0': /usr/bin/cmake --build /home/blueboat_sitl/gz_ws/build/gz-waves1 -- -j12 -l12
[74.697s] Invoking command in '/home/blueboat_sitl/gz_ws/build/gz-waves1': /usr/bin/cmake --install /home/blueboat_sitl/gz_ws/build/gz-waves1
[74.702s] -- Install configuration: "RelWithDebInfo"
[74.702s] -- Installing: /home/blueboat_sitl/gz_ws/install/lib/cmake/gz-waves1-all/gz-waves1-all-config.cmake
[74.702s] -- Installing: /home/blueboat_sitl/gz_ws/install/lib/cmake/gz-waves1-all/gz-waves1-all-config-version.cmake
[74.702s] -- Installing: /home/blueboat_sitl/gz_ws/install/lib/cmake/gz-waves1-all/gz-waves1-all-targets.cmake
[74.703s] -- Installing: /home/blueboat_sitl/gz_ws/install/include/gz/waves1/gz/waves/detail/Export.hh
[74.703s] -- Installing: /home/blueboat_sitl/gz_ws/install/include/gz/waves1/gz/waves/Export.hh
[74.703s] -- Installing: /home/blueboat_sitl/gz_ws/install/lib/libgz-waves1.so.1.0.0
[74.717s] -- Installing: /home/blueboat_sitl/gz_ws/install/lib/libgz-waves1.so.1
[74.717s] -- Installing: /home/blueboat_sitl/gz_ws/install/lib/libgz-waves1.so
[74.717s] -- Installing: /home/blueboat_sitl/gz_ws/install/lib/cmake/gz-waves1/gz-waves1-config.cmake
[74.717s] -- Installing: /home/blueboat_sitl/gz_ws/install/lib/cmake/gz-waves1/gz-waves1-config-version.cmake
[74.717s] -- Installing: /home/blueboat_sitl/gz_ws/install/lib/cmake/gz-waves1/gz-waves1-targets.cmake
[74.717s] -- Installing: /home/blueboat_sitl/gz_ws/install/lib/cmake/gz-waves1/gz-waves1-targets-relwithdebinfo.cmake
[74.717s] -- Installing: /home/blueboat_sitl/gz_ws/install/lib/pkgconfig/gz-waves1.pc
[74.718s] -- Installing: /home/blueboat_sitl/gz_ws/install/include/gz/waves1/gz/waves/dynamic-geometry-system/detail/Export.hh
[74.718s] -- Installing: /home/blueboat_sitl/gz_ws/install/include/gz/waves1/gz/waves/dynamic-geometry-system/Export.hh
[74.718s] -- Installing: /home/blueboat_sitl/gz_ws/install/lib/libgz-waves1-dynamic-geometry-system.so.1.0.0
[74.721s] -- Installing: /home/blueboat_sitl/gz_ws/install/lib/libgz-waves1-dynamic-geometry-system.so.1
[74.721s] -- Set runtime path of "/home/blueboat_sitl/gz_ws/install/lib/libgz-waves1-dynamic-geometry-system.so.1.0.0" to ""
[74.721s] -- Installing: /home/blueboat_sitl/gz_ws/install/lib/libgz-waves1-dynamic-geometry-system.so
[74.721s] -- Installing: /home/blueboat_sitl/gz_ws/install/lib/cmake/gz-waves1-dynamic-geometry-system/gz-waves1-dynamic-geometry-system-config.cmake
[74.722s] -- Installing: /home/blueboat_sitl/gz_ws/install/lib/cmake/gz-waves1-dynamic-geometry-system/gz-waves1-dynamic-geometry-system-config-version.cmake
[74.722s] -- Installing: /home/blueboat_sitl/gz_ws/install/lib/cmake/gz-waves1-dynamic-geometry-system/gz-waves1-dynamic-geometry-system-targets.cmake
[74.722s] -- Installing: /home/blueboat_sitl/gz_ws/install/lib/cmake/gz-waves1-dynamic-geometry-system/gz-waves1-dynamic-geometry-system-targets-relwithdebinfo.cmake
[74.722s] -- Installing: /home/blueboat_sitl/gz_ws/install/lib/pkgconfig/gz-waves1-dynamic-geometry-system.pc
[74.722s] -- Installing: /home/blueboat_sitl/gz_ws/install/include/gz/waves1/gz/waves/hydrodynamics-system/detail/Export.hh
[74.723s] -- Installing: /home/blueboat_sitl/gz_ws/install/include/gz/waves1/gz/waves/hydrodynamics-system/Export.hh
[74.723s] -- Installing: /home/blueboat_sitl/gz_ws/install/lib/libgz-waves1-hydrodynamics-system.so.1.0.0
[74.728s] -- Installing: /home/blueboat_sitl/gz_ws/install/lib/libgz-waves1-hydrodynamics-system.so.1
[74.729s] -- Set runtime path of "/home/blueboat_sitl/gz_ws/install/lib/libgz-waves1-hydrodynamics-system.so.1.0.0" to ""
[74.729s] -- Installing: /home/blueboat_sitl/gz_ws/install/lib/libgz-waves1-hydrodynamics-system.so
[74.729s] -- Installing: /home/blueboat_sitl/gz_ws/install/lib/cmake/gz-waves1-hydrodynamics-system/gz-waves1-hydrodynamics-system-config.cmake
[74.729s] -- Installing: /home/blueboat_sitl/gz_ws/install/lib/cmake/gz-waves1-hydrodynamics-system/gz-waves1-hydrodynamics-system-config-version.cmake
[74.729s] -- Installing: /home/blueboat_sitl/gz_ws/install/lib/cmake/gz-waves1-hydrodynamics-system/gz-waves1-hydrodynamics-system-targets.cmake
[74.729s] -- Installing: /home/blueboat_sitl/gz_ws/install/lib/cmake/gz-waves1-hydrodynamics-system/gz-waves1-hydrodynamics-system-targets-relwithdebinfo.cmake
[74.729s] -- Installing: /home/blueboat_sitl/gz_ws/install/lib/pkgconfig/gz-waves1-hydrodynamics-system.pc
[74.730s] -- Installing: /home/blueboat_sitl/gz_ws/install/include/gz/waves1/gz/waves/rendering/detail/Export.hh
[74.730s] -- Installing: /home/blueboat_sitl/gz_ws/install/include/gz/waves1/gz/waves/rendering/Export.hh
[74.730s] -- Installing: /home/blueboat_sitl/gz_ws/install/lib/libgz-waves1-rendering.so.1.0.0
[74.732s] -- Installing: /home/blueboat_sitl/gz_ws/install/lib/libgz-waves1-rendering.so.1
[74.732s] -- Set runtime path of "/home/blueboat_sitl/gz_ws/install/lib/libgz-waves1-rendering.so.1.0.0" to ""
[74.732s] -- Installing: /home/blueboat_sitl/gz_ws/install/lib/libgz-waves1-rendering.so
[74.732s] -- Installing: /home/blueboat_sitl/gz_ws/install/lib/cmake/gz-waves1-rendering/gz-waves1-rendering-config.cmake
[74.732s] -- Installing: /home/blueboat_sitl/gz_ws/install/lib/cmake/gz-waves1-rendering/gz-waves1-rendering-config-version.cmake
[74.732s] -- Installing: /home/blueboat_sitl/gz_ws/install/lib/cmake/gz-waves1-rendering/gz-waves1-rendering-targets.cmake
[74.732s] -- Installing: /home/blueboat_sitl/gz_ws/install/lib/cmake/gz-waves1-rendering/gz-waves1-rendering-targets-relwithdebinfo.cmake
[74.732s] -- Installing: /home/blueboat_sitl/gz_ws/install/lib/pkgconfig/gz-waves1-rendering.pc
[74.733s] -- Installing: /home/blueboat_sitl/gz_ws/install/include/gz/waves1/gz/waves/rendering-ogre2/detail/Export.hh
[74.733s] -- Installing: /home/blueboat_sitl/gz_ws/install/include/gz/waves1/gz/waves/rendering-ogre2/Export.hh
[74.733s] -- Installing: /home/blueboat_sitl/gz_ws/install/lib/libgz-waves1-rendering-ogre2.so.1.0.0
[74.737s] -- Installing: /home/blueboat_sitl/gz_ws/install/lib/libgz-waves1-rendering-ogre2.so.1
[74.738s] -- Set runtime path of "/home/blueboat_sitl/gz_ws/install/lib/libgz-waves1-rendering-ogre2.so.1.0.0" to ""
[74.738s] -- Installing: /home/blueboat_sitl/gz_ws/install/lib/libgz-waves1-rendering-ogre2.so
[74.738s] -- Installing: /home/blueboat_sitl/gz_ws/install/lib/cmake/gz-waves1-rendering-ogre2/gz-waves1-rendering-ogre2-config.cmake
[74.738s] -- Installing: /home/blueboat_sitl/gz_ws/install/lib/cmake/gz-waves1-rendering-ogre2/gz-waves1-rendering-ogre2-config-version.cmake
[74.738s] -- Installing: /home/blueboat_sitl/gz_ws/install/lib/cmake/gz-waves1-rendering-ogre2/gz-waves1-rendering-ogre2-targets.cmake
[74.738s] -- Installing: /home/blueboat_sitl/gz_ws/install/lib/cmake/gz-waves1-rendering-ogre2/gz-waves1-rendering-ogre2-targets-relwithdebinfo.cmake
[74.738s] -- Installing: /home/blueboat_sitl/gz_ws/install/lib/pkgconfig/gz-waves1-rendering-ogre2.pc
[74.738s] -- Installing: /home/blueboat_sitl/gz_ws/install/include/gz/waves1/gz/waves/waves-visual-system/detail/Export.hh
[74.738s] -- Installing: /home/blueboat_sitl/gz_ws/install/include/gz/waves1/gz/waves/waves-visual-system/Export.hh
[74.738s] -- Installing: /home/blueboat_sitl/gz_ws/install/lib/libgz-waves1-waves-visual-system.so.1.0.0
[74.742s] -- Installing: /home/blueboat_sitl/gz_ws/install/lib/libgz-waves1-waves-visual-system.so.1
[74.743s] -- Set runtime path of "/home/blueboat_sitl/gz_ws/install/lib/libgz-waves1-waves-visual-system.so.1.0.0" to ""
[74.743s] -- Installing: /home/blueboat_sitl/gz_ws/install/lib/libgz-waves1-waves-visual-system.so
[74.743s] -- Installing: /home/blueboat_sitl/gz_ws/install/lib/cmake/gz-waves1-waves-visual-system/gz-waves1-waves-visual-system-config.cmake
[74.743s] -- Installing: /home/blueboat_sitl/gz_ws/install/lib/cmake/gz-waves1-waves-visual-system/gz-waves1-waves-visual-system-config-version.cmake
[74.743s] -- Installing: /home/blueboat_sitl/gz_ws/install/lib/cmake/gz-waves1-waves-visual-system/gz-waves1-waves-visual-system-targets.cmake
[74.743s] -- Installing: /home/blueboat_sitl/gz_ws/install/lib/cmake/gz-waves1-waves-visual-system/gz-waves1-waves-visual-system-targets-relwithdebinfo.cmake
[74.743s] -- Installing: /home/blueboat_sitl/gz_ws/install/lib/pkgconfig/gz-waves1-waves-visual-system.pc
[74.743s] -- Installing: /home/blueboat_sitl/gz_ws/install/include/gz/waves1/gz/waves/waves-model-system/detail/Export.hh
[74.743s] -- Installing: /home/blueboat_sitl/gz_ws/install/include/gz/waves1/gz/waves/waves-model-system/Export.hh
[74.743s] -- Installing: /home/blueboat_sitl/gz_ws/install/lib/libgz-waves1-waves-model-system.so.1.0.0
[74.746s] -- Installing: /home/blueboat_sitl/gz_ws/install/lib/libgz-waves1-waves-model-system.so.1
[74.746s] -- Set runtime path of "/home/blueboat_sitl/gz_ws/install/lib/libgz-waves1-waves-model-system.so.1.0.0" to ""
[74.746s] -- Installing: /home/blueboat_sitl/gz_ws/install/lib/libgz-waves1-waves-model-system.so
[74.746s] -- Installing: /home/blueboat_sitl/gz_ws/install/lib/cmake/gz-waves1-waves-model-system/gz-waves1-waves-model-system-config.cmake
[74.746s] -- Installing: /home/blueboat_sitl/gz_ws/install/lib/cmake/gz-waves1-waves-model-system/gz-waves1-waves-model-system-config-version.cmake
[74.746s] -- Installing: /home/blueboat_sitl/gz_ws/install/lib/cmake/gz-waves1-waves-model-system/gz-waves1-waves-model-system-targets.cmake
[74.746s] -- Installing: /home/blueboat_sitl/gz_ws/install/lib/cmake/gz-waves1-waves-model-system/gz-waves1-waves-model-system-targets-relwithdebinfo.cmake
[74.746s] -- Installing: /home/blueboat_sitl/gz_ws/install/lib/pkgconfig/gz-waves1-waves-model-system.pc
[74.747s] -- Installing: /home/blueboat_sitl/gz_ws/install/include/gz/waves1/gz/waves/components/Wavefield.hh
[74.747s] -- Installing: /home/blueboat_sitl/gz_ws/install/include/gz/waves1/gz/waves/Algorithm.hh
[74.747s] -- Installing: /home/blueboat_sitl/gz_ws/install/include/gz/waves1/gz/waves/CGALTypes.hh
[74.747s] -- Installing: /home/blueboat_sitl/gz_ws/install/include/gz/waves1/gz/waves/Convert.hh
[74.747s] -- Installing: /home/blueboat_sitl/gz_ws/install/include/gz/waves1/gz/waves/Geometry.hh
[74.747s] -- Installing: /home/blueboat_sitl/gz_ws/install/include/gz/waves1/gz/waves/Grid.hh
[74.747s] -- Installing: /home/blueboat_sitl/gz_ws/install/include/gz/waves1/gz/waves/LinearRandomFFTWaveSimulation.hh
[74.747s] -- Installing: /home/blueboat_sitl/gz_ws/install/include/gz/waves1/gz/waves/LinearRandomWaveSimulation.hh
[74.747s] -- Installing: /home/blueboat_sitl/gz_ws/install/include/gz/waves1/gz/waves/LinearRegularWaveSimulation.hh
[74.747s] -- Installing: /home/blueboat_sitl/gz_ws/install/include/gz/waves1/gz/waves/MeshTools.hh
[74.748s] -- Installing: /home/blueboat_sitl/gz_ws/install/include/gz/waves1/gz/waves/OceanTile.hh
[74.748s] -- Installing: /home/blueboat_sitl/gz_ws/install/include/gz/waves1/gz/waves/PhysicalConstants.hh
[74.748s] -- Installing: /home/blueboat_sitl/gz_ws/install/include/gz/waves1/gz/waves/Physics.hh
[74.748s] -- Installing: /home/blueboat_sitl/gz_ws/install/include/gz/waves1/gz/waves/TriangulatedGrid.hh
[74.748s] -- Installing: /home/blueboat_sitl/gz_ws/install/include/gz/waves1/gz/waves/TrochoidIrregularWaveSimulation.hh
[74.748s] -- Installing: /home/blueboat_sitl/gz_ws/install/include/gz/waves1/gz/waves/Types.hh
[74.748s] -- Installing: /home/blueboat_sitl/gz_ws/install/include/gz/waves1/gz/waves/Utilities.hh
[74.748s] -- Installing: /home/blueboat_sitl/gz_ws/install/include/gz/waves1/gz/waves/WaveParameters.hh
[74.748s] -- Installing: /home/blueboat_sitl/gz_ws/install/include/gz/waves1/gz/waves/WaveSimulation.hh
[74.748s] -- Installing: /home/blueboat_sitl/gz_ws/install/include/gz/waves1/gz/waves/WaveSpectrum.hh
[74.748s] -- Installing: /home/blueboat_sitl/gz_ws/install/include/gz/waves1/gz/waves/WaveSpreadingFunction.hh
[74.748s] -- Installing: /home/blueboat_sitl/gz_ws/install/include/gz/waves1/gz/waves/Wavefield.hh
[74.748s] -- Installing: /home/blueboat_sitl/gz_ws/install/include/gz/waves1/gz/waves/WavefieldSampler.hh
[74.748s] -- Installing: /home/blueboat_sitl/gz_ws/install/include/gz/waves1/gz/waves.hh
[74.748s] -- Installing: /home/blueboat_sitl/gz_ws/install/include/gz/waves1/gz/waves/config.hh
[74.749s] -- Installing: /home/blueboat_sitl/gz_ws/install/include/gz/waves1/gz/waves/components.hh
[74.749s] -- Installing: /home/blueboat_sitl/gz_ws/install/bin/PLOT_GnuPlotExample
[74.750s] -- Set runtime path of "/home/blueboat_sitl/gz_ws/install/bin/PLOT_GnuPlotExample" to ""
[74.750s] -- Installing: /home/blueboat_sitl/gz_ws/install/bin/PLOT_LinearRandomFFTWaves
[74.751s] -- Set runtime path of "/home/blueboat_sitl/gz_ws/install/bin/PLOT_LinearRandomFFTWaves" to ""
[74.751s] -- Installing: /home/blueboat_sitl/gz_ws/install/bin/PLOT_LinearRandomWaves
[74.751s] -- Set runtime path of "/home/blueboat_sitl/gz_ws/install/bin/PLOT_LinearRandomWaves" to ""
[74.752s] -- Installing: /home/blueboat_sitl/gz_ws/install/bin/PLOT_LinearRegularWaves
[74.752s] -- Set runtime path of "/home/blueboat_sitl/gz_ws/install/bin/PLOT_LinearRegularWaves" to ""
[74.752s] -- Installing: /home/blueboat_sitl/gz_ws/install/bin/PLOT_WaveSpectrum
[74.753s] -- Set runtime path of "/home/blueboat_sitl/gz_ws/install/bin/PLOT_WaveSpectrum" to ""
[74.754s] Invoked command in '/home/blueboat_sitl/gz_ws/build/gz-waves1' returned '0': /usr/bin/cmake --install /home/blueboat_sitl/gz_ws/build/gz-waves1
