[0.014s] Invoking command in '/home/blueboat_sitl/gz_ws/build/gz-waves1': /usr/bin/cmake --build /home/blueboat_sitl/gz_ws/build/gz-waves1 -- -j12 -l12
[0.059s] [  2%] Built target gtest
[0.076s] [  4%] Built target gtest_main
[0.146s] [ 26%] Built target gz-waves1
[0.171s] [ 27%] Built target UNIT_Algorithm_TEST
[0.174s] [ 30%] Built target UNIT_LinearRandomFFTWaveSimulation_TEST
[0.174s] [ 32%] Built target UNIT_EigenFFTW_TEST
[0.176s] [ 34%] Built target UNIT_WaveSpectrum_TEST
[0.190s] [ 36%] Built target UNIT_Geometry_TEST
[0.192s] [ 39%] Built target UNIT_TriangulatedGrid_TEST
[0.192s] [ 40%] Built target UNIT_Wavefield_TEST
[0.194s] [ 43%] Built target UNIT_Grid_TEST
[0.201s] [ 45%] Built target UNIT_Physics_TEST
[0.204s] [ 47%] Built target UNIT_MeshTools_TEST
[0.207s] [ 48%] Built target UNIT_WaveSpreadingFunction_TEST
[0.209s] [ 50%] Built target UNIT_CGAL_TEST
[0.210s] [ 51%] Built target UNIT_LinearRegularWaveSimulation_TEST
[0.223s] [ 53%] Built target PERFORMANCE_EigenReturnByValue
[0.227s] [ 54%] Built target PERFORMANCE_LinearRandomFFTWaveSimBaseAmplitudes
[0.229s] [ 56%] Built target gz-waves1-dynamic-geometry-system
[0.232s] [ 62%] Built target gz-waves1-hydrodynamics-system
[0.233s] [ 62%] Built target PERFORMANCE_LinearRandomFFTWaveSimDisplacements
[0.233s] [ 63%] Built target gz-waves1-waves-model-system
[0.240s] [ 65%] Built target PERFORMANCE_LinearRegularWaveSimDisplacements
[0.241s] [ 67%] Built target PERFORMANCE_LinearRandomFFTWaveSimCurrentAmplitudes
[0.244s] [ 68%] Built target PLOT_GnuPlotExample
[0.244s] [ 70%] Built target PERFORMANCE_LinearRandomFFTWaveSimElevationAt
[0.244s] [ 73%] Built target PERFORMANCE_WaveSpectrumECKV
[0.246s] [ 82%] Built target gz-waves1-rendering
[0.253s] [ 87%] Built target PLOT_LinearRandomFFTWaves
[0.253s] [ 87%] Built target PLOT_LinearRandomWaves
[0.257s] [ 91%] Built target PLOT_LinearRegularWaves
[0.257s] [ 91%] Built target PLOT_WaveSpectrum
[0.278s] [ 93%] Built target gz-waves1-waves-visual-system
[0.296s] [100%] Built target gz-waves1-rendering-ogre2
[0.305s] Invoked command in '/home/blueboat_sitl/gz_ws/build/gz-waves1' returned '0': /usr/bin/cmake --build /home/blueboat_sitl/gz_ws/build/gz-waves1 -- -j12 -l12
[0.313s] Invoking command in '/home/blueboat_sitl/gz_ws/build/gz-waves1': /usr/bin/cmake --install /home/blueboat_sitl/gz_ws/build/gz-waves1
[0.318s] -- Install configuration: "RelWithDebInfo"
[0.318s] -- Up-to-date: /home/blueboat_sitl/gz_ws/install/lib/cmake/gz-waves1-all/gz-waves1-all-config.cmake
[0.318s] -- Up-to-date: /home/blueboat_sitl/gz_ws/install/lib/cmake/gz-waves1-all/gz-waves1-all-config-version.cmake
[0.318s] -- Up-to-date: /home/blueboat_sitl/gz_ws/install/lib/cmake/gz-waves1-all/gz-waves1-all-targets.cmake
[0.319s] -- Up-to-date: /home/blueboat_sitl/gz_ws/install/include/gz/waves1/gz/waves/detail/Export.hh
[0.319s] -- Up-to-date: /home/blueboat_sitl/gz_ws/install/include/gz/waves1/gz/waves/Export.hh
[0.319s] -- Up-to-date: /home/blueboat_sitl/gz_ws/install/lib/libgz-waves1.so.1.0.0
[0.319s] -- Up-to-date: /home/blueboat_sitl/gz_ws/install/lib/libgz-waves1.so.1
[0.319s] -- Up-to-date: /home/blueboat_sitl/gz_ws/install/lib/libgz-waves1.so
[0.319s] -- Up-to-date: /home/blueboat_sitl/gz_ws/install/lib/cmake/gz-waves1/gz-waves1-config.cmake
[0.320s] -- Up-to-date: /home/blueboat_sitl/gz_ws/install/lib/cmake/gz-waves1/gz-waves1-config-version.cmake
[0.320s] -- Up-to-date: /home/blueboat_sitl/gz_ws/install/lib/cmake/gz-waves1/gz-waves1-targets.cmake
[0.320s] -- Up-to-date: /home/blueboat_sitl/gz_ws/install/lib/cmake/gz-waves1/gz-waves1-targets-relwithdebinfo.cmake
[0.320s] -- Up-to-date: /home/blueboat_sitl/gz_ws/install/lib/pkgconfig/gz-waves1.pc
[0.320s] -- Up-to-date: /home/blueboat_sitl/gz_ws/install/include/gz/waves1/gz/waves/dynamic-geometry-system/detail/Export.hh
[0.320s] -- Up-to-date: /home/blueboat_sitl/gz_ws/install/include/gz/waves1/gz/waves/dynamic-geometry-system/Export.hh
[0.321s] -- Up-to-date: /home/blueboat_sitl/gz_ws/install/lib/libgz-waves1-dynamic-geometry-system.so.1.0.0
[0.321s] -- Up-to-date: /home/blueboat_sitl/gz_ws/install/lib/libgz-waves1-dynamic-geometry-system.so.1
[0.321s] -- Up-to-date: /home/blueboat_sitl/gz_ws/install/lib/libgz-waves1-dynamic-geometry-system.so
[0.321s] -- Up-to-date: /home/blueboat_sitl/gz_ws/install/lib/cmake/gz-waves1-dynamic-geometry-system/gz-waves1-dynamic-geometry-system-config.cmake
[0.321s] -- Up-to-date: /home/blueboat_sitl/gz_ws/install/lib/cmake/gz-waves1-dynamic-geometry-system/gz-waves1-dynamic-geometry-system-config-version.cmake
[0.321s] -- Up-to-date: /home/blueboat_sitl/gz_ws/install/lib/cmake/gz-waves1-dynamic-geometry-system/gz-waves1-dynamic-geometry-system-targets.cmake
[0.321s] -- Up-to-date: /home/blueboat_sitl/gz_ws/install/lib/cmake/gz-waves1-dynamic-geometry-system/gz-waves1-dynamic-geometry-system-targets-relwithdebinfo.cmake
[0.321s] -- Up-to-date: /home/blueboat_sitl/gz_ws/install/lib/pkgconfig/gz-waves1-dynamic-geometry-system.pc
[0.322s] -- Up-to-date: /home/blueboat_sitl/gz_ws/install/include/gz/waves1/gz/waves/hydrodynamics-system/detail/Export.hh
[0.322s] -- Up-to-date: /home/blueboat_sitl/gz_ws/install/include/gz/waves1/gz/waves/hydrodynamics-system/Export.hh
[0.322s] -- Up-to-date: /home/blueboat_sitl/gz_ws/install/lib/libgz-waves1-hydrodynamics-system.so.1.0.0
[0.322s] -- Up-to-date: /home/blueboat_sitl/gz_ws/install/lib/libgz-waves1-hydrodynamics-system.so.1
[0.322s] -- Up-to-date: /home/blueboat_sitl/gz_ws/install/lib/libgz-waves1-hydrodynamics-system.so
[0.322s] -- Up-to-date: /home/blueboat_sitl/gz_ws/install/lib/cmake/gz-waves1-hydrodynamics-system/gz-waves1-hydrodynamics-system-config.cmake
[0.322s] -- Up-to-date: /home/blueboat_sitl/gz_ws/install/lib/cmake/gz-waves1-hydrodynamics-system/gz-waves1-hydrodynamics-system-config-version.cmake
[0.323s] -- Up-to-date: /home/blueboat_sitl/gz_ws/install/lib/cmake/gz-waves1-hydrodynamics-system/gz-waves1-hydrodynamics-system-targets.cmake
[0.323s] -- Up-to-date: /home/blueboat_sitl/gz_ws/install/lib/cmake/gz-waves1-hydrodynamics-system/gz-waves1-hydrodynamics-system-targets-relwithdebinfo.cmake
[0.323s] -- Up-to-date: /home/blueboat_sitl/gz_ws/install/lib/pkgconfig/gz-waves1-hydrodynamics-system.pc
[0.323s] -- Up-to-date: /home/blueboat_sitl/gz_ws/install/include/gz/waves1/gz/waves/rendering/detail/Export.hh
[0.323s] -- Up-to-date: /home/blueboat_sitl/gz_ws/install/include/gz/waves1/gz/waves/rendering/Export.hh
[0.323s] -- Up-to-date: /home/blueboat_sitl/gz_ws/install/lib/libgz-waves1-rendering.so.1.0.0
[0.324s] -- Up-to-date: /home/blueboat_sitl/gz_ws/install/lib/libgz-waves1-rendering.so.1
[0.324s] -- Up-to-date: /home/blueboat_sitl/gz_ws/install/lib/libgz-waves1-rendering.so
[0.324s] -- Up-to-date: /home/blueboat_sitl/gz_ws/install/lib/cmake/gz-waves1-rendering/gz-waves1-rendering-config.cmake
[0.324s] -- Up-to-date: /home/blueboat_sitl/gz_ws/install/lib/cmake/gz-waves1-rendering/gz-waves1-rendering-config-version.cmake
[0.324s] -- Up-to-date: /home/blueboat_sitl/gz_ws/install/lib/cmake/gz-waves1-rendering/gz-waves1-rendering-targets.cmake
[0.324s] -- Up-to-date: /home/blueboat_sitl/gz_ws/install/lib/cmake/gz-waves1-rendering/gz-waves1-rendering-targets-relwithdebinfo.cmake
[0.324s] -- Up-to-date: /home/blueboat_sitl/gz_ws/install/lib/pkgconfig/gz-waves1-rendering.pc
[0.324s] -- Up-to-date: /home/blueboat_sitl/gz_ws/install/include/gz/waves1/gz/waves/rendering-ogre2/detail/Export.hh
[0.324s] -- Up-to-date: /home/blueboat_sitl/gz_ws/install/include/gz/waves1/gz/waves/rendering-ogre2/Export.hh
[0.324s] -- Up-to-date: /home/blueboat_sitl/gz_ws/install/lib/libgz-waves1-rendering-ogre2.so.1.0.0
[0.325s] -- Up-to-date: /home/blueboat_sitl/gz_ws/install/lib/libgz-waves1-rendering-ogre2.so.1
[0.325s] -- Up-to-date: /home/blueboat_sitl/gz_ws/install/lib/libgz-waves1-rendering-ogre2.so
[0.325s] -- Up-to-date: /home/blueboat_sitl/gz_ws/install/lib/cmake/gz-waves1-rendering-ogre2/gz-waves1-rendering-ogre2-config.cmake
[0.325s] -- Up-to-date: /home/blueboat_sitl/gz_ws/install/lib/cmake/gz-waves1-rendering-ogre2/gz-waves1-rendering-ogre2-config-version.cmake
[0.325s] -- Up-to-date: /home/blueboat_sitl/gz_ws/install/lib/cmake/gz-waves1-rendering-ogre2/gz-waves1-rendering-ogre2-targets.cmake
[0.325s] -- Up-to-date: /home/blueboat_sitl/gz_ws/install/lib/cmake/gz-waves1-rendering-ogre2/gz-waves1-rendering-ogre2-targets-relwithdebinfo.cmake
[0.325s] -- Up-to-date: /home/blueboat_sitl/gz_ws/install/lib/pkgconfig/gz-waves1-rendering-ogre2.pc
[0.325s] -- Up-to-date: /home/blueboat_sitl/gz_ws/install/include/gz/waves1/gz/waves/waves-visual-system/detail/Export.hh
[0.325s] -- Up-to-date: /home/blueboat_sitl/gz_ws/install/include/gz/waves1/gz/waves/waves-visual-system/Export.hh
[0.325s] -- Up-to-date: /home/blueboat_sitl/gz_ws/install/lib/libgz-waves1-waves-visual-system.so.1.0.0
[0.326s] -- Up-to-date: /home/blueboat_sitl/gz_ws/install/lib/libgz-waves1-waves-visual-system.so.1
[0.326s] -- Up-to-date: /home/blueboat_sitl/gz_ws/install/lib/libgz-waves1-waves-visual-system.so
[0.326s] -- Up-to-date: /home/blueboat_sitl/gz_ws/install/lib/cmake/gz-waves1-waves-visual-system/gz-waves1-waves-visual-system-config.cmake
[0.326s] -- Up-to-date: /home/blueboat_sitl/gz_ws/install/lib/cmake/gz-waves1-waves-visual-system/gz-waves1-waves-visual-system-config-version.cmake
[0.326s] -- Up-to-date: /home/blueboat_sitl/gz_ws/install/lib/cmake/gz-waves1-waves-visual-system/gz-waves1-waves-visual-system-targets.cmake
[0.326s] -- Up-to-date: /home/blueboat_sitl/gz_ws/install/lib/cmake/gz-waves1-waves-visual-system/gz-waves1-waves-visual-system-targets-relwithdebinfo.cmake
[0.326s] -- Up-to-date: /home/blueboat_sitl/gz_ws/install/lib/pkgconfig/gz-waves1-waves-visual-system.pc
[0.326s] -- Up-to-date: /home/blueboat_sitl/gz_ws/install/include/gz/waves1/gz/waves/waves-model-system/detail/Export.hh
[0.326s] -- Up-to-date: /home/blueboat_sitl/gz_ws/install/include/gz/waves1/gz/waves/waves-model-system/Export.hh
[0.326s] -- Up-to-date: /home/blueboat_sitl/gz_ws/install/lib/libgz-waves1-waves-model-system.so.1.0.0
[0.326s] -- Up-to-date: /home/blueboat_sitl/gz_ws/install/lib/libgz-waves1-waves-model-system.so.1
[0.327s] -- Up-to-date: /home/blueboat_sitl/gz_ws/install/lib/libgz-waves1-waves-model-system.so
[0.327s] -- Up-to-date: /home/blueboat_sitl/gz_ws/install/lib/cmake/gz-waves1-waves-model-system/gz-waves1-waves-model-system-config.cmake
[0.327s] -- Up-to-date: /home/blueboat_sitl/gz_ws/install/lib/cmake/gz-waves1-waves-model-system/gz-waves1-waves-model-system-config-version.cmake
[0.327s] -- Up-to-date: /home/blueboat_sitl/gz_ws/install/lib/cmake/gz-waves1-waves-model-system/gz-waves1-waves-model-system-targets.cmake
[0.327s] -- Up-to-date: /home/blueboat_sitl/gz_ws/install/lib/cmake/gz-waves1-waves-model-system/gz-waves1-waves-model-system-targets-relwithdebinfo.cmake
[0.327s] -- Up-to-date: /home/blueboat_sitl/gz_ws/install/lib/pkgconfig/gz-waves1-waves-model-system.pc
[0.328s] -- Up-to-date: /home/blueboat_sitl/gz_ws/install/include/gz/waves1/gz/waves/components/Wavefield.hh
[0.328s] -- Up-to-date: /home/blueboat_sitl/gz_ws/install/include/gz/waves1/gz/waves/Algorithm.hh
[0.328s] -- Up-to-date: /home/blueboat_sitl/gz_ws/install/include/gz/waves1/gz/waves/CGALTypes.hh
[0.328s] -- Up-to-date: /home/blueboat_sitl/gz_ws/install/include/gz/waves1/gz/waves/Convert.hh
[0.328s] -- Up-to-date: /home/blueboat_sitl/gz_ws/install/include/gz/waves1/gz/waves/Geometry.hh
[0.328s] -- Up-to-date: /home/blueboat_sitl/gz_ws/install/include/gz/waves1/gz/waves/Grid.hh
[0.328s] -- Up-to-date: /home/blueboat_sitl/gz_ws/install/include/gz/waves1/gz/waves/LinearRandomFFTWaveSimulation.hh
[0.328s] -- Up-to-date: /home/blueboat_sitl/gz_ws/install/include/gz/waves1/gz/waves/LinearRandomWaveSimulation.hh
[0.328s] -- Up-to-date: /home/blueboat_sitl/gz_ws/install/include/gz/waves1/gz/waves/LinearRegularWaveSimulation.hh
[0.328s] -- Up-to-date: /home/blueboat_sitl/gz_ws/install/include/gz/waves1/gz/waves/MeshTools.hh
[0.328s] -- Up-to-date: /home/blueboat_sitl/gz_ws/install/include/gz/waves1/gz/waves/OceanTile.hh
[0.328s] -- Up-to-date: /home/blueboat_sitl/gz_ws/install/include/gz/waves1/gz/waves/PhysicalConstants.hh
[0.328s] -- Up-to-date: /home/blueboat_sitl/gz_ws/install/include/gz/waves1/gz/waves/Physics.hh
[0.329s] -- Up-to-date: /home/blueboat_sitl/gz_ws/install/include/gz/waves1/gz/waves/TriangulatedGrid.hh
[0.329s] -- Up-to-date: /home/blueboat_sitl/gz_ws/install/include/gz/waves1/gz/waves/TrochoidIrregularWaveSimulation.hh
[0.329s] -- Up-to-date: /home/blueboat_sitl/gz_ws/install/include/gz/waves1/gz/waves/Types.hh
[0.329s] -- Up-to-date: /home/blueboat_sitl/gz_ws/install/include/gz/waves1/gz/waves/Utilities.hh
[0.329s] -- Up-to-date: /home/blueboat_sitl/gz_ws/install/include/gz/waves1/gz/waves/WaveParameters.hh
[0.329s] -- Up-to-date: /home/blueboat_sitl/gz_ws/install/include/gz/waves1/gz/waves/WaveSimulation.hh
[0.329s] -- Up-to-date: /home/blueboat_sitl/gz_ws/install/include/gz/waves1/gz/waves/WaveSpectrum.hh
[0.329s] -- Up-to-date: /home/blueboat_sitl/gz_ws/install/include/gz/waves1/gz/waves/WaveSpreadingFunction.hh
[0.329s] -- Up-to-date: /home/blueboat_sitl/gz_ws/install/include/gz/waves1/gz/waves/Wavefield.hh
[0.329s] -- Up-to-date: /home/blueboat_sitl/gz_ws/install/include/gz/waves1/gz/waves/WavefieldSampler.hh
[0.329s] -- Up-to-date: /home/blueboat_sitl/gz_ws/install/include/gz/waves1/gz/waves.hh
[0.329s] -- Up-to-date: /home/blueboat_sitl/gz_ws/install/include/gz/waves1/gz/waves/config.hh
[0.329s] -- Up-to-date: /home/blueboat_sitl/gz_ws/install/include/gz/waves1/gz/waves/components.hh
[0.329s] -- Up-to-date: /home/blueboat_sitl/gz_ws/install/bin/PLOT_GnuPlotExample
[0.330s] -- Up-to-date: /home/blueboat_sitl/gz_ws/install/bin/PLOT_LinearRandomFFTWaves
[0.330s] -- Up-to-date: /home/blueboat_sitl/gz_ws/install/bin/PLOT_LinearRandomWaves
[0.331s] -- Up-to-date: /home/blueboat_sitl/gz_ws/install/bin/PLOT_LinearRegularWaves
[0.331s] -- Up-to-date: /home/blueboat_sitl/gz_ws/install/bin/PLOT_WaveSpectrum
[0.333s] Invoked command in '/home/blueboat_sitl/gz_ws/build/gz-waves1' returned '0': /usr/bin/cmake --install /home/blueboat_sitl/gz_ws/build/gz-waves1
