[0.272s] DEBUG:colcon:Command line arguments: ['/usr/bin/colcon', 'build', '--symlink-install', '--merge-install', '--cmake-args', '-DCMAKE_BUILD_TYPE=RelWithDebInfo', '-DBUILD_TESTING=ON', '-DCMAKE_CXX_STANDARD=17']
[0.272s] DEBUG:colcon:Parsed command line arguments: Namespace(log_base=None, log_level=None, verb_name='build', build_base='build', install_base='install', merge_install=True, symlink_install=True, test_result_base=None, continue_on_error=False, executor='parallel', parallel_workers=12, event_handlers=None, ignore_user_meta=False, metas=['./colcon.meta'], base_paths=['.'], packages_ignore=None, packages_ignore_regex=None, paths=None, packages_up_to=None, packages_up_to_regex=None, packages_above=None, packages_above_and_dependencies=None, packages_above_depth=None, packages_select_by_dep=None, packages_skip_by_dep=None, packages_skip_up_to=None, packages_select_build_failed=False, packages_skip_build_finished=False, packages_select_test_failures=False, packages_skip_test_passed=False, packages_select=None, packages_skip=None, packages_select_regex=None, packages_skip_regex=None, packages_start=None, packages_end=None, cmake_args=['-DCMAKE_BUILD_TYPE=RelWithDebInfo', '-DBUILD_TESTING=ON', '-DCMAKE_CXX_STANDARD=17'], cmake_target=None, cmake_target_skip_unavailable=False, cmake_clean_cache=False, cmake_clean_first=False, cmake_force_configure=False, ament_cmake_args=None, catkin_cmake_args=None, catkin_skip_building_tests=False, mixin_files=None, mixin=None, verb_parser=<colcon_mixin.mixin.mixin_argument.MixinArgumentDecorator object at 0x7b77c0fbff40>, verb_extension=<colcon_core.verb.build.BuildVerb object at 0x7b77c117cd90>, main=<bound method BuildVerb.main of <colcon_core.verb.build.BuildVerb object at 0x7b77c117cd90>>, mixin_verb=('build',))
[0.681s] Level 1:colcon.colcon_core.package_discovery:discover_packages(colcon_meta) check parameters
[0.681s] Level 1:colcon.colcon_core.package_discovery:discover_packages(recursive) check parameters
[0.681s] Level 1:colcon.colcon_core.package_discovery:discover_packages(ignore) check parameters
[0.681s] Level 1:colcon.colcon_core.package_discovery:discover_packages(path) check parameters
[0.681s] Level 1:colcon.colcon_core.package_discovery:discover_packages(colcon_meta) discover
[0.681s] Level 1:colcon.colcon_core.package_discovery:discover_packages(recursive) discover
[0.682s] INFO:colcon.colcon_core.package_discovery:Crawling recursively for packages in '/home/blueboat_sitl/gz_ws'
[0.682s] Level 1:colcon.colcon_core.package_identification:_identify(.) by extensions ['ignore', 'ignore_ament_install']
[0.682s] Level 1:colcon.colcon_core.package_identification:_identify(.) by extension 'ignore'
[0.682s] Level 1:colcon.colcon_core.package_identification:_identify(.) by extension 'ignore_ament_install'
[0.682s] Level 1:colcon.colcon_core.package_identification:_identify(.) by extensions ['colcon_pkg']
[0.682s] Level 1:colcon.colcon_core.package_identification:_identify(.) by extension 'colcon_pkg'
[0.682s] Level 1:colcon.colcon_core.package_identification:_identify(.) by extensions ['colcon_meta']
[0.682s] Level 1:colcon.colcon_core.package_identification:_identify(.) by extension 'colcon_meta'
[0.683s] Level 1:colcon.colcon_core.package_identification:_identify(.) by extensions ['ros']
[0.683s] Level 1:colcon.colcon_core.package_identification:_identify(.) by extension 'ros'
[0.724s] Level 1:colcon.colcon_core.package_identification:_identify(.) by extensions ['cmake', 'python']
[0.725s] Level 1:colcon.colcon_core.package_identification:_identify(.) by extension 'cmake'
[0.725s] Level 1:colcon.colcon_core.package_identification:_identify(.) by extension 'python'
[0.725s] Level 1:colcon.colcon_core.package_identification:_identify(.) by extensions ['python_setup_py']
[0.725s] Level 1:colcon.colcon_core.package_identification:_identify(.) by extension 'python_setup_py'
[0.725s] Level 1:colcon.colcon_core.package_identification:_identify(build) by extensions ['ignore', 'ignore_ament_install']
[0.725s] Level 1:colcon.colcon_core.package_identification:_identify(build) by extension 'ignore'
[0.726s] Level 1:colcon.colcon_core.package_identification:_identify(build) ignored
[0.728s] Level 1:colcon.colcon_core.package_identification:_identify(extras_interface) by extensions ['ignore', 'ignore_ament_install']
[0.728s] Level 1:colcon.colcon_core.package_identification:_identify(extras_interface) by extension 'ignore'
[0.728s] Level 1:colcon.colcon_core.package_identification:_identify(extras_interface) by extension 'ignore_ament_install'
[0.728s] Level 1:colcon.colcon_core.package_identification:_identify(extras_interface) by extensions ['colcon_pkg']
[0.728s] Level 1:colcon.colcon_core.package_identification:_identify(extras_interface) by extension 'colcon_pkg'
[0.729s] Level 1:colcon.colcon_core.package_identification:_identify(extras_interface) by extensions ['colcon_meta']
[0.729s] Level 1:colcon.colcon_core.package_identification:_identify(extras_interface) by extension 'colcon_meta'
[0.729s] Level 1:colcon.colcon_core.package_identification:_identify(extras_interface) by extensions ['ros']
[0.729s] Level 1:colcon.colcon_core.package_identification:_identify(extras_interface) by extension 'ros'
[0.729s] Level 1:colcon.colcon_core.package_identification:_identify(extras_interface) by extensions ['cmake', 'python']
[0.729s] Level 1:colcon.colcon_core.package_identification:_identify(extras_interface) by extension 'cmake'
[0.729s] Level 1:colcon.colcon_core.package_identification:_identify(extras_interface) by extension 'python'
[0.729s] Level 1:colcon.colcon_core.package_identification:_identify(extras_interface) by extensions ['python_setup_py']
[0.729s] Level 1:colcon.colcon_core.package_identification:_identify(extras_interface) by extension 'python_setup_py'
[0.730s] Level 1:colcon.colcon_core.package_identification:_identify(install) by extensions ['ignore', 'ignore_ament_install']
[0.730s] Level 1:colcon.colcon_core.package_identification:_identify(install) by extension 'ignore'
[0.730s] Level 1:colcon.colcon_core.package_identification:_identify(install) ignored
[0.730s] Level 1:colcon.colcon_core.package_identification:_identify(log) by extensions ['ignore', 'ignore_ament_install']
[0.730s] Level 1:colcon.colcon_core.package_identification:_identify(log) by extension 'ignore'
[0.730s] Level 1:colcon.colcon_core.package_identification:_identify(log) ignored
[0.731s] Level 1:colcon.colcon_core.package_identification:_identify(src) by extensions ['ignore', 'ignore_ament_install']
[0.731s] Level 1:colcon.colcon_core.package_identification:_identify(src) by extension 'ignore'
[0.731s] Level 1:colcon.colcon_core.package_identification:_identify(src) by extension 'ignore_ament_install'
[0.732s] Level 1:colcon.colcon_core.package_identification:_identify(src) by extensions ['colcon_pkg']
[0.732s] Level 1:colcon.colcon_core.package_identification:_identify(src) by extension 'colcon_pkg'
[0.732s] Level 1:colcon.colcon_core.package_identification:_identify(src) by extensions ['colcon_meta']
[0.732s] Level 1:colcon.colcon_core.package_identification:_identify(src) by extension 'colcon_meta'
[0.732s] Level 1:colcon.colcon_core.package_identification:_identify(src) by extensions ['ros']
[0.732s] Level 1:colcon.colcon_core.package_identification:_identify(src) by extension 'ros'
[0.732s] Level 1:colcon.colcon_core.package_identification:_identify(src) by extensions ['cmake', 'python']
[0.732s] Level 1:colcon.colcon_core.package_identification:_identify(src) by extension 'cmake'
[0.732s] Level 1:colcon.colcon_core.package_identification:_identify(src) by extension 'python'
[0.732s] Level 1:colcon.colcon_core.package_identification:_identify(src) by extensions ['python_setup_py']
[0.732s] Level 1:colcon.colcon_core.package_identification:_identify(src) by extension 'python_setup_py'
[0.733s] Level 1:colcon.colcon_core.package_identification:_identify(src/asv_wave_sim) by extensions ['ignore', 'ignore_ament_install']
[0.733s] Level 1:colcon.colcon_core.package_identification:_identify(src/asv_wave_sim) by extension 'ignore'
[0.733s] Level 1:colcon.colcon_core.package_identification:_identify(src/asv_wave_sim) by extension 'ignore_ament_install'
[0.734s] Level 1:colcon.colcon_core.package_identification:_identify(src/asv_wave_sim) by extensions ['colcon_pkg']
[0.734s] Level 1:colcon.colcon_core.package_identification:_identify(src/asv_wave_sim) by extension 'colcon_pkg'
[0.734s] Level 1:colcon.colcon_core.package_identification:_identify(src/asv_wave_sim) by extensions ['colcon_meta']
[0.734s] Level 1:colcon.colcon_core.package_identification:_identify(src/asv_wave_sim) by extension 'colcon_meta'
[0.734s] Level 1:colcon.colcon_core.package_identification:_identify(src/asv_wave_sim) by extensions ['ros']
[0.734s] Level 1:colcon.colcon_core.package_identification:_identify(src/asv_wave_sim) by extension 'ros'
[0.734s] Level 1:colcon.colcon_core.package_identification:_identify(src/asv_wave_sim) by extensions ['cmake', 'python']
[0.734s] Level 1:colcon.colcon_core.package_identification:_identify(src/asv_wave_sim) by extension 'cmake'
[0.734s] Level 1:colcon.colcon_core.package_identification:_identify(src/asv_wave_sim) by extension 'python'
[0.734s] Level 1:colcon.colcon_core.package_identification:_identify(src/asv_wave_sim) by extensions ['python_setup_py']
[0.735s] Level 1:colcon.colcon_core.package_identification:_identify(src/asv_wave_sim) by extension 'python_setup_py'
[0.735s] Level 1:colcon.colcon_core.package_identification:_identify(src/asv_wave_sim/doc) by extensions ['ignore', 'ignore_ament_install']
[0.735s] Level 1:colcon.colcon_core.package_identification:_identify(src/asv_wave_sim/doc) by extension 'ignore'
[0.735s] Level 1:colcon.colcon_core.package_identification:_identify(src/asv_wave_sim/doc) by extension 'ignore_ament_install'
[0.735s] Level 1:colcon.colcon_core.package_identification:_identify(src/asv_wave_sim/doc) by extensions ['colcon_pkg']
[0.735s] Level 1:colcon.colcon_core.package_identification:_identify(src/asv_wave_sim/doc) by extension 'colcon_pkg'
[0.736s] Level 1:colcon.colcon_core.package_identification:_identify(src/asv_wave_sim/doc) by extensions ['colcon_meta']
[0.736s] Level 1:colcon.colcon_core.package_identification:_identify(src/asv_wave_sim/doc) by extension 'colcon_meta'
[0.736s] Level 1:colcon.colcon_core.package_identification:_identify(src/asv_wave_sim/doc) by extensions ['ros']
[0.736s] Level 1:colcon.colcon_core.package_identification:_identify(src/asv_wave_sim/doc) by extension 'ros'
[0.736s] Level 1:colcon.colcon_core.package_identification:_identify(src/asv_wave_sim/doc) by extensions ['cmake', 'python']
[0.736s] Level 1:colcon.colcon_core.package_identification:_identify(src/asv_wave_sim/doc) by extension 'cmake'
[0.736s] Level 1:colcon.colcon_core.package_identification:_identify(src/asv_wave_sim/doc) by extension 'python'
[0.736s] Level 1:colcon.colcon_core.package_identification:_identify(src/asv_wave_sim/doc) by extensions ['python_setup_py']
[0.736s] Level 1:colcon.colcon_core.package_identification:_identify(src/asv_wave_sim/doc) by extension 'python_setup_py'
[0.737s] Level 1:colcon.colcon_core.package_identification:_identify(src/asv_wave_sim/doc/uml) by extensions ['ignore', 'ignore_ament_install']
[0.737s] Level 1:colcon.colcon_core.package_identification:_identify(src/asv_wave_sim/doc/uml) by extension 'ignore'
[0.737s] Level 1:colcon.colcon_core.package_identification:_identify(src/asv_wave_sim/doc/uml) by extension 'ignore_ament_install'
[0.737s] Level 1:colcon.colcon_core.package_identification:_identify(src/asv_wave_sim/doc/uml) by extensions ['colcon_pkg']
[0.737s] Level 1:colcon.colcon_core.package_identification:_identify(src/asv_wave_sim/doc/uml) by extension 'colcon_pkg'
[0.737s] Level 1:colcon.colcon_core.package_identification:_identify(src/asv_wave_sim/doc/uml) by extensions ['colcon_meta']
[0.737s] Level 1:colcon.colcon_core.package_identification:_identify(src/asv_wave_sim/doc/uml) by extension 'colcon_meta'
[0.738s] Level 1:colcon.colcon_core.package_identification:_identify(src/asv_wave_sim/doc/uml) by extensions ['ros']
[0.738s] Level 1:colcon.colcon_core.package_identification:_identify(src/asv_wave_sim/doc/uml) by extension 'ros'
[0.738s] Level 1:colcon.colcon_core.package_identification:_identify(src/asv_wave_sim/doc/uml) by extensions ['cmake', 'python']
[0.738s] Level 1:colcon.colcon_core.package_identification:_identify(src/asv_wave_sim/doc/uml) by extension 'cmake'
[0.738s] Level 1:colcon.colcon_core.package_identification:_identify(src/asv_wave_sim/doc/uml) by extension 'python'
[0.738s] Level 1:colcon.colcon_core.package_identification:_identify(src/asv_wave_sim/doc/uml) by extensions ['python_setup_py']
[0.738s] Level 1:colcon.colcon_core.package_identification:_identify(src/asv_wave_sim/doc/uml) by extension 'python_setup_py'
[0.739s] Level 1:colcon.colcon_core.package_identification:_identify(src/asv_wave_sim/gz-waves) by extensions ['ignore', 'ignore_ament_install']
[0.739s] Level 1:colcon.colcon_core.package_identification:_identify(src/asv_wave_sim/gz-waves) by extension 'ignore'
[0.739s] Level 1:colcon.colcon_core.package_identification:_identify(src/asv_wave_sim/gz-waves) by extension 'ignore_ament_install'
[0.739s] Level 1:colcon.colcon_core.package_identification:_identify(src/asv_wave_sim/gz-waves) by extensions ['colcon_pkg']
[0.739s] Level 1:colcon.colcon_core.package_identification:_identify(src/asv_wave_sim/gz-waves) by extension 'colcon_pkg'
[0.739s] Level 1:colcon.colcon_core.package_identification:_identify(src/asv_wave_sim/gz-waves) by extensions ['colcon_meta']
[0.739s] Level 1:colcon.colcon_core.package_identification:_identify(src/asv_wave_sim/gz-waves) by extension 'colcon_meta'
[0.739s] Level 1:colcon.colcon_core.package_identification:_identify(src/asv_wave_sim/gz-waves) by extensions ['ros']
[0.739s] Level 1:colcon.colcon_core.package_identification:_identify(src/asv_wave_sim/gz-waves) by extension 'ros'
[0.740s] Level 1:colcon.colcon_core.package_identification:_identify(src/asv_wave_sim/gz-waves) by extensions ['cmake', 'python']
[0.740s] Level 1:colcon.colcon_core.package_identification:_identify(src/asv_wave_sim/gz-waves) by extension 'cmake'
[0.766s] Level 1:colcon.colcon_core.package_identification:_identify(src/asv_wave_sim/gz-waves) by extension 'python'
[0.767s] DEBUG:colcon.colcon_core.package_identification:Package 'src/asv_wave_sim/gz-waves' with type 'cmake' and name 'gz-waves1'
[0.767s] Level 1:colcon.colcon_core.package_identification:_identify(src/asv_wave_sim/gz-waves-models) by extensions ['ignore', 'ignore_ament_install']
[0.767s] Level 1:colcon.colcon_core.package_identification:_identify(src/asv_wave_sim/gz-waves-models) by extension 'ignore'
[0.767s] Level 1:colcon.colcon_core.package_identification:_identify(src/asv_wave_sim/gz-waves-models) ignored
[0.768s] Level 1:colcon.colcon_core.package_identification:_identify(src/extras_boat) by extensions ['ignore', 'ignore_ament_install']
[0.768s] Level 1:colcon.colcon_core.package_identification:_identify(src/extras_boat) by extension 'ignore'
[0.768s] Level 1:colcon.colcon_core.package_identification:_identify(src/extras_boat) by extension 'ignore_ament_install'
[0.768s] Level 1:colcon.colcon_core.package_identification:_identify(src/extras_boat) by extensions ['colcon_pkg']
[0.768s] Level 1:colcon.colcon_core.package_identification:_identify(src/extras_boat) by extension 'colcon_pkg'
[0.768s] Level 1:colcon.colcon_core.package_identification:_identify(src/extras_boat) by extensions ['colcon_meta']
[0.768s] Level 1:colcon.colcon_core.package_identification:_identify(src/extras_boat) by extension 'colcon_meta'
[0.769s] Level 1:colcon.colcon_core.package_identification:_identify(src/extras_boat) by extensions ['ros']
[0.769s] Level 1:colcon.colcon_core.package_identification:_identify(src/extras_boat) by extension 'ros'
[0.769s] Level 1:colcon.colcon_core.package_identification:_identify(src/extras_boat) by extensions ['cmake', 'python']
[0.769s] Level 1:colcon.colcon_core.package_identification:_identify(src/extras_boat) by extension 'cmake'
[0.769s] Level 1:colcon.colcon_core.package_identification:_identify(src/extras_boat) by extension 'python'
[0.769s] Level 1:colcon.colcon_core.package_identification:_identify(src/extras_boat) by extensions ['python_setup_py']
[0.769s] Level 1:colcon.colcon_core.package_identification:_identify(src/extras_boat) by extension 'python_setup_py'
[0.769s] Level 1:colcon.colcon_core.package_identification:_identify(src/move_blueboat) by extensions ['ignore', 'ignore_ament_install']
[0.770s] Level 1:colcon.colcon_core.package_identification:_identify(src/move_blueboat) by extension 'ignore'
[0.770s] Level 1:colcon.colcon_core.package_identification:_identify(src/move_blueboat) by extension 'ignore_ament_install'
[0.770s] Level 1:colcon.colcon_core.package_identification:_identify(src/move_blueboat) by extensions ['colcon_pkg']
[0.770s] Level 1:colcon.colcon_core.package_identification:_identify(src/move_blueboat) by extension 'colcon_pkg'
[0.770s] Level 1:colcon.colcon_core.package_identification:_identify(src/move_blueboat) by extensions ['colcon_meta']
[0.770s] Level 1:colcon.colcon_core.package_identification:_identify(src/move_blueboat) by extension 'colcon_meta'
[0.770s] Level 1:colcon.colcon_core.package_identification:_identify(src/move_blueboat) by extensions ['ros']
[0.770s] Level 1:colcon.colcon_core.package_identification:_identify(src/move_blueboat) by extension 'ros'
[0.777s] DEBUG:colcon.colcon_core.package_identification:Package 'src/move_blueboat' with type 'ros.ament_python' and name 'move_blueboat'
[0.777s] Level 1:colcon.colcon_core.package_discovery:discover_packages(recursive) using defaults
[0.777s] Level 1:colcon.colcon_core.package_discovery:discover_packages(ignore) discover
[0.777s] Level 1:colcon.colcon_core.package_discovery:discover_packages(ignore) using defaults
[0.777s] Level 1:colcon.colcon_core.package_discovery:discover_packages(path) discover
[0.778s] Level 1:colcon.colcon_core.package_discovery:discover_packages(path) using defaults
[0.831s] Level 5:colcon.colcon_core.verb:set package 'gz-waves1' build argument 'cmake_args' from command line to '['-DCMAKE_BUILD_TYPE=RelWithDebInfo', '-DBUILD_TESTING=ON', '-DCMAKE_CXX_STANDARD=17']'
[0.831s] Level 5:colcon.colcon_core.verb:set package 'gz-waves1' build argument 'cmake_target' from command line to 'None'
[0.831s] Level 5:colcon.colcon_core.verb:set package 'gz-waves1' build argument 'cmake_target_skip_unavailable' from command line to 'False'
[0.831s] Level 5:colcon.colcon_core.verb:set package 'gz-waves1' build argument 'cmake_clean_cache' from command line to 'False'
[0.831s] Level 5:colcon.colcon_core.verb:set package 'gz-waves1' build argument 'cmake_clean_first' from command line to 'False'
[0.831s] Level 5:colcon.colcon_core.verb:set package 'gz-waves1' build argument 'cmake_force_configure' from command line to 'False'
[0.831s] Level 5:colcon.colcon_core.verb:set package 'gz-waves1' build argument 'ament_cmake_args' from command line to 'None'
[0.831s] Level 5:colcon.colcon_core.verb:set package 'gz-waves1' build argument 'catkin_cmake_args' from command line to 'None'
[0.831s] Level 5:colcon.colcon_core.verb:set package 'gz-waves1' build argument 'catkin_skip_building_tests' from command line to 'False'
[0.831s] DEBUG:colcon.colcon_core.verb:Building package 'gz-waves1' with the following arguments: {'ament_cmake_args': None, 'build_base': '/home/blueboat_sitl/gz_ws/build/gz-waves1', 'catkin_cmake_args': None, 'catkin_skip_building_tests': False, 'cmake_args': ['-DCMAKE_BUILD_TYPE=RelWithDebInfo', '-DBUILD_TESTING=ON', '-DCMAKE_CXX_STANDARD=17'], 'cmake_clean_cache': False, 'cmake_clean_first': False, 'cmake_force_configure': False, 'cmake_target': None, 'cmake_target_skip_unavailable': False, 'install_base': '/home/blueboat_sitl/gz_ws/install', 'merge_install': True, 'path': '/home/blueboat_sitl/gz_ws/src/asv_wave_sim/gz-waves', 'symlink_install': True, 'test_result_base': None}
[0.832s] Level 5:colcon.colcon_core.verb:set package 'move_blueboat' build argument 'cmake_args' from command line to '['-DCMAKE_BUILD_TYPE=RelWithDebInfo', '-DBUILD_TESTING=ON', '-DCMAKE_CXX_STANDARD=17']'
[0.832s] Level 5:colcon.colcon_core.verb:set package 'move_blueboat' build argument 'cmake_target' from command line to 'None'
[0.832s] Level 5:colcon.colcon_core.verb:set package 'move_blueboat' build argument 'cmake_target_skip_unavailable' from command line to 'False'
[0.833s] Level 5:colcon.colcon_core.verb:set package 'move_blueboat' build argument 'cmake_clean_cache' from command line to 'False'
[0.833s] Level 5:colcon.colcon_core.verb:set package 'move_blueboat' build argument 'cmake_clean_first' from command line to 'False'
[0.833s] Level 5:colcon.colcon_core.verb:set package 'move_blueboat' build argument 'cmake_force_configure' from command line to 'False'
[0.833s] Level 5:colcon.colcon_core.verb:set package 'move_blueboat' build argument 'ament_cmake_args' from command line to 'None'
[0.833s] Level 5:colcon.colcon_core.verb:set package 'move_blueboat' build argument 'catkin_cmake_args' from command line to 'None'
[0.833s] Level 5:colcon.colcon_core.verb:set package 'move_blueboat' build argument 'catkin_skip_building_tests' from command line to 'False'
[0.833s] DEBUG:colcon.colcon_core.verb:Building package 'move_blueboat' with the following arguments: {'ament_cmake_args': None, 'build_base': '/home/blueboat_sitl/gz_ws/build/move_blueboat', 'catkin_cmake_args': None, 'catkin_skip_building_tests': False, 'cmake_args': ['-DCMAKE_BUILD_TYPE=RelWithDebInfo', '-DBUILD_TESTING=ON', '-DCMAKE_CXX_STANDARD=17'], 'cmake_clean_cache': False, 'cmake_clean_first': False, 'cmake_force_configure': False, 'cmake_target': None, 'cmake_target_skip_unavailable': False, 'install_base': '/home/blueboat_sitl/gz_ws/install', 'merge_install': True, 'path': '/home/blueboat_sitl/gz_ws/src/move_blueboat', 'symlink_install': True, 'test_result_base': None}
[0.833s] INFO:colcon.colcon_core.executor:Executing jobs using 'parallel' executor
[0.836s] DEBUG:colcon.colcon_parallel_executor.executor.parallel:run_until_complete
[0.836s] INFO:colcon.colcon_cmake.task.cmake.build:Building CMake package in '/home/blueboat_sitl/gz_ws/src/asv_wave_sim/gz-waves'
[0.841s] INFO:colcon.colcon_core.plugin_system:Skipping extension 'colcon_core.shell.bat': Not used on non-Windows systems
[0.842s] INFO:colcon.colcon_core.shell:Skip shell extension 'powershell' for command environment: Not usable outside of PowerShell
[0.842s] DEBUG:colcon.colcon_core.shell:Skip shell extension 'dsv' for command environment
[0.857s] INFO:colcon.colcon_ros.task.ament_python.build:Building ROS package in '/home/blueboat_sitl/gz_ws/src/move_blueboat' with build type 'ament_python'
[0.858s] Level 1:colcon.colcon_core.shell:create_environment_hook('move_blueboat', 'ament_prefix_path')
[0.858s] INFO:colcon.colcon_core.shell:Creating environment hook '/home/blueboat_sitl/gz_ws/install/share/move_blueboat/hook/ament_prefix_path.ps1'
[0.860s] INFO:colcon.colcon_core.shell:Creating environment descriptor '/home/blueboat_sitl/gz_ws/install/share/move_blueboat/hook/ament_prefix_path.dsv'
[0.861s] INFO:colcon.colcon_core.shell:Creating environment hook '/home/blueboat_sitl/gz_ws/install/share/move_blueboat/hook/ament_prefix_path.sh'
[0.866s] INFO:colcon.colcon_core.shell:Skip shell extension 'powershell' for command environment: Not usable outside of PowerShell
[0.866s] DEBUG:colcon.colcon_core.shell:Skip shell extension 'dsv' for command environment
[0.890s] DEBUG:colcon.colcon_core.event_handler.log_command:Invoking command in '/home/blueboat_sitl/gz_ws/build/gz-waves1': /usr/bin/cmake --build /home/blueboat_sitl/gz_ws/build/gz-waves1 -- -j12 -l12
[1.704s] INFO:colcon.colcon_core.task.python.build:Building Python package in '/home/blueboat_sitl/gz_ws/src/move_blueboat'
[1.705s] INFO:colcon.colcon_core.shell:Skip shell extension 'powershell' for command environment: Not usable outside of PowerShell
[1.705s] DEBUG:colcon.colcon_core.shell:Skip shell extension 'dsv' for command environment
[1.910s] DEBUG:colcon.colcon_core.event_handler.log_command:Invoked command in '/home/blueboat_sitl/gz_ws/build/gz-waves1' returned '0': /usr/bin/cmake --build /home/blueboat_sitl/gz_ws/build/gz-waves1 -- -j12 -l12
[1.932s] DEBUG:colcon.colcon_core.event_handler.log_command:Invoking command in '/home/blueboat_sitl/gz_ws/build/gz-waves1': /usr/bin/cmake --install /home/blueboat_sitl/gz_ws/build/gz-waves1
[1.998s] Level 1:colcon.colcon_core.environment:create_environment_scripts_only(gz-waves1)
[1.999s] DEBUG:colcon.colcon_core.event_handler.log_command:Invoked command in '/home/blueboat_sitl/gz_ws/build/gz-waves1' returned '0': /usr/bin/cmake --install /home/blueboat_sitl/gz_ws/build/gz-waves1
[2.004s] Level 1:colcon.colcon_core.environment:checking '/home/blueboat_sitl/gz_ws/install' for CMake module files
[2.006s] Level 1:colcon.colcon_core.environment:checking '/home/blueboat_sitl/gz_ws/install' for CMake config files
[2.006s] Level 1:colcon.colcon_core.shell:create_environment_hook('gz-waves1', 'cmake_prefix_path')
[2.007s] INFO:colcon.colcon_core.shell:Creating environment hook '/home/blueboat_sitl/gz_ws/install/share/gz-waves1/hook/cmake_prefix_path.ps1'
[2.008s] INFO:colcon.colcon_core.shell:Creating environment descriptor '/home/blueboat_sitl/gz_ws/install/share/gz-waves1/hook/cmake_prefix_path.dsv'
[2.009s] INFO:colcon.colcon_core.shell:Creating environment hook '/home/blueboat_sitl/gz_ws/install/share/gz-waves1/hook/cmake_prefix_path.sh'
[2.011s] Level 1:colcon.colcon_core.environment:checking '/home/blueboat_sitl/gz_ws/install/lib'
[2.011s] Level 1:colcon.colcon_core.shell:create_environment_hook('gz-waves1', 'ld_library_path_lib')
[2.012s] INFO:colcon.colcon_core.shell:Creating environment hook '/home/blueboat_sitl/gz_ws/install/share/gz-waves1/hook/ld_library_path_lib.ps1'
[2.013s] INFO:colcon.colcon_core.shell:Creating environment descriptor '/home/blueboat_sitl/gz_ws/install/share/gz-waves1/hook/ld_library_path_lib.dsv'
[2.014s] INFO:colcon.colcon_core.shell:Creating environment hook '/home/blueboat_sitl/gz_ws/install/share/gz-waves1/hook/ld_library_path_lib.sh'
[2.014s] Level 1:colcon.colcon_core.environment:checking '/home/blueboat_sitl/gz_ws/install/bin'
[2.015s] Level 1:colcon.colcon_core.shell:create_environment_hook('gz-waves1', 'path')
[2.015s] INFO:colcon.colcon_core.shell:Creating environment hook '/home/blueboat_sitl/gz_ws/install/share/gz-waves1/hook/path.ps1'
[2.016s] INFO:colcon.colcon_core.shell:Creating environment descriptor '/home/blueboat_sitl/gz_ws/install/share/gz-waves1/hook/path.dsv'
[2.017s] INFO:colcon.colcon_core.shell:Creating environment hook '/home/blueboat_sitl/gz_ws/install/share/gz-waves1/hook/path.sh'
[2.018s] Level 1:colcon.colcon_core.environment:checking '/home/blueboat_sitl/gz_ws/install/lib/pkgconfig/gz-waves1.pc'
[2.018s] Level 1:colcon.colcon_core.shell:create_environment_hook('gz-waves1', 'pkg_config')
[2.018s] INFO:colcon.colcon_core.shell:Creating environment hook '/home/blueboat_sitl/gz_ws/install/share/gz-waves1/hook/pkg_config.ps1'
[2.019s] INFO:colcon.colcon_core.shell:Creating environment descriptor '/home/blueboat_sitl/gz_ws/install/share/gz-waves1/hook/pkg_config.dsv'
[2.020s] INFO:colcon.colcon_core.shell:Creating environment hook '/home/blueboat_sitl/gz_ws/install/share/gz-waves1/hook/pkg_config.sh'
[2.021s] Level 1:colcon.colcon_core.environment:checking '/home/blueboat_sitl/gz_ws/install/lib/python3.10/site-packages'
[2.021s] Level 1:colcon.colcon_core.shell:create_environment_hook('gz-waves1', 'pythonpath')
[2.022s] INFO:colcon.colcon_core.shell:Creating environment hook '/home/blueboat_sitl/gz_ws/install/share/gz-waves1/hook/pythonpath.ps1'
[2.023s] INFO:colcon.colcon_core.shell:Creating environment descriptor '/home/blueboat_sitl/gz_ws/install/share/gz-waves1/hook/pythonpath.dsv'
[2.023s] INFO:colcon.colcon_core.shell:Creating environment hook '/home/blueboat_sitl/gz_ws/install/share/gz-waves1/hook/pythonpath.sh'
[2.025s] Level 1:colcon.colcon_core.environment:checking '/home/blueboat_sitl/gz_ws/install/bin'
[2.025s] Level 1:colcon.colcon_core.shell:create_environment_hook('gz-waves1', 'pythonscriptspath')
[2.026s] INFO:colcon.colcon_core.shell:Creating environment hook '/home/blueboat_sitl/gz_ws/install/share/gz-waves1/hook/pythonscriptspath.ps1'
[2.027s] INFO:colcon.colcon_core.shell:Creating environment descriptor '/home/blueboat_sitl/gz_ws/install/share/gz-waves1/hook/pythonscriptspath.dsv'
[2.028s] INFO:colcon.colcon_core.shell:Creating environment hook '/home/blueboat_sitl/gz_ws/install/share/gz-waves1/hook/pythonscriptspath.sh'
[2.030s] INFO:colcon.colcon_core.shell:Creating package script '/home/blueboat_sitl/gz_ws/install/share/gz-waves1/package.ps1'
[2.033s] INFO:colcon.colcon_core.shell:Creating package descriptor '/home/blueboat_sitl/gz_ws/install/share/gz-waves1/package.dsv'
[2.035s] INFO:colcon.colcon_core.shell:Creating package script '/home/blueboat_sitl/gz_ws/install/share/gz-waves1/package.sh'
[2.037s] INFO:colcon.colcon_core.shell:Creating package script '/home/blueboat_sitl/gz_ws/install/share/gz-waves1/package.bash'
[2.038s] INFO:colcon.colcon_core.shell:Creating package script '/home/blueboat_sitl/gz_ws/install/share/gz-waves1/package.zsh'
[2.040s] Level 1:colcon.colcon_core.environment:create_file_with_runtime_dependencies(/home/blueboat_sitl/gz_ws/install/share/colcon-core/packages/gz-waves1)
[2.632s] DEBUG:colcon.colcon_core.event_handler.log_command:Invoking command in '/home/blueboat_sitl/gz_ws/build/move_blueboat': PYTHONPATH=/home/blueboat_sitl/gz_ws/build/move_blueboat/prefix_override:/usr/lib/python3/dist-packages/colcon_core/task/python/colcon_distutils_commands:/home/blueboat_sitl/gz_ws/install/lib/python3.10/site-packages:${PYTHONPATH} /usr/bin/python3 -W ignore:setup.py install is deprecated -W ignore:easy_install command is deprecated setup.py develop --editable --build-directory /home/blueboat_sitl/gz_ws/build/move_blueboat/build --no-deps symlink_data
[3.678s] Level 1:colcon.colcon_core.shell:create_environment_hook('move_blueboat', 'pythonpath_develop')
[3.679s] INFO:colcon.colcon_core.shell:Creating environment hook '/home/blueboat_sitl/gz_ws/build/move_blueboat/share/move_blueboat/hook/pythonpath_develop.ps1'
[3.681s] DEBUG:colcon.colcon_core.event_handler.log_command:Invoked command in '/home/blueboat_sitl/gz_ws/build/move_blueboat' returned '0': PYTHONPATH=/home/blueboat_sitl/gz_ws/build/move_blueboat/prefix_override:/usr/lib/python3/dist-packages/colcon_core/task/python/colcon_distutils_commands:/home/blueboat_sitl/gz_ws/install/lib/python3.10/site-packages:${PYTHONPATH} /usr/bin/python3 -W ignore:setup.py install is deprecated -W ignore:easy_install command is deprecated setup.py develop --editable --build-directory /home/blueboat_sitl/gz_ws/build/move_blueboat/build --no-deps symlink_data
[3.681s] INFO:colcon.colcon_core.shell:Creating environment descriptor '/home/blueboat_sitl/gz_ws/build/move_blueboat/share/move_blueboat/hook/pythonpath_develop.dsv'
[3.682s] INFO:colcon.colcon_core.shell:Creating environment hook '/home/blueboat_sitl/gz_ws/build/move_blueboat/share/move_blueboat/hook/pythonpath_develop.sh'
[3.684s] Level 1:colcon.colcon_core.environment:checking '/home/blueboat_sitl/gz_ws/install' for CMake module files
[3.685s] Level 1:colcon.colcon_core.environment:checking '/home/blueboat_sitl/gz_ws/install' for CMake config files
[3.685s] Level 1:colcon.colcon_core.shell:create_environment_hook('move_blueboat', 'cmake_prefix_path')
[3.686s] INFO:colcon.colcon_core.shell:Creating environment hook '/home/blueboat_sitl/gz_ws/install/share/move_blueboat/hook/cmake_prefix_path.ps1'
[3.687s] INFO:colcon.colcon_core.shell:Creating environment descriptor '/home/blueboat_sitl/gz_ws/install/share/move_blueboat/hook/cmake_prefix_path.dsv'
[3.687s] INFO:colcon.colcon_core.shell:Creating environment hook '/home/blueboat_sitl/gz_ws/install/share/move_blueboat/hook/cmake_prefix_path.sh'
[3.689s] Level 1:colcon.colcon_core.environment:checking '/home/blueboat_sitl/gz_ws/install/lib'
[3.689s] Level 1:colcon.colcon_core.shell:create_environment_hook('move_blueboat', 'ld_library_path_lib')
[3.689s] INFO:colcon.colcon_core.shell:Creating environment hook '/home/blueboat_sitl/gz_ws/install/share/move_blueboat/hook/ld_library_path_lib.ps1'
[3.690s] INFO:colcon.colcon_core.shell:Creating environment descriptor '/home/blueboat_sitl/gz_ws/install/share/move_blueboat/hook/ld_library_path_lib.dsv'
[3.691s] INFO:colcon.colcon_core.shell:Creating environment hook '/home/blueboat_sitl/gz_ws/install/share/move_blueboat/hook/ld_library_path_lib.sh'
[3.692s] Level 1:colcon.colcon_core.environment:checking '/home/blueboat_sitl/gz_ws/install/bin'
[3.692s] Level 1:colcon.colcon_core.shell:create_environment_hook('move_blueboat', 'path')
[3.693s] INFO:colcon.colcon_core.shell:Creating environment hook '/home/blueboat_sitl/gz_ws/install/share/move_blueboat/hook/path.ps1'
[3.693s] INFO:colcon.colcon_core.shell:Creating environment descriptor '/home/blueboat_sitl/gz_ws/install/share/move_blueboat/hook/path.dsv'
[3.694s] INFO:colcon.colcon_core.shell:Creating environment hook '/home/blueboat_sitl/gz_ws/install/share/move_blueboat/hook/path.sh'
[3.695s] Level 1:colcon.colcon_core.environment:checking '/home/blueboat_sitl/gz_ws/install/lib/pkgconfig/move_blueboat.pc'
[3.695s] Level 1:colcon.colcon_core.environment:checking '/home/blueboat_sitl/gz_ws/install/lib/python3.10/site-packages'
[3.696s] Level 1:colcon.colcon_core.shell:create_environment_hook('move_blueboat', 'pythonpath')
[3.696s] INFO:colcon.colcon_core.shell:Creating environment hook '/home/blueboat_sitl/gz_ws/install/share/move_blueboat/hook/pythonpath.ps1'
[3.697s] INFO:colcon.colcon_core.shell:Creating environment descriptor '/home/blueboat_sitl/gz_ws/install/share/move_blueboat/hook/pythonpath.dsv'
[3.698s] INFO:colcon.colcon_core.shell:Creating environment hook '/home/blueboat_sitl/gz_ws/install/share/move_blueboat/hook/pythonpath.sh'
[3.699s] Level 1:colcon.colcon_core.environment:checking '/home/blueboat_sitl/gz_ws/install/bin'
[3.699s] Level 1:colcon.colcon_core.shell:create_environment_hook('move_blueboat', 'pythonscriptspath')
[3.700s] INFO:colcon.colcon_core.shell:Creating environment hook '/home/blueboat_sitl/gz_ws/install/share/move_blueboat/hook/pythonscriptspath.ps1'
[3.701s] INFO:colcon.colcon_core.shell:Creating environment descriptor '/home/blueboat_sitl/gz_ws/install/share/move_blueboat/hook/pythonscriptspath.dsv'
[3.702s] INFO:colcon.colcon_core.shell:Creating environment hook '/home/blueboat_sitl/gz_ws/install/share/move_blueboat/hook/pythonscriptspath.sh'
[3.702s] Level 1:colcon.colcon_core.environment:create_environment_scripts_only(move_blueboat)
[3.704s] INFO:colcon.colcon_core.shell:Creating package script '/home/blueboat_sitl/gz_ws/install/share/move_blueboat/package.ps1'
[3.705s] INFO:colcon.colcon_core.shell:Creating package descriptor '/home/blueboat_sitl/gz_ws/install/share/move_blueboat/package.dsv'
[3.707s] INFO:colcon.colcon_core.shell:Creating package script '/home/blueboat_sitl/gz_ws/install/share/move_blueboat/package.sh'
[3.708s] INFO:colcon.colcon_core.shell:Creating package script '/home/blueboat_sitl/gz_ws/install/share/move_blueboat/package.bash'
[3.709s] INFO:colcon.colcon_core.shell:Creating package script '/home/blueboat_sitl/gz_ws/install/share/move_blueboat/package.zsh'
[3.709s] Level 1:colcon.colcon_core.environment:create_file_with_runtime_dependencies(/home/blueboat_sitl/gz_ws/install/share/colcon-core/packages/move_blueboat)
[3.710s] DEBUG:colcon.colcon_parallel_executor.executor.parallel:closing loop
[3.711s] DEBUG:colcon.colcon_parallel_executor.executor.parallel:loop closed
[3.711s] DEBUG:colcon.colcon_parallel_executor.executor.parallel:run_until_complete finished with '0'
[3.711s] DEBUG:colcon.colcon_core.event_reactor:joining thread
[3.725s] INFO:colcon.colcon_core.plugin_system:Skipping extension 'colcon_notification.desktop_notification.notify_send': Could not find 'notify-send'
[3.725s] INFO:colcon.colcon_core.plugin_system:Skipping extension 'colcon_notification.desktop_notification.terminal_notifier': Not used on non-Darwin systems
[3.726s] INFO:colcon.colcon_core.plugin_system:Skipping extension 'colcon_notification.desktop_notification.win32': Not used on non-Windows systems
[3.726s] INFO:colcon.colcon_notification.desktop_notification:Sending desktop notification using 'notify2'
[3.731s] DEBUG:colcon.colcon_notification.desktop_notification.notify2:Failed to initialize notify2: org.freedesktop.DBus.Error.Spawn.ExecFailed: /usr/bin/dbus-launch terminated abnormally without any error message
[3.732s] DEBUG:colcon.colcon_core.event_reactor:joined thread
[3.733s] INFO:colcon.colcon_core.shell:Creating prefix script '/home/blueboat_sitl/gz_ws/install/local_setup.ps1'
[3.736s] INFO:colcon.colcon_core.shell:Creating prefix util module '/home/blueboat_sitl/gz_ws/install/_local_setup_util_ps1.py'
[3.739s] INFO:colcon.colcon_core.shell:Creating prefix chain script '/home/blueboat_sitl/gz_ws/install/setup.ps1'
[3.743s] INFO:colcon.colcon_core.shell:Creating prefix script '/home/blueboat_sitl/gz_ws/install/local_setup.sh'
[3.744s] INFO:colcon.colcon_core.shell:Creating prefix util module '/home/blueboat_sitl/gz_ws/install/_local_setup_util_sh.py'
[3.746s] INFO:colcon.colcon_core.shell:Creating prefix chain script '/home/blueboat_sitl/gz_ws/install/setup.sh'
[3.750s] INFO:colcon.colcon_core.shell:Creating prefix script '/home/blueboat_sitl/gz_ws/install/local_setup.bash'
[3.751s] INFO:colcon.colcon_core.shell:Creating prefix chain script '/home/blueboat_sitl/gz_ws/install/setup.bash'
[3.754s] INFO:colcon.colcon_core.shell:Creating prefix script '/home/blueboat_sitl/gz_ws/install/local_setup.zsh'
[3.756s] INFO:colcon.colcon_core.shell:Creating prefix chain script '/home/blueboat_sitl/gz_ws/install/setup.zsh'
