[0.014s] Invoking command in '/home/blueboat_sitl/gz_ws/build/gz-waves1': /usr/bin/cmake --build /home/blueboat_sitl/gz_ws/build/gz-waves1 -- -j12 -l12
[0.051s] [35m[1mConsolidate compiler generated dependencies of target gtest[0m
[0.062s] [  2%] Built target gtest
[0.070s] [35m[1mConsolidate compiler generated dependencies of target gtest_main[0m
[0.075s] [35m[1mConsolidate compiler generated dependencies of target gz-waves1[0m
[0.079s] [  4%] Built target gtest_main
[0.179s] [ 26%] Built target gz-waves1
[0.194s] [35m[1mConsolidate compiler generated dependencies of target UNIT_LinearRandomFFTWaveSimulation_TEST[0m
[0.196s] [35m[1mConsolidate compiler generated dependencies of target UNIT_Geometry_TEST[0m
[0.196s] [35m[1mConsolidate compiler generated dependencies of target UNIT_Algorithm_TEST[0m
[0.196s] [35m[1mConsolidate compiler generated dependencies of target UNIT_Grid_TEST[0m
[0.196s] [35m[1mConsolidate compiler generated dependencies of target UNIT_TriangulatedGrid_TEST[0m
[0.196s] [35m[1mConsolidate compiler generated dependencies of target UNIT_LinearRegularWaveSimulation_TEST[0m
[0.196s] [35m[1mConsolidate compiler generated dependencies of target UNIT_MeshTools_TEST[0m
[0.203s] [35m[1mConsolidate compiler generated dependencies of target UNIT_CGAL_TEST[0m
[0.203s] [35m[1mConsolidate compiler generated dependencies of target UNIT_Physics_TEST[0m
[0.203s] [35m[1mConsolidate compiler generated dependencies of target UNIT_WaveSpectrum_TEST[0m
[0.203s] [35m[1mConsolidate compiler generated dependencies of target UNIT_EigenFFTW_TEST[0m
[0.206s] [35m[1mConsolidate compiler generated dependencies of target UNIT_Wavefield_TEST[0m
[0.210s] [ 27%] Built target UNIT_Algorithm_TEST
[0.211s] [ 30%] Built target UNIT_LinearRandomFFTWaveSimulation_TEST
[0.219s] [ 32%] Built target UNIT_EigenFFTW_TEST
[0.219s] [ 34%] Built target UNIT_WaveSpectrum_TEST
[0.224s] [ 36%] Built target UNIT_TriangulatedGrid_TEST
[0.225s] [ 38%] Built target UNIT_Geometry_TEST
[0.225s] [35m[1mConsolidate compiler generated dependencies of target UNIT_WaveSpreadingFunction_TEST[0m
[0.230s] [ 40%] Built target UNIT_Grid_TEST
[0.235s] [ 43%] Built target UNIT_Physics_TEST
[0.235s] [35m[1mConsolidate compiler generated dependencies of target gz-waves1-dynamic-geometry-system[0m
[0.237s] [ 45%] Built target UNIT_Wavefield_TEST
[0.237s] [ 46%] Built target UNIT_LinearRegularWaveSimulation_TEST
[0.238s] [35m[1mConsolidate compiler generated dependencies of target gz-waves1-waves-model-system[0m
[0.239s] [35m[1mConsolidate compiler generated dependencies of target gz-waves1-hydrodynamics-system[0m
[0.239s] [ 48%] Built target UNIT_MeshTools_TEST
[0.240s] [ 50%] Built target UNIT_CGAL_TEST
[0.242s] [35m[1mConsolidate compiler generated dependencies of target PERFORMANCE_EigenReturnByValue[0m
[0.242s] [ 51%] Built target UNIT_WaveSpreadingFunction_TEST
[0.248s] [35m[1mConsolidate compiler generated dependencies of target PERFORMANCE_LinearRandomFFTWaveSimBaseAmplitudes[0m
[0.252s] [35m[1mConsolidate compiler generated dependencies of target PERFORMANCE_LinearRandomFFTWaveSimCurrentAmplitudes[0m
[0.252s] [35m[1mConsolidate compiler generated dependencies of target gz-waves1-rendering[0m
[0.253s] [35m[1mConsolidate compiler generated dependencies of target PERFORMANCE_LinearRandomFFTWaveSimElevationAt[0m
[0.254s] [35m[1mConsolidate compiler generated dependencies of target PERFORMANCE_WaveSpectrumECKV[0m
[0.257s] [35m[1mConsolidate compiler generated dependencies of target PERFORMANCE_LinearRegularWaveSimDisplacements[0m
[0.257s] [35m[1mConsolidate compiler generated dependencies of target PERFORMANCE_LinearRandomFFTWaveSimDisplacements[0m
[0.257s] [ 53%] Built target PERFORMANCE_EigenReturnByValue
[0.260s] [35m[1mConsolidate compiler generated dependencies of target PLOT_GnuPlotExample[0m
[0.263s] [ 56%] Built target PERFORMANCE_LinearRandomFFTWaveSimBaseAmplitudes
[0.263s] [ 56%] Built target gz-waves1-dynamic-geometry-system
[0.264s] [ 59%] Built target gz-waves1-waves-model-system
[0.270s] [ 61%] Built target PERFORMANCE_LinearRandomFFTWaveSimElevationAt
[0.273s] [ 63%] Built target PERFORMANCE_LinearRandomFFTWaveSimCurrentAmplitudes
[0.276s] [35m[1mConsolidate compiler generated dependencies of target PLOT_LinearRandomFFTWaves[0m
[0.276s] [ 65%] Built target PERFORMANCE_LinearRandomFFTWaveSimDisplacements
[0.276s] [35m[1mConsolidate compiler generated dependencies of target PLOT_LinearRandomWaves[0m
[0.276s] [35m[1mConsolidate compiler generated dependencies of target PLOT_WaveSpectrum[0m
[0.276s] [35m[1mConsolidate compiler generated dependencies of target PLOT_LinearRegularWaves[0m
[0.277s] [ 67%] Built target PERFORMANCE_LinearRegularWaveSimDisplacements
[0.278s] [ 69%] Built target PERFORMANCE_WaveSpectrumECKV
[0.281s] [ 72%] Built target gz-waves1-hydrodynamics-system
[0.283s] [ 73%] Built target PLOT_GnuPlotExample
[0.294s] [ 79%] Built target PLOT_WaveSpectrum
[0.294s] [ 79%] Built target PLOT_LinearRandomFFTWaves
[0.294s] [ 79%] Built target PLOT_LinearRegularWaves
[0.294s] [ 81%] Built target PLOT_LinearRandomWaves
[0.304s] [ 91%] Built target gz-waves1-rendering
[0.314s] [35m[1mConsolidate compiler generated dependencies of target gz-waves1-waves-visual-system[0m
[0.320s] [35m[1mConsolidate compiler generated dependencies of target gz-waves1-rendering-ogre2[0m
[0.338s] [ 93%] Built target gz-waves1-waves-visual-system
[0.358s] [100%] Built target gz-waves1-rendering-ogre2
[0.366s] Invoked command in '/home/blueboat_sitl/gz_ws/build/gz-waves1' returned '0': /usr/bin/cmake --build /home/blueboat_sitl/gz_ws/build/gz-waves1 -- -j12 -l12
[0.374s] Invoking command in '/home/blueboat_sitl/gz_ws/build/gz-waves1': /usr/bin/cmake --install /home/blueboat_sitl/gz_ws/build/gz-waves1
[0.379s] -- Install configuration: "RelWithDebInfo"
[0.379s] -- Up-to-date: /home/blueboat_sitl/gz_ws/install/lib/cmake/gz-waves1-all/gz-waves1-all-config.cmake
[0.379s] -- Up-to-date: /home/blueboat_sitl/gz_ws/install/lib/cmake/gz-waves1-all/gz-waves1-all-config-version.cmake
[0.380s] -- Up-to-date: /home/blueboat_sitl/gz_ws/install/lib/cmake/gz-waves1-all/gz-waves1-all-targets.cmake
[0.381s] -- Up-to-date: /home/blueboat_sitl/gz_ws/install/include/gz/waves1/gz/waves/detail/Export.hh
[0.381s] -- Up-to-date: /home/blueboat_sitl/gz_ws/install/include/gz/waves1/gz/waves/Export.hh
[0.382s] -- Up-to-date: /home/blueboat_sitl/gz_ws/install/lib/libgz-waves1.so.1.0.0
[0.382s] -- Up-to-date: /home/blueboat_sitl/gz_ws/install/lib/libgz-waves1.so.1
[0.382s] -- Up-to-date: /home/blueboat_sitl/gz_ws/install/lib/libgz-waves1.so
[0.382s] -- Up-to-date: /home/blueboat_sitl/gz_ws/install/lib/cmake/gz-waves1/gz-waves1-config.cmake
[0.382s] -- Up-to-date: /home/blueboat_sitl/gz_ws/install/lib/cmake/gz-waves1/gz-waves1-config-version.cmake
[0.382s] -- Up-to-date: /home/blueboat_sitl/gz_ws/install/lib/cmake/gz-waves1/gz-waves1-targets.cmake
[0.382s] -- Up-to-date: /home/blueboat_sitl/gz_ws/install/lib/cmake/gz-waves1/gz-waves1-targets-relwithdebinfo.cmake
[0.383s] -- Up-to-date: /home/blueboat_sitl/gz_ws/install/lib/pkgconfig/gz-waves1.pc
[0.383s] -- Up-to-date: /home/blueboat_sitl/gz_ws/install/include/gz/waves1/gz/waves/dynamic-geometry-system/detail/Export.hh
[0.384s] -- Up-to-date: /home/blueboat_sitl/gz_ws/install/include/gz/waves1/gz/waves/dynamic-geometry-system/Export.hh
[0.384s] -- Up-to-date: /home/blueboat_sitl/gz_ws/install/lib/libgz-waves1-dynamic-geometry-system.so.1.0.0
[0.384s] -- Up-to-date: /home/blueboat_sitl/gz_ws/install/lib/libgz-waves1-dynamic-geometry-system.so.1
[0.384s] -- Up-to-date: /home/blueboat_sitl/gz_ws/install/lib/libgz-waves1-dynamic-geometry-system.so
[0.384s] -- Up-to-date: /home/blueboat_sitl/gz_ws/install/lib/cmake/gz-waves1-dynamic-geometry-system/gz-waves1-dynamic-geometry-system-config.cmake
[0.384s] -- Up-to-date: /home/blueboat_sitl/gz_ws/install/lib/cmake/gz-waves1-dynamic-geometry-system/gz-waves1-dynamic-geometry-system-config-version.cmake
[0.385s] -- Up-to-date: /home/blueboat_sitl/gz_ws/install/lib/cmake/gz-waves1-dynamic-geometry-system/gz-waves1-dynamic-geometry-system-targets.cmake
[0.385s] -- Up-to-date: /home/blueboat_sitl/gz_ws/install/lib/cmake/gz-waves1-dynamic-geometry-system/gz-waves1-dynamic-geometry-system-targets-relwithdebinfo.cmake
[0.385s] -- Up-to-date: /home/blueboat_sitl/gz_ws/install/lib/pkgconfig/gz-waves1-dynamic-geometry-system.pc
[0.385s] -- Up-to-date: /home/blueboat_sitl/gz_ws/install/include/gz/waves1/gz/waves/hydrodynamics-system/detail/Export.hh
[0.385s] -- Up-to-date: /home/blueboat_sitl/gz_ws/install/include/gz/waves1/gz/waves/hydrodynamics-system/Export.hh
[0.386s] -- Up-to-date: /home/blueboat_sitl/gz_ws/install/lib/libgz-waves1-hydrodynamics-system.so.1.0.0
[0.386s] -- Up-to-date: /home/blueboat_sitl/gz_ws/install/lib/libgz-waves1-hydrodynamics-system.so.1
[0.386s] -- Up-to-date: /home/blueboat_sitl/gz_ws/install/lib/libgz-waves1-hydrodynamics-system.so
[0.386s] -- Up-to-date: /home/blueboat_sitl/gz_ws/install/lib/cmake/gz-waves1-hydrodynamics-system/gz-waves1-hydrodynamics-system-config.cmake
[0.386s] -- Up-to-date: /home/blueboat_sitl/gz_ws/install/lib/cmake/gz-waves1-hydrodynamics-system/gz-waves1-hydrodynamics-system-config-version.cmake
[0.386s] -- Up-to-date: /home/blueboat_sitl/gz_ws/install/lib/cmake/gz-waves1-hydrodynamics-system/gz-waves1-hydrodynamics-system-targets.cmake
[0.386s] -- Up-to-date: /home/blueboat_sitl/gz_ws/install/lib/cmake/gz-waves1-hydrodynamics-system/gz-waves1-hydrodynamics-system-targets-relwithdebinfo.cmake
[0.387s] -- Up-to-date: /home/blueboat_sitl/gz_ws/install/lib/pkgconfig/gz-waves1-hydrodynamics-system.pc
[0.387s] -- Up-to-date: /home/blueboat_sitl/gz_ws/install/include/gz/waves1/gz/waves/rendering/detail/Export.hh
[0.387s] -- Up-to-date: /home/blueboat_sitl/gz_ws/install/include/gz/waves1/gz/waves/rendering/Export.hh
[0.388s] -- Up-to-date: /home/blueboat_sitl/gz_ws/install/lib/libgz-waves1-rendering.so.1.0.0
[0.388s] -- Up-to-date: /home/blueboat_sitl/gz_ws/install/lib/libgz-waves1-rendering.so.1
[0.388s] -- Up-to-date: /home/blueboat_sitl/gz_ws/install/lib/libgz-waves1-rendering.so
[0.388s] -- Up-to-date: /home/blueboat_sitl/gz_ws/install/lib/cmake/gz-waves1-rendering/gz-waves1-rendering-config.cmake
[0.388s] -- Up-to-date: /home/blueboat_sitl/gz_ws/install/lib/cmake/gz-waves1-rendering/gz-waves1-rendering-config-version.cmake
[0.388s] -- Up-to-date: /home/blueboat_sitl/gz_ws/install/lib/cmake/gz-waves1-rendering/gz-waves1-rendering-targets.cmake
[0.388s] -- Up-to-date: /home/blueboat_sitl/gz_ws/install/lib/cmake/gz-waves1-rendering/gz-waves1-rendering-targets-relwithdebinfo.cmake
[0.388s] -- Up-to-date: /home/blueboat_sitl/gz_ws/install/lib/pkgconfig/gz-waves1-rendering.pc
[0.389s] -- Up-to-date: /home/blueboat_sitl/gz_ws/install/include/gz/waves1/gz/waves/rendering-ogre2/detail/Export.hh
[0.389s] -- Up-to-date: /home/blueboat_sitl/gz_ws/install/include/gz/waves1/gz/waves/rendering-ogre2/Export.hh
[0.389s] -- Up-to-date: /home/blueboat_sitl/gz_ws/install/lib/libgz-waves1-rendering-ogre2.so.1.0.0
[0.389s] -- Up-to-date: /home/blueboat_sitl/gz_ws/install/lib/libgz-waves1-rendering-ogre2.so.1
[0.389s] -- Up-to-date: /home/blueboat_sitl/gz_ws/install/lib/libgz-waves1-rendering-ogre2.so
[0.389s] -- Up-to-date: /home/blueboat_sitl/gz_ws/install/lib/cmake/gz-waves1-rendering-ogre2/gz-waves1-rendering-ogre2-config.cmake
[0.389s] -- Up-to-date: /home/blueboat_sitl/gz_ws/install/lib/cmake/gz-waves1-rendering-ogre2/gz-waves1-rendering-ogre2-config-version.cmake
[0.390s] -- Up-to-date: /home/blueboat_sitl/gz_ws/install/lib/cmake/gz-waves1-rendering-ogre2/gz-waves1-rendering-ogre2-targets.cmake
[0.390s] -- Up-to-date: /home/blueboat_sitl/gz_ws/install/lib/cmake/gz-waves1-rendering-ogre2/gz-waves1-rendering-ogre2-targets-relwithdebinfo.cmake
[0.390s] -- Up-to-date: /home/blueboat_sitl/gz_ws/install/lib/pkgconfig/gz-waves1-rendering-ogre2.pc
[0.390s] -- Up-to-date: /home/blueboat_sitl/gz_ws/install/include/gz/waves1/gz/waves/waves-visual-system/detail/Export.hh
[0.390s] -- Up-to-date: /home/blueboat_sitl/gz_ws/install/include/gz/waves1/gz/waves/waves-visual-system/Export.hh
[0.390s] -- Up-to-date: /home/blueboat_sitl/gz_ws/install/lib/libgz-waves1-waves-visual-system.so.1.0.0
[0.390s] -- Up-to-date: /home/blueboat_sitl/gz_ws/install/lib/libgz-waves1-waves-visual-system.so.1
[0.390s] -- Up-to-date: /home/blueboat_sitl/gz_ws/install/lib/libgz-waves1-waves-visual-system.so
[0.390s] -- Up-to-date: /home/blueboat_sitl/gz_ws/install/lib/cmake/gz-waves1-waves-visual-system/gz-waves1-waves-visual-system-config.cmake
[0.390s] -- Up-to-date: /home/blueboat_sitl/gz_ws/install/lib/cmake/gz-waves1-waves-visual-system/gz-waves1-waves-visual-system-config-version.cmake
[0.391s] -- Up-to-date: /home/blueboat_sitl/gz_ws/install/lib/cmake/gz-waves1-waves-visual-system/gz-waves1-waves-visual-system-targets.cmake
[0.391s] -- Up-to-date: /home/blueboat_sitl/gz_ws/install/lib/cmake/gz-waves1-waves-visual-system/gz-waves1-waves-visual-system-targets-relwithdebinfo.cmake
[0.391s] -- Up-to-date: /home/blueboat_sitl/gz_ws/install/lib/pkgconfig/gz-waves1-waves-visual-system.pc
[0.391s] -- Up-to-date: /home/blueboat_sitl/gz_ws/install/include/gz/waves1/gz/waves/waves-model-system/detail/Export.hh
[0.391s] -- Up-to-date: /home/blueboat_sitl/gz_ws/install/include/gz/waves1/gz/waves/waves-model-system/Export.hh
[0.391s] -- Up-to-date: /home/blueboat_sitl/gz_ws/install/lib/libgz-waves1-waves-model-system.so.1.0.0
[0.391s] -- Up-to-date: /home/blueboat_sitl/gz_ws/install/lib/libgz-waves1-waves-model-system.so.1
[0.391s] -- Up-to-date: /home/blueboat_sitl/gz_ws/install/lib/libgz-waves1-waves-model-system.so
[0.391s] -- Up-to-date: /home/blueboat_sitl/gz_ws/install/lib/cmake/gz-waves1-waves-model-system/gz-waves1-waves-model-system-config.cmake
[0.391s] -- Up-to-date: /home/blueboat_sitl/gz_ws/install/lib/cmake/gz-waves1-waves-model-system/gz-waves1-waves-model-system-config-version.cmake
[0.392s] -- Up-to-date: /home/blueboat_sitl/gz_ws/install/lib/cmake/gz-waves1-waves-model-system/gz-waves1-waves-model-system-targets.cmake
[0.392s] -- Up-to-date: /home/blueboat_sitl/gz_ws/install/lib/cmake/gz-waves1-waves-model-system/gz-waves1-waves-model-system-targets-relwithdebinfo.cmake
[0.392s] -- Up-to-date: /home/blueboat_sitl/gz_ws/install/lib/pkgconfig/gz-waves1-waves-model-system.pc
[0.392s] -- Up-to-date: /home/blueboat_sitl/gz_ws/install/include/gz/waves1/gz/waves/components/Wavefield.hh
[0.392s] -- Up-to-date: /home/blueboat_sitl/gz_ws/install/include/gz/waves1/gz/waves/Algorithm.hh
[0.392s] -- Up-to-date: /home/blueboat_sitl/gz_ws/install/include/gz/waves1/gz/waves/CGALTypes.hh
[0.393s] -- Up-to-date: /home/blueboat_sitl/gz_ws/install/include/gz/waves1/gz/waves/Convert.hh
[0.393s] -- Up-to-date: /home/blueboat_sitl/gz_ws/install/include/gz/waves1/gz/waves/Geometry.hh
[0.393s] -- Up-to-date: /home/blueboat_sitl/gz_ws/install/include/gz/waves1/gz/waves/Grid.hh
[0.393s] -- Up-to-date: /home/blueboat_sitl/gz_ws/install/include/gz/waves1/gz/waves/LinearRandomFFTWaveSimulation.hh
[0.393s] -- Up-to-date: /home/blueboat_sitl/gz_ws/install/include/gz/waves1/gz/waves/LinearRandomWaveSimulation.hh
[0.393s] -- Up-to-date: /home/blueboat_sitl/gz_ws/install/include/gz/waves1/gz/waves/LinearRegularWaveSimulation.hh
[0.393s] -- Up-to-date: /home/blueboat_sitl/gz_ws/install/include/gz/waves1/gz/waves/MeshTools.hh
[0.393s] -- Up-to-date: /home/blueboat_sitl/gz_ws/install/include/gz/waves1/gz/waves/OceanTile.hh
[0.393s] -- Up-to-date: /home/blueboat_sitl/gz_ws/install/include/gz/waves1/gz/waves/PhysicalConstants.hh
[0.393s] -- Up-to-date: /home/blueboat_sitl/gz_ws/install/include/gz/waves1/gz/waves/Physics.hh
[0.393s] -- Up-to-date: /home/blueboat_sitl/gz_ws/install/include/gz/waves1/gz/waves/TriangulatedGrid.hh
[0.393s] -- Up-to-date: /home/blueboat_sitl/gz_ws/install/include/gz/waves1/gz/waves/TrochoidIrregularWaveSimulation.hh
[0.393s] -- Up-to-date: /home/blueboat_sitl/gz_ws/install/include/gz/waves1/gz/waves/Types.hh
[0.393s] -- Up-to-date: /home/blueboat_sitl/gz_ws/install/include/gz/waves1/gz/waves/Utilities.hh
[0.393s] -- Up-to-date: /home/blueboat_sitl/gz_ws/install/include/gz/waves1/gz/waves/WaveParameters.hh
[0.393s] -- Up-to-date: /home/blueboat_sitl/gz_ws/install/include/gz/waves1/gz/waves/WaveSimulation.hh
[0.393s] -- Up-to-date: /home/blueboat_sitl/gz_ws/install/include/gz/waves1/gz/waves/WaveSpectrum.hh
[0.393s] -- Up-to-date: /home/blueboat_sitl/gz_ws/install/include/gz/waves1/gz/waves/WaveSpreadingFunction.hh
[0.393s] -- Up-to-date: /home/blueboat_sitl/gz_ws/install/include/gz/waves1/gz/waves/Wavefield.hh
[0.393s] -- Up-to-date: /home/blueboat_sitl/gz_ws/install/include/gz/waves1/gz/waves/WavefieldSampler.hh
[0.394s] -- Up-to-date: /home/blueboat_sitl/gz_ws/install/include/gz/waves1/gz/waves.hh
[0.394s] -- Up-to-date: /home/blueboat_sitl/gz_ws/install/include/gz/waves1/gz/waves/config.hh
[0.394s] -- Up-to-date: /home/blueboat_sitl/gz_ws/install/include/gz/waves1/gz/waves/components.hh
[0.394s] -- Up-to-date: /home/blueboat_sitl/gz_ws/install/bin/PLOT_GnuPlotExample
[0.394s] -- Up-to-date: /home/blueboat_sitl/gz_ws/install/bin/PLOT_LinearRandomFFTWaves
[0.395s] -- Up-to-date: /home/blueboat_sitl/gz_ws/install/bin/PLOT_LinearRandomWaves
[0.395s] -- Up-to-date: /home/blueboat_sitl/gz_ws/install/bin/PLOT_LinearRegularWaves
[0.396s] -- Up-to-date: /home/blueboat_sitl/gz_ws/install/bin/PLOT_WaveSpectrum
[0.397s] Invoked command in '/home/blueboat_sitl/gz_ws/build/gz-waves1' returned '0': /usr/bin/cmake --install /home/blueboat_sitl/gz_ws/build/gz-waves1
