[0.017s] Invoking command in '/home/blueboat_sitl/gz_ws/build/gz-waves1': /usr/bin/cmake /home/blueboat_sitl/gz_ws/src/asv_wave_sim/gz-waves -DCMAKE_BUILD_TYPE=RelWithDebInfo -DCMAKE_INSTALL_PREFIX=/home/blueboat_sitl/gz_ws/install
[0.054s] -- gz-waves1 version 1.0.0
[0.054s] -- Operating system is Linux
[0.057s] -- Found CPack generators: DEB
[0.294s] -- Found Boost: /usr/lib/x86_64-linux-gnu/cmake/Boost-1.74.0/BoostConfig.cmake (found version "1.74.0") found components: iostreams system filesystem 
[0.298s] -- Looking for gz-math7 -- found version 7.5.1
[0.299s] -- Searching for dependencies of gz-math7
[0.299s] -- Looking for gz-utils2 -- found version 2.2.1
[0.300s] -- Searching for dependencies of gz-utils2
[0.301s] -- Searching for <gz-math7> component [eigen3]
[0.302s] -- Looking for gz-math7-eigen3 -- found version 7.5.1
[0.302s] -- Searching for dependencies of gz-math7-eigen3
[0.304s] -- Looking for gz-math7 - found
[0.304s] 
[0.305s] -- Looking for gz-common5 -- found version 5.7.1
[0.305s] -- Searching for dependencies of gz-common5
[0.305s] -- Looking for gz-utils2 -- found version 2.2.1
[0.305s] -- Looking for dlfcn.h - found
[0.305s] -- Looking for libdl - found
[0.312s] -- Checking for module 'uuid'
[0.326s] --   Found uuid, version 2.37.2
[0.350s] -- Searching for <gz-common5> component [graphics]
[0.350s] -- Looking for gz-common5-graphics -- found version 5.7.1
[0.351s] -- Searching for dependencies of gz-common5-graphics
[0.351s] -- Looking for gz-math7 -- found version 7.5.1
[0.356s] -- Searching for <gz-common5> component [events]
[0.356s] -- Looking for gz-common5-events -- found version 5.7.1
[0.357s] -- Searching for dependencies of gz-common5-events
[0.357s] -- Looking for gz-math7 -- found version 7.5.1
[0.358s] -- Looking for gz-common5 - found
[0.358s] 
[0.360s] -- Looking for gz-plugin2 -- found version 2.0.4
[0.360s] -- Searching for dependencies of gz-plugin2
[0.361s] -- Looking for gz-utils2 -- found version 2.2.1
[0.361s] -- Searching for dependencies of gz-utils2
[0.361s] -- Searching for <gz-utils2> component [cli]
[0.362s] -- Looking for gz-utils2-cli -- found version 2.2.1
[0.362s] -- Searching for dependencies of gz-utils2-cli
[0.363s] -- Searching for <gz-plugin2> component [loader]
[0.364s] -- Looking for gz-plugin2-loader -- found version 2.0.4
[0.365s] -- Searching for dependencies of gz-plugin2-loader
[0.365s] -- Searching for <gz-plugin2> component [register]
[0.366s] -- Looking for gz-plugin2-register -- found version 2.0.4
[0.367s] -- Searching for dependencies of gz-plugin2-register
[0.367s] -- Looking for gz-plugin2 - found
[0.367s] 
[0.369s] -- Looking for gz-msgs9 -- found version 9.5.1
[0.369s] -- Searching for dependencies of gz-msgs9
[0.405s] -- Looking for gz-math7 -- found version 7.5.1
[0.409s] -- Checking for module 'tinyxml2'
[0.419s] --   Found tinyxml2, version 9.0.0
[0.440s] -- Looking for gz-msgs9 - found
[0.440s] 
[0.441s] -- Looking for gz-transport12 -- found version 12.2.2
[0.442s] -- Searching for dependencies of gz-transport12
[0.476s] -- Config-file not installed for ZeroMQ -- checking for pkg-config
[0.481s] -- Checking for module 'libzmq >= 4'
[0.494s] --   Found libzmq , version 4.3.4
[0.525s] -- Looking for gz-utils2 -- found version 2.2.1
[0.525s] -- Looking for gz-msgs9 -- found version 9.5.1
[0.526s] -- Looking for gz-transport12 - found
[0.526s] 
[0.527s] -- Looking for gz-rendering7 -- found version 7.5.0
[0.527s] -- Searching for dependencies of gz-rendering7
[0.527s] -- Looking for gz-math7 -- found version 7.5.1
[0.528s] -- Looking for gz-common5 -- found version 5.7.1
[0.528s] -- Searching for dependencies of gz-common5
[0.528s] -- Looking for gz-utils2 -- found version 2.2.1
[0.528s] -- Looking for dlfcn.h - found
[0.528s] -- Looking for libdl - found
[0.533s] -- Searching for <gz-common5> component [graphics]
[0.534s] -- Searching for <gz-common5> component [events]
[0.534s] -- Searching for <gz-common5> component [geospatial]
[0.535s] -- Looking for gz-common5-geospatial -- found version 5.7.1
[0.535s] -- Searching for dependencies of gz-common5-geospatial
[0.535s] -- Looking for gz-math7 -- found version 7.5.1
[0.535s] -- Looking for gz-common5 -- found version 5.7.1
[0.536s] -- Looking for gz-plugin2 -- found version 2.0.4
[0.536s] -- Searching for dependencies of gz-plugin2
[0.537s] -- Looking for gz-utils2 -- found version 2.2.1
[0.537s] -- Searching for <gz-plugin2> component [all]
[0.537s] -- Looking for all libraries of gz-plugin2 -- found version 2.0.4
[0.538s] -- Looking for gz-plugin2 -- found version 2.0.4
[0.539s] -- Looking for gz-utils2 -- found version 2.2.1
[0.545s] -- Looking for gz-rendering7 - found
[0.545s] 
[0.546s] -- Looking for gz-sim7 -- found version 7.9.0
[0.546s] -- Searching for dependencies of gz-sim7
[0.547s] -- Looking for sdformat13 -- found version 13.9.0
[0.547s] -- Searching for dependencies of sdformat13
[0.551s] -- Looking for gz-math7 -- found version 7.5.1
[0.551s] -- Looking for gz-utils2 -- found version 2.2.1
[0.552s] -- Looking for gz-plugin2 -- found version 2.0.4
[0.552s] -- Looking for gz-transport12 -- found version 12.2.2
[0.553s] -- Searching for dependencies of gz-transport12
[0.589s] -- Config-file not installed for ZeroMQ -- checking for pkg-config
[0.592s] -- Checking for module 'libzmq >= 4'
[0.602s] --   Found libzmq , version 4.3.4
[0.631s] -- Looking for gz-utils2 -- found version 2.2.1
[0.631s] -- Looking for gz-msgs9 -- found version 9.5.1
[0.631s] -- Searching for <gz-transport12> component [log]
[0.632s] -- Looking for gz-transport12-log -- found version 12.2.2
[0.632s] -- Searching for dependencies of gz-transport12-log
[0.633s] -- Searching for <gz-transport12> component [parameters]
[0.633s] -- Looking for gz-transport12-parameters -- found version 12.2.2
[0.634s] -- Searching for dependencies of gz-transport12-parameters
[0.634s] -- Looking for gz-msgs9 -- found version 9.5.1
[0.635s] -- Looking for gz-common5 -- found version 5.7.1
[0.635s] -- Searching for dependencies of gz-common5
[0.635s] -- Looking for gz-utils2 -- found version 2.2.1
[0.635s] -- Looking for dlfcn.h - found
[0.635s] -- Looking for libdl - found
[0.641s] -- Searching for <gz-common5> component [profiler]
[0.641s] -- Looking for gz-common5-profiler -- found version 5.7.1
[0.642s] -- Searching for dependencies of gz-common5-profiler
[0.642s] -- Searching for <gz-common5> component [events]
[0.643s] -- Searching for <gz-common5> component [av]
[0.643s] -- Looking for gz-common5-av -- found version 5.7.1
[0.643s] -- Searching for dependencies of gz-common5-av
[0.648s] -- Checking for module 'libswscale'
[0.658s] --   Found libswscale, version 5.9.100
[0.685s] -- Checking for module 'libavdevice >= 56.4.100'
[0.696s] --   Found libavdevice , version 58.13.100
[0.724s] -- Checking for module 'libavformat'
[0.734s] --   Found libavformat, version 58.76.100
[0.761s] -- Checking for module 'libavcodec'
[0.771s] --   Found libavcodec, version 58.134.100
[0.799s] -- Checking for module 'libavutil'
[0.809s] --   Found libavutil, version 56.70.100
[0.832s] -- Searching for <gz-common5> component [io]
[0.833s] -- Looking for gz-common5-io -- found version 5.7.1
[0.833s] -- Searching for dependencies of gz-common5-io
[0.835s] -- Looking for gz-fuel_tools8 -- found version 8.2.0
[0.835s] -- Searching for dependencies of gz-fuel_tools8
[0.875s] -- Checking for module 'jsoncpp'
[0.884s] --   Found jsoncpp, version 1.9.5
[0.909s] -- Checking for module 'libzip'
[0.919s] --   Found libzip, version 1.7.3
[0.940s] -- Looking for gz-utils2 -- found version 2.2.1
[0.940s] -- Looking for gz-common5 -- found version 5.7.1
[0.940s] -- Searching for dependencies of gz-common5
[0.941s] -- Looking for gz-utils2 -- found version 2.2.1
[0.941s] -- Looking for dlfcn.h - found
[0.941s] -- Looking for libdl - found
[0.946s] -- Searching for <gz-common5> component [testing]
[0.947s] -- Looking for gz-common5-testing -- found version 5.7.1
[0.947s] -- Searching for dependencies of gz-common5-testing
[0.948s] -- Looking for gz-math7 -- found version 7.5.1
[0.949s] -- Looking for gz-msgs9 -- found version 9.5.1
[0.950s] -- Looking for gz-gui7 -- found version 7.2.2
[0.950s] -- Searching for dependencies of gz-gui7
[0.973s] -- Looking for gz-utils2 -- found version 2.2.1
[0.973s] -- Looking for gz-math7 -- found version 7.5.1
[0.974s] -- Looking for gz-common5 -- found version 5.7.1
[0.974s] -- Looking for gz-plugin2 -- found version 2.0.4
[0.974s] -- Looking for gz-transport12 -- found version 12.2.2
[0.974s] -- Looking for gz-rendering7 -- found version 7.5.0
[0.975s] -- Looking for gz-msgs9 -- found version 9.5.1
[0.996s] -- Looking for gz-physics6 -- found version 6.7.0
[0.996s] -- Searching for dependencies of gz-physics6
[0.996s] -- Looking for gz-common5 -- found version 5.7.1
[0.997s] -- Looking for gz-math7 -- found version 7.5.1
[0.997s] -- Looking for gz-plugin2 -- found version 2.0.4
[0.997s] -- Looking for gz-utils2 -- found version 2.2.1
[0.998s] -- Searching for <gz-physics6> component [heightmap]
[0.999s] -- Looking for gz-physics6-heightmap -- found version 6.7.0
[0.999s] -- Searching for dependencies of gz-physics6-heightmap
[0.999s] -- Looking for gz-common5 -- found version 5.7.1
[0.999s] -- Searching for <gz-physics6> component [mesh]
[1.000s] -- Looking for gz-physics6-mesh -- found version 6.7.0
[1.000s] -- Searching for dependencies of gz-physics6-mesh
[1.001s] -- Looking for gz-common5 -- found version 5.7.1
[1.001s] -- Searching for <gz-physics6> component [sdf]
[1.001s] -- Looking for gz-physics6-sdf -- found version 6.7.0
[1.002s] -- Searching for dependencies of gz-physics6-sdf
[1.002s] -- Looking for sdformat13 -- found version 13.9.0
[1.003s] -- Looking for gz-sensors7 -- found version 7.3.1
[1.003s] -- Searching for dependencies of gz-sensors7
[1.022s] -- Looking for gz-math7 -- found version 7.5.1
[1.022s] -- Looking for gz-common5 -- found version 5.7.1
[1.023s] -- Looking for gz-transport12 -- found version 12.2.2
[1.023s] -- Looking for gz-rendering7 -- found version 7.5.0
[1.023s] -- Looking for gz-msgs9 -- found version 9.5.1
[1.024s] -- Looking for sdformat13 -- found version 13.9.0
[1.024s] -- Searching for <gz-sensors7> component [air_pressure]
[1.025s] -- Looking for gz-sensors7-air_pressure -- found version 7.3.1
[1.025s] -- Searching for dependencies of gz-sensors7-air_pressure
[1.026s] -- Searching for <gz-sensors7> component [air_speed]
[1.026s] -- Looking for gz-sensors7-air_speed -- found version 7.3.1
[1.027s] -- Searching for dependencies of gz-sensors7-air_speed
[1.027s] -- Searching for <gz-sensors7> component [altimeter]
[1.028s] -- Looking for gz-sensors7-altimeter -- found version 7.3.1
[1.028s] -- Searching for dependencies of gz-sensors7-altimeter
[1.028s] -- Searching for <gz-sensors7> component [imu]
[1.029s] -- Looking for gz-sensors7-imu -- found version 7.3.1
[1.029s] -- Searching for dependencies of gz-sensors7-imu
[1.030s] -- Searching for <gz-sensors7> component [force_torque]
[1.030s] -- Looking for gz-sensors7-force_torque -- found version 7.3.1
[1.031s] -- Searching for dependencies of gz-sensors7-force_torque
[1.031s] -- Searching for <gz-sensors7> component [logical_camera]
[1.031s] -- Looking for gz-sensors7-logical_camera -- found version 7.3.1
[1.032s] -- Searching for dependencies of gz-sensors7-logical_camera
[1.032s] -- Searching for <gz-sensors7> component [magnetometer]
[1.033s] -- Looking for gz-sensors7-magnetometer -- found version 7.3.1
[1.033s] -- Searching for dependencies of gz-sensors7-magnetometer
[1.034s] -- Searching for <gz-sensors7> component [navsat]
[1.034s] -- Looking for gz-sensors7-navsat -- found version 7.3.1
[1.034s] -- Searching for dependencies of gz-sensors7-navsat
[1.035s] -- Searching for <gz-sensors7> component [rendering]
[1.035s] -- Looking for gz-sensors7-rendering -- found version 7.3.1
[1.036s] -- Searching for dependencies of gz-sensors7-rendering
[1.036s] -- Searching for <gz-sensors7> component [lidar]
[1.037s] -- Looking for gz-sensors7-lidar -- found version 7.3.1
[1.037s] -- Searching for dependencies of gz-sensors7-lidar
[1.037s] -- Looking for gz-sensors7 -- found version 7.3.1
[1.038s] -- Searching for <gz-sensors7> component [gpu_lidar]
[1.038s] -- Looking for gz-sensors7-gpu_lidar -- found version 7.3.1
[1.039s] -- Searching for dependencies of gz-sensors7-gpu_lidar
[1.039s] -- Looking for gz-sensors7 -- found version 7.3.1
[1.039s] -- Searching for <gz-sensors7> component [camera]
[1.040s] -- Looking for gz-sensors7-camera -- found version 7.3.1
[1.040s] -- Searching for dependencies of gz-sensors7-camera
[1.040s] -- Looking for gz-sensors7 -- found version 7.3.1
[1.041s] -- Searching for <gz-sensors7> component [boundingbox_camera]
[1.042s] -- Looking for gz-sensors7-boundingbox_camera -- found version 7.3.1
[1.042s] -- Searching for dependencies of gz-sensors7-boundingbox_camera
[1.043s] -- Searching for <gz-sensors7> component [segmentation_camera]
[1.043s] -- Looking for gz-sensors7-segmentation_camera -- found version 7.3.1
[1.043s] -- Searching for dependencies of gz-sensors7-segmentation_camera
[1.044s] -- Searching for <gz-sensors7> component [depth_camera]
[1.044s] -- Looking for gz-sensors7-depth_camera -- found version 7.3.1
[1.045s] -- Searching for dependencies of gz-sensors7-depth_camera
[1.045s] -- Looking for gz-sensors7 -- found version 7.3.1
[1.045s] -- Searching for <gz-sensors7> component [rgbd_camera]
[1.046s] -- Looking for gz-sensors7-rgbd_camera -- found version 7.3.1
[1.046s] -- Searching for dependencies of gz-sensors7-rgbd_camera
[1.046s] -- Looking for gz-sensors7 -- found version 7.3.1
[1.047s] -- Searching for <gz-sensors7> component [thermal_camera]
[1.047s] -- Looking for gz-sensors7-thermal_camera -- found version 7.3.1
[1.048s] -- Searching for dependencies of gz-sensors7-thermal_camera
[1.048s] -- Looking for gz-sensors7 -- found version 7.3.1
[1.049s] -- Searching for <gz-sensors7> component [wide_angle_camera]
[1.049s] -- Looking for gz-sensors7-wide_angle_camera -- found version 7.3.1
[1.049s] -- Searching for dependencies of gz-sensors7-wide_angle_camera
[1.050s] -- Looking for gz-rendering7 -- found version 7.5.0
[1.050s] -- Looking for gz-math7 -- found version 7.5.1
[1.051s] -- Looking for gz-utils2 -- found version 2.2.1
[1.070s] -- Looking for gz-sim7 - found
[1.070s] 
[1.071s] -- Looking for sdformat13 -- found version 13.9.0
[1.071s] -- Looking for sdformat13 - found
[1.071s] 
[1.071s] -- Compiling against Gazebo Garden
[1.109s] -- Checking for module 'OGRE-RTShaderSystem >= 1.9'
[1.118s] --   Found OGRE-RTShaderSystem , version 1.9.0
[1.143s] -- Checking for module 'OGRE-Terrain >= 1.9'
[1.151s] --   Found OGRE-Terrain , version 1.9.0
[1.177s] -- Checking for module 'OGRE-Overlay >= 1.9'
[1.186s] --   Found OGRE-Overlay , version 1.9.0
[1.211s] -- Checking for module 'OGRE-Paging >= 1.9'
[1.219s] --   Found OGRE-Paging , version 1.9.0
[1.243s] -- Looking for GzOGRE - found
[1.243s] 
[1.247s] -- Looking for OGRE using the name: OGRE2
[1.282s] --   + component HlmsPbs: found
[1.283s] --   + component HlmsUnlit: found
[1.283s] --   + component Overlay: found
[1.283s] --   + component PlanarReflections: found
[1.284s] -- Looking for GzOGRE2 - found
[1.284s] 
[1.285s] [33mCMake Warning at /usr/lib/x86_64-linux-gnu/cmake/CGAL/CGALConfig.cmake:92 (message):
[1.286s]   CGAL_DATA_DIR cannot be deduced, set the variable CGAL_DATA_DIR to set the
[1.286s]   default value of CGAL::data_file_path()
[1.286s] Call Stack (most recent call first):
[1.286s]   CMakeLists.txt:168 (find_package)
[1.286s] 
[1.286s] [0m
[1.287s] -- Using header-only CGAL
[1.289s] -- Targetting Unix Makefiles
[1.289s] -- Using /usr/bin/c++ compiler.
[1.294s] -- Found Boost: /usr/lib/x86_64-linux-gnu/cmake/Boost-1.74.0/BoostConfig.cmake (found suitable version "1.74.0", minimum required is "1.48")  
[1.295s] -- Boost include dirs: /usr/include
[1.295s] -- Boost libraries:    
[1.295s] -- Using gcc version 4 or later. Adding -frounding-math
[1.297s] -- Build type: RelWithDebInfo
[1.297s] -- USING CXXFLAGS = ' -O2 -g -DNDEBUG'
[1.297s] -- USING EXEFLAGS = ' '
[1.297s] -- Requested component: Core
[1.302s] -- 
[1.302s] -- Searching for host SSE information
[1.334s] -- SSE2 found
[1.334s] -- SSE3 found
[1.334s] -- SSE4.1 found
[1.334s] -- SSE4.2 found
[1.351s] -- Configuring library: gz-waves1-dynamic-geometry-system
[1.356s] -- Configuring library: gz-waves1-hydrodynamics-system
[1.360s] -- Configuring library: gz-waves1-rendering
[1.363s] -- Configuring library: gz-waves1-rendering-ogre2
[1.366s] -- Configuring library: gz-waves1-waves-visual-system
[1.368s] -- Configuring library: gz-waves1-waves-model-system
[1.371s] -- Configuring library: gz-waves1
[1.374s] -- Adding 13 UNIT tests
[1.449s] -- Adding 7 PERFORMANCE tests
[1.508s] -- Found Boost: /usr/lib/x86_64-linux-gnu/cmake/Boost-1.74.0/BoostConfig.cmake (found version "1.74.0") found components: iostreams 
[1.564s] -- Adding codecheck target
[1.564s] -- Build configuration successful
[1.564s] -- Build type: RelWithDebInfo
[1.564s] -- Install prefix: /home/blueboat_sitl/gz_ws/install
[1.564s] -- Configuring done
[1.697s] -- Generating done
[1.725s] -- Build files have been written to: /home/blueboat_sitl/gz_ws/build/gz-waves1
[1.739s] Invoked command in '/home/blueboat_sitl/gz_ws/build/gz-waves1' returned '0': /usr/bin/cmake /home/blueboat_sitl/gz_ws/src/asv_wave_sim/gz-waves -DCMAKE_BUILD_TYPE=RelWithDebInfo -DCMAKE_INSTALL_PREFIX=/home/blueboat_sitl/gz_ws/install
[1.740s] Invoking command in '/home/blueboat_sitl/gz_ws/build/gz-waves1': /usr/bin/cmake --build /home/blueboat_sitl/gz_ws/build/gz-waves1 -- -j12 -l12
[1.773s] [35m[1mConsolidate compiler generated dependencies of target gtest[0m
[1.788s] [  2%] Built target gtest
[1.796s] [35m[1mConsolidate compiler generated dependencies of target gz-waves1[0m
[1.796s] [35m[1mConsolidate compiler generated dependencies of target gtest_main[0m
[1.806s] [  4%] Built target gtest_main
[1.912s] [ 26%] Built target gz-waves1
[1.925s] [35m[1mConsolidate compiler generated dependencies of target UNIT_Algorithm_TEST[0m
[1.925s] [35m[1mConsolidate compiler generated dependencies of target UNIT_EigenFFTW_TEST[0m
[1.930s] [35m[1mConsolidate compiler generated dependencies of target UNIT_LinearRandomFFTWaveSimulation_TEST[0m
[1.930s] [35m[1mConsolidate compiler generated dependencies of target UNIT_Grid_TEST[0m
[1.930s] [35m[1mConsolidate compiler generated dependencies of target UNIT_WaveSpectrum_TEST[0m
[1.930s] [35m[1mConsolidate compiler generated dependencies of target UNIT_Geometry_TEST[0m
[1.930s] [35m[1mConsolidate compiler generated dependencies of target UNIT_Physics_TEST[0m
[1.930s] [35m[1mConsolidate compiler generated dependencies of target UNIT_Wavefield_TEST[0m
[1.930s] [35m[1mConsolidate compiler generated dependencies of target UNIT_CGAL_TEST[0m
[1.930s] [35m[1mConsolidate compiler generated dependencies of target UNIT_MeshTools_TEST[0m
[1.930s] [35m[1mConsolidate compiler generated dependencies of target UNIT_LinearRegularWaveSimulation_TEST[0m
[1.931s] [35m[1mConsolidate compiler generated dependencies of target UNIT_TriangulatedGrid_TEST[0m
[1.943s] [ 29%] Built target UNIT_EigenFFTW_TEST
[1.948s] [ 30%] Built target UNIT_Algorithm_TEST
[1.949s] [ 32%] Built target UNIT_WaveSpectrum_TEST
[1.954s] [ 34%] Built target UNIT_LinearRandomFFTWaveSimulation_TEST
[1.961s] [35m[1mConsolidate compiler generated dependencies of target UNIT_WaveSpreadingFunction_TEST[0m
[1.964s] [ 37%] Built target UNIT_Wavefield_TEST
[1.964s] [ 38%] Built target UNIT_Geometry_TEST
[1.966s] [35m[1mConsolidate compiler generated dependencies of target gz-waves1-dynamic-geometry-system[0m
[1.966s] [ 40%] Built target UNIT_Grid_TEST
[1.969s] [ 43%] Built target UNIT_TriangulatedGrid_TEST
[1.969s] [35m[1mConsolidate compiler generated dependencies of target gz-waves1-hydrodynamics-system[0m
[1.971s] [ 44%] Built target UNIT_LinearRegularWaveSimulation_TEST
[1.973s] [ 46%] Built target UNIT_Physics_TEST
[1.977s] [35m[1mConsolidate compiler generated dependencies of target PERFORMANCE_EigenReturnByValue[0m
[1.977s] [35m[1mConsolidate compiler generated dependencies of target gz-waves1-waves-model-system[0m
[1.978s] [ 47%] Built target UNIT_WaveSpreadingFunction_TEST
[1.980s] [ 49%] Built target UNIT_CGAL_TEST
[1.981s] [35m[1mConsolidate compiler generated dependencies of target PERFORMANCE_LinearRandomFFTWaveSimCurrentAmplitudes[0m
[1.981s] [35m[1mConsolidate compiler generated dependencies of target PERFORMANCE_LinearRandomFFTWaveSimBaseAmplitudes[0m
[1.982s] [ 51%] Built target UNIT_MeshTools_TEST
[1.984s] [35m[1mConsolidate compiler generated dependencies of target PERFORMANCE_LinearRandomFFTWaveSimDisplacements[0m
[1.986s] [35m[1mConsolidate compiler generated dependencies of target PERFORMANCE_LinearRandomFFTWaveSimElevationAt[0m
[1.989s] [35m[1mConsolidate compiler generated dependencies of target gz-waves1-rendering[0m
[1.992s] [35m[1mConsolidate compiler generated dependencies of target PERFORMANCE_WaveSpectrumECKV[0m
[1.996s] [35m[1mConsolidate compiler generated dependencies of target PLOT_GnuPlotExample[0m
[1.997s] [35m[1mConsolidate compiler generated dependencies of target PERFORMANCE_LinearRegularWaveSimDisplacements[0m
[1.997s] [ 53%] Built target PERFORMANCE_EigenReturnByValue
[2.002s] [ 55%] Built target PERFORMANCE_LinearRandomFFTWaveSimCurrentAmplitudes
[2.003s] [ 56%] Built target PERFORMANCE_LinearRandomFFTWaveSimBaseAmplitudes
[2.004s] [ 59%] Built target gz-waves1-waves-model-system
[2.007s] [ 61%] Built target PERFORMANCE_LinearRandomFFTWaveSimDisplacements
[2.009s] [ 63%] Built target PERFORMANCE_LinearRandomFFTWaveSimElevationAt
[2.012s] [35m[1mConsolidate compiler generated dependencies of target PLOT_LinearRandomFFTWaves[0m
[2.012s] [ 67%] Built target PERFORMANCE_WaveSpectrumECKV
[2.012s] [ 67%] Built target gz-waves1-dynamic-geometry-system
[2.013s] [ 72%] Built target gz-waves1-hydrodynamics-system
[2.013s] [ 72%] Built target PERFORMANCE_LinearRegularWaveSimDisplacements
[2.014s] [35m[1mConsolidate compiler generated dependencies of target PLOT_LinearRegularWaves[0m
[2.016s] [35m[1mConsolidate compiler generated dependencies of target PLOT_LinearRandomWaves[0m
[2.017s] [ 73%] Built target PLOT_GnuPlotExample
[2.019s] [35m[1mConsolidate compiler generated dependencies of target PLOT_WaveSpectrum[0m
[2.028s] [ 75%] Built target PLOT_LinearRandomFFTWaves
[2.030s] [ 79%] Built target PLOT_LinearRandomWaves
[2.030s] [ 79%] Built target PLOT_LinearRegularWaves
[2.033s] [ 81%] Built target PLOT_WaveSpectrum
[2.044s] [ 91%] Built target gz-waves1-rendering
[2.054s] [35m[1mConsolidate compiler generated dependencies of target gz-waves1-waves-visual-system[0m
[2.060s] [35m[1mConsolidate compiler generated dependencies of target gz-waves1-rendering-ogre2[0m
[2.079s] [ 93%] Built target gz-waves1-waves-visual-system
[2.100s] [100%] Built target gz-waves1-rendering-ogre2
[2.109s] Invoked command in '/home/blueboat_sitl/gz_ws/build/gz-waves1' returned '0': /usr/bin/cmake --build /home/blueboat_sitl/gz_ws/build/gz-waves1 -- -j12 -l12
[2.117s] Invoking command in '/home/blueboat_sitl/gz_ws/build/gz-waves1': /usr/bin/cmake --install /home/blueboat_sitl/gz_ws/build/gz-waves1
[2.122s] -- Install configuration: "RelWithDebInfo"
[2.123s] -- Up-to-date: /home/blueboat_sitl/gz_ws/install/lib/cmake/gz-waves1-all/gz-waves1-all-config.cmake
[2.123s] -- Up-to-date: /home/blueboat_sitl/gz_ws/install/lib/cmake/gz-waves1-all/gz-waves1-all-config-version.cmake
[2.123s] -- Up-to-date: /home/blueboat_sitl/gz_ws/install/lib/cmake/gz-waves1-all/gz-waves1-all-targets.cmake
[2.124s] -- Up-to-date: /home/blueboat_sitl/gz_ws/install/include/gz/waves1/gz/waves/detail/Export.hh
[2.124s] -- Up-to-date: /home/blueboat_sitl/gz_ws/install/include/gz/waves1/gz/waves/Export.hh
[2.124s] -- Up-to-date: /home/blueboat_sitl/gz_ws/install/lib/libgz-waves1.so.1.0.0
[2.124s] -- Up-to-date: /home/blueboat_sitl/gz_ws/install/lib/libgz-waves1.so.1
[2.125s] -- Up-to-date: /home/blueboat_sitl/gz_ws/install/lib/libgz-waves1.so
[2.125s] -- Up-to-date: /home/blueboat_sitl/gz_ws/install/lib/cmake/gz-waves1/gz-waves1-config.cmake
[2.125s] -- Up-to-date: /home/blueboat_sitl/gz_ws/install/lib/cmake/gz-waves1/gz-waves1-config-version.cmake
[2.125s] -- Up-to-date: /home/blueboat_sitl/gz_ws/install/lib/cmake/gz-waves1/gz-waves1-targets.cmake
[2.125s] -- Up-to-date: /home/blueboat_sitl/gz_ws/install/lib/cmake/gz-waves1/gz-waves1-targets-relwithdebinfo.cmake
[2.125s] -- Up-to-date: /home/blueboat_sitl/gz_ws/install/lib/pkgconfig/gz-waves1.pc
[2.126s] -- Up-to-date: /home/blueboat_sitl/gz_ws/install/include/gz/waves1/gz/waves/dynamic-geometry-system/detail/Export.hh
[2.126s] -- Up-to-date: /home/blueboat_sitl/gz_ws/install/include/gz/waves1/gz/waves/dynamic-geometry-system/Export.hh
[2.126s] -- Up-to-date: /home/blueboat_sitl/gz_ws/install/lib/libgz-waves1-dynamic-geometry-system.so.1.0.0
[2.126s] -- Up-to-date: /home/blueboat_sitl/gz_ws/install/lib/libgz-waves1-dynamic-geometry-system.so.1
[2.126s] -- Up-to-date: /home/blueboat_sitl/gz_ws/install/lib/libgz-waves1-dynamic-geometry-system.so
[2.126s] -- Up-to-date: /home/blueboat_sitl/gz_ws/install/lib/cmake/gz-waves1-dynamic-geometry-system/gz-waves1-dynamic-geometry-system-config.cmake
[2.127s] -- Up-to-date: /home/blueboat_sitl/gz_ws/install/lib/cmake/gz-waves1-dynamic-geometry-system/gz-waves1-dynamic-geometry-system-config-version.cmake
[2.127s] -- Up-to-date: /home/blueboat_sitl/gz_ws/install/lib/cmake/gz-waves1-dynamic-geometry-system/gz-waves1-dynamic-geometry-system-targets.cmake
[2.127s] -- Up-to-date: /home/blueboat_sitl/gz_ws/install/lib/cmake/gz-waves1-dynamic-geometry-system/gz-waves1-dynamic-geometry-system-targets-relwithdebinfo.cmake
[2.127s] -- Up-to-date: /home/blueboat_sitl/gz_ws/install/lib/pkgconfig/gz-waves1-dynamic-geometry-system.pc
[2.127s] -- Up-to-date: /home/blueboat_sitl/gz_ws/install/include/gz/waves1/gz/waves/hydrodynamics-system/detail/Export.hh
[2.127s] -- Up-to-date: /home/blueboat_sitl/gz_ws/install/include/gz/waves1/gz/waves/hydrodynamics-system/Export.hh
[2.128s] -- Up-to-date: /home/blueboat_sitl/gz_ws/install/lib/libgz-waves1-hydrodynamics-system.so.1.0.0
[2.128s] -- Up-to-date: /home/blueboat_sitl/gz_ws/install/lib/libgz-waves1-hydrodynamics-system.so.1
[2.128s] -- Up-to-date: /home/blueboat_sitl/gz_ws/install/lib/libgz-waves1-hydrodynamics-system.so
[2.128s] -- Up-to-date: /home/blueboat_sitl/gz_ws/install/lib/cmake/gz-waves1-hydrodynamics-system/gz-waves1-hydrodynamics-system-config.cmake
[2.128s] -- Up-to-date: /home/blueboat_sitl/gz_ws/install/lib/cmake/gz-waves1-hydrodynamics-system/gz-waves1-hydrodynamics-system-config-version.cmake
[2.128s] -- Up-to-date: /home/blueboat_sitl/gz_ws/install/lib/cmake/gz-waves1-hydrodynamics-system/gz-waves1-hydrodynamics-system-targets.cmake
[2.128s] -- Up-to-date: /home/blueboat_sitl/gz_ws/install/lib/cmake/gz-waves1-hydrodynamics-system/gz-waves1-hydrodynamics-system-targets-relwithdebinfo.cmake
[2.128s] -- Up-to-date: /home/blueboat_sitl/gz_ws/install/lib/pkgconfig/gz-waves1-hydrodynamics-system.pc
[2.129s] -- Up-to-date: /home/blueboat_sitl/gz_ws/install/include/gz/waves1/gz/waves/rendering/detail/Export.hh
[2.129s] -- Up-to-date: /home/blueboat_sitl/gz_ws/install/include/gz/waves1/gz/waves/rendering/Export.hh
[2.129s] -- Up-to-date: /home/blueboat_sitl/gz_ws/install/lib/libgz-waves1-rendering.so.1.0.0
[2.129s] -- Up-to-date: /home/blueboat_sitl/gz_ws/install/lib/libgz-waves1-rendering.so.1
[2.129s] -- Up-to-date: /home/blueboat_sitl/gz_ws/install/lib/libgz-waves1-rendering.so
[2.129s] -- Up-to-date: /home/blueboat_sitl/gz_ws/install/lib/cmake/gz-waves1-rendering/gz-waves1-rendering-config.cmake
[2.129s] -- Up-to-date: /home/blueboat_sitl/gz_ws/install/lib/cmake/gz-waves1-rendering/gz-waves1-rendering-config-version.cmake
[2.129s] -- Up-to-date: /home/blueboat_sitl/gz_ws/install/lib/cmake/gz-waves1-rendering/gz-waves1-rendering-targets.cmake
[2.129s] -- Up-to-date: /home/blueboat_sitl/gz_ws/install/lib/cmake/gz-waves1-rendering/gz-waves1-rendering-targets-relwithdebinfo.cmake
[2.129s] -- Up-to-date: /home/blueboat_sitl/gz_ws/install/lib/pkgconfig/gz-waves1-rendering.pc
[2.130s] -- Up-to-date: /home/blueboat_sitl/gz_ws/install/include/gz/waves1/gz/waves/rendering-ogre2/detail/Export.hh
[2.130s] -- Up-to-date: /home/blueboat_sitl/gz_ws/install/include/gz/waves1/gz/waves/rendering-ogre2/Export.hh
[2.130s] -- Up-to-date: /home/blueboat_sitl/gz_ws/install/lib/libgz-waves1-rendering-ogre2.so.1.0.0
[2.130s] -- Up-to-date: /home/blueboat_sitl/gz_ws/install/lib/libgz-waves1-rendering-ogre2.so.1
[2.130s] -- Up-to-date: /home/blueboat_sitl/gz_ws/install/lib/libgz-waves1-rendering-ogre2.so
[2.130s] -- Up-to-date: /home/blueboat_sitl/gz_ws/install/lib/cmake/gz-waves1-rendering-ogre2/gz-waves1-rendering-ogre2-config.cmake
[2.130s] -- Up-to-date: /home/blueboat_sitl/gz_ws/install/lib/cmake/gz-waves1-rendering-ogre2/gz-waves1-rendering-ogre2-config-version.cmake
[2.130s] -- Up-to-date: /home/blueboat_sitl/gz_ws/install/lib/cmake/gz-waves1-rendering-ogre2/gz-waves1-rendering-ogre2-targets.cmake
[2.131s] -- Up-to-date: /home/blueboat_sitl/gz_ws/install/lib/cmake/gz-waves1-rendering-ogre2/gz-waves1-rendering-ogre2-targets-relwithdebinfo.cmake
[2.131s] -- Up-to-date: /home/blueboat_sitl/gz_ws/install/lib/pkgconfig/gz-waves1-rendering-ogre2.pc
[2.131s] -- Up-to-date: /home/blueboat_sitl/gz_ws/install/include/gz/waves1/gz/waves/waves-visual-system/detail/Export.hh
[2.131s] -- Up-to-date: /home/blueboat_sitl/gz_ws/install/include/gz/waves1/gz/waves/waves-visual-system/Export.hh
[2.131s] -- Up-to-date: /home/blueboat_sitl/gz_ws/install/lib/libgz-waves1-waves-visual-system.so.1.0.0
[2.131s] -- Up-to-date: /home/blueboat_sitl/gz_ws/install/lib/libgz-waves1-waves-visual-system.so.1
[2.131s] -- Up-to-date: /home/blueboat_sitl/gz_ws/install/lib/libgz-waves1-waves-visual-system.so
[2.131s] -- Up-to-date: /home/blueboat_sitl/gz_ws/install/lib/cmake/gz-waves1-waves-visual-system/gz-waves1-waves-visual-system-config.cmake
[2.131s] -- Up-to-date: /home/blueboat_sitl/gz_ws/install/lib/cmake/gz-waves1-waves-visual-system/gz-waves1-waves-visual-system-config-version.cmake
[2.131s] -- Up-to-date: /home/blueboat_sitl/gz_ws/install/lib/cmake/gz-waves1-waves-visual-system/gz-waves1-waves-visual-system-targets.cmake
[2.131s] -- Up-to-date: /home/blueboat_sitl/gz_ws/install/lib/cmake/gz-waves1-waves-visual-system/gz-waves1-waves-visual-system-targets-relwithdebinfo.cmake
[2.131s] -- Up-to-date: /home/blueboat_sitl/gz_ws/install/lib/pkgconfig/gz-waves1-waves-visual-system.pc
[2.132s] -- Up-to-date: /home/blueboat_sitl/gz_ws/install/include/gz/waves1/gz/waves/waves-model-system/detail/Export.hh
[2.132s] -- Up-to-date: /home/blueboat_sitl/gz_ws/install/include/gz/waves1/gz/waves/waves-model-system/Export.hh
[2.132s] -- Up-to-date: /home/blueboat_sitl/gz_ws/install/lib/libgz-waves1-waves-model-system.so.1.0.0
[2.132s] -- Up-to-date: /home/blueboat_sitl/gz_ws/install/lib/libgz-waves1-waves-model-system.so.1
[2.132s] -- Up-to-date: /home/blueboat_sitl/gz_ws/install/lib/libgz-waves1-waves-model-system.so
[2.132s] -- Up-to-date: /home/blueboat_sitl/gz_ws/install/lib/cmake/gz-waves1-waves-model-system/gz-waves1-waves-model-system-config.cmake
[2.132s] -- Up-to-date: /home/blueboat_sitl/gz_ws/install/lib/cmake/gz-waves1-waves-model-system/gz-waves1-waves-model-system-config-version.cmake
[2.132s] -- Up-to-date: /home/blueboat_sitl/gz_ws/install/lib/cmake/gz-waves1-waves-model-system/gz-waves1-waves-model-system-targets.cmake
[2.132s] -- Up-to-date: /home/blueboat_sitl/gz_ws/install/lib/cmake/gz-waves1-waves-model-system/gz-waves1-waves-model-system-targets-relwithdebinfo.cmake
[2.133s] -- Up-to-date: /home/blueboat_sitl/gz_ws/install/lib/pkgconfig/gz-waves1-waves-model-system.pc
[2.133s] -- Up-to-date: /home/blueboat_sitl/gz_ws/install/include/gz/waves1/gz/waves/components/Wavefield.hh
[2.133s] -- Up-to-date: /home/blueboat_sitl/gz_ws/install/include/gz/waves1/gz/waves/Algorithm.hh
[2.133s] -- Up-to-date: /home/blueboat_sitl/gz_ws/install/include/gz/waves1/gz/waves/CGALTypes.hh
[2.133s] -- Up-to-date: /home/blueboat_sitl/gz_ws/install/include/gz/waves1/gz/waves/Convert.hh
[2.133s] -- Up-to-date: /home/blueboat_sitl/gz_ws/install/include/gz/waves1/gz/waves/Geometry.hh
[2.133s] -- Up-to-date: /home/blueboat_sitl/gz_ws/install/include/gz/waves1/gz/waves/Grid.hh
[2.133s] -- Up-to-date: /home/blueboat_sitl/gz_ws/install/include/gz/waves1/gz/waves/LinearRandomFFTWaveSimulation.hh
[2.133s] -- Up-to-date: /home/blueboat_sitl/gz_ws/install/include/gz/waves1/gz/waves/LinearRandomWaveSimulation.hh
[2.133s] -- Up-to-date: /home/blueboat_sitl/gz_ws/install/include/gz/waves1/gz/waves/LinearRegularWaveSimulation.hh
[2.133s] -- Up-to-date: /home/blueboat_sitl/gz_ws/install/include/gz/waves1/gz/waves/MeshTools.hh
[2.133s] -- Up-to-date: /home/blueboat_sitl/gz_ws/install/include/gz/waves1/gz/waves/OceanTile.hh
[2.133s] -- Up-to-date: /home/blueboat_sitl/gz_ws/install/include/gz/waves1/gz/waves/PhysicalConstants.hh
[2.133s] -- Up-to-date: /home/blueboat_sitl/gz_ws/install/include/gz/waves1/gz/waves/Physics.hh
[2.134s] -- Up-to-date: /home/blueboat_sitl/gz_ws/install/include/gz/waves1/gz/waves/TriangulatedGrid.hh
[2.134s] -- Up-to-date: /home/blueboat_sitl/gz_ws/install/include/gz/waves1/gz/waves/TrochoidIrregularWaveSimulation.hh
[2.134s] -- Up-to-date: /home/blueboat_sitl/gz_ws/install/include/gz/waves1/gz/waves/Types.hh
[2.134s] -- Up-to-date: /home/blueboat_sitl/gz_ws/install/include/gz/waves1/gz/waves/Utilities.hh
[2.134s] -- Up-to-date: /home/blueboat_sitl/gz_ws/install/include/gz/waves1/gz/waves/WaveParameters.hh
[2.134s] -- Up-to-date: /home/blueboat_sitl/gz_ws/install/include/gz/waves1/gz/waves/WaveSimulation.hh
[2.134s] -- Up-to-date: /home/blueboat_sitl/gz_ws/install/include/gz/waves1/gz/waves/WaveSpectrum.hh
[2.134s] -- Up-to-date: /home/blueboat_sitl/gz_ws/install/include/gz/waves1/gz/waves/WaveSpreadingFunction.hh
[2.134s] -- Up-to-date: /home/blueboat_sitl/gz_ws/install/include/gz/waves1/gz/waves/Wavefield.hh
[2.134s] -- Up-to-date: /home/blueboat_sitl/gz_ws/install/include/gz/waves1/gz/waves/WavefieldSampler.hh
[2.134s] -- Up-to-date: /home/blueboat_sitl/gz_ws/install/include/gz/waves1/gz/waves.hh
[2.134s] -- Up-to-date: /home/blueboat_sitl/gz_ws/install/include/gz/waves1/gz/waves/config.hh
[2.134s] -- Up-to-date: /home/blueboat_sitl/gz_ws/install/include/gz/waves1/gz/waves/components.hh
[2.134s] -- Up-to-date: /home/blueboat_sitl/gz_ws/install/bin/PLOT_GnuPlotExample
[2.135s] -- Up-to-date: /home/blueboat_sitl/gz_ws/install/bin/PLOT_LinearRandomFFTWaves
[2.135s] -- Up-to-date: /home/blueboat_sitl/gz_ws/install/bin/PLOT_LinearRandomWaves
[2.136s] -- Up-to-date: /home/blueboat_sitl/gz_ws/install/bin/PLOT_LinearRegularWaves
[2.136s] -- Up-to-date: /home/blueboat_sitl/gz_ws/install/bin/PLOT_WaveSpectrum
[2.138s] Invoked command in '/home/blueboat_sitl/gz_ws/build/gz-waves1' returned '0': /usr/bin/cmake --install /home/blueboat_sitl/gz_ws/build/gz-waves1
